16.548338, 17.121647, 10.897587, 14.777578, 0.271114, 8.355460, 2.463727, 101720.000000, 1079999.000000, 17484272.583333, 351939.000000, 369394.000000
8.692361, 8.873178, 8.710259, 11.774832, 0.239173, 8.355460, 2.499549, 94496.000000, 664150.000000, 9364627.766667, 523162.000000, 559981.000000
7.381623, 7.525730, 7.528690, 10.264435, 0.220775, 7.350185, 2.468419, 89605.000000, 546328.000000, 6732795.816667, 683335.000000, 708625.000000
8.402682, 8.541810, 7.660284, 10.248685, 0.220775, 6.802342, 2.418020, 87752.000000, 640180.000000, 8537803.533333, 868257.000000, 900628.000000
9.902399, 10.154004, 9.750573, 12.933396, 0.552660, 7.210004, 2.532654, 85664.000000, 660436.000000, 10304722.050000, 1043299.000000, 1085227.000000
9.818961, 10.045581, 8.671064, 11.554574, 0.551780, 7.151257, 2.518486, 92147.000000, 705972.000000, 10134901.350000, 1242150.000000, 1285647.000000
11.548591, 11.858179, 10.682152, 13.881608, 0.517883, 9.455349, 2.646406, 91211.000000, 715818.000000, 11463271.600000, 1434239.000000, 1476873.000000
8.379015, 8.592339, 8.323726, 11.371294, 0.480953, 9.455349, 2.618267, 84815.000000, 613573.000000, 8840482.116667, 1608124.000000, 1657459.000000
6.539665, 6.802863, 7.279132, 10.148879, 0.433201, 9.455349, 2.572496, 86581.000000, 631387.000000, 9499311.166667, 1743658.000000, 1829327.000000
9.799405, 9.876560, 9.371901, 12.150911, 0.454701, 9.455349, 2.601383, 85856.000000, 539300.000000, 6862854.950000, 1925417.000000, 1981135.000000
13.934778, 14.300702, 10.558313, 14.025488, 0.448674, 7.244020, 2.572933, 90077.000000, 896192.000000, 14423057.183333, 2196657.000000, 2262267.000000
8.878448, 9.085183, 8.263148, 11.129417, 0.495971, 7.244020, 2.534754, 86628.000000, 638270.000000, 8947129.633333, 2382962.000000, 2450485.000000
6.815736, 7.089158, 7.685821, 10.637411, 0.413664, 7.244020, 2.524902, 87568.000000, 591846.000000, 8517445.983333, 2517855.000000, 2606729.000000
8.316586, 8.430657, 8.320337, 11.210211, 0.559810, 7.244020, 2.523104, 88156.000000, 591562.000000, 8031839.433333, 2684130.000000, 2771193.000000
7.760370, 7.858177, 8.384578, 11.084105, 0.528478, 7.685359, 2.533281, 84589.000000, 526792.000000, 6836156.500000, 2834442.000000, 2913876.000000
12.931834, 13.391407, 11.344243, 14.807818, 0.474108, 8.316664, 2.704563, 87603.000000, 776064.000000, 13466181.716667, 3040582.000000, 3126241.000000
17.081180, 17.586095, 13.487668, 16.620234, 0.602532, 10.395297, 2.982164, 83506.000000, 944736.000000, 18032580.166667, 3269452.000000, 3366234.000000
19.280089, 19.795746, 13.496559, 16.955186, 0.684544, 10.021835, 3.010773, 82341.000000, 1050819.000000, 19756655.600000, 3564780.000000, 3664935.000000
5.304812, 5.385152, 6.386107, 8.704339, 0.500029, 10.021835, 2.868071, 82056.000000, 458530.000000, 5221019.400000, 3680094.000000, 3780507.000000
6.788218, 6.924560, 7.132183, 9.673808, 0.500029, 9.468374, 2.693244, 81364.000000, 535872.000000, 6867594.066667, 3830249.000000, 3934069.000000
6.358822, 6.671814, 7.047730, 9.726887, 0.510788, 7.234678, 2.579527, 85943.000000, 538079.000000, 6847314.300000, 3967477.000000, 4081626.000000
7.171793, 7.141831, 7.188023, 9.665156, 0.473201, 7.234678, 2.468342, 86242.000000, 551557.000000, 6821972.483333, 4128129.000000, 4240878.000000
5.743371, 5.847018, 6.778507, 9.247717, 0.450451, 6.556934, 2.420648, 83186.000000, 487970.000000, 5830624.533333, 4251526.000000, 4369506.000000
6.843841, 6.952611, 7.791801, 10.517385, 0.454268, 6.422427, 2.427841, 82442.000000, 511026.000000, 6722885.033333, 4386483.000000, 4501908.000000
7.013510, 7.188832, 7.332992, 9.922417, 0.523031, 6.270240, 2.419868, 82356.000000, 554133.000000, 7282591.783333, 4536151.000000, 4658799.000000
5.813476, 5.911085, 6.606017, 9.014254, 0.451501, 6.270240, 2.403524, 80217.000000, 484916.000000, 5890787.516667, 4664690.000000, 4792023.000000
4.796844, 4.848772, 6.187584, 8.431352, 0.426295, 5.789991, 2.384303, 82163.000000, 437400.000000, 4772901.500000, 4766815.000000, 4898302.000000
8.068554, 8.519790, 7.948824, 10.937651, 0.426647, 5.789991, 2.388084, 83168.000000, 617944.000000, 8931250.283333, 4936355.000000, 5074971.000000
6.983148, 6.892889, 7.770967, 10.329619, 0.426647, 6.286137, 2.432147, 82083.000000, 489475.000000, 6106454.900000, 5071479.000000, 5204876.000000
13.599749, 14.115747, 11.089745, 14.613292, 0.427174, 7.941527, 2.587883, 83204.000000, 1392114.000000, 25331815.900000, 5318543.000000, 5619354.000000
19.552510, 19.945843, 12.124973, 15.309613, 0.436436, 7.077361, 2.655607, 82704.000000, 626989.000000, 9032881.316667, 5647281.000000, 5805679.000000
7.210974, 7.314336, 7.294140, 9.827021, 0.433798, 7.077361, 2.577797, 82944.000000, 528634.000000, 6644167.250000, 5806585.000000, 5955511.000000
4.694264, 4.762076, 6.141890, 8.377810, 0.519761, 6.577501, 2.524816, 82311.000000, 436943.000000, 4819650.866667, 5905809.000000, 6060011.000000
4.830823, 4.902486, 6.071616, 8.321178, 0.479399, 5.873678, 2.463307, 81000.000000, 435133.000000, 4806106.566667, 6012550.000000, 6169506.000000
6.441777, 6.622201, 6.822308, 9.252431, 0.427163, 5.823078, 2.399927, 81390.000000, 528990.000000, 6709762.416667, 6159345.000000, 6323100.000000
5.558619, 5.678954, 6.605211, 9.085502, 0.427163, 5.810444, 2.371166, 85018.000000, 495215.000000, 6102869.716667, 6278887.000000, 6449212.000000
10.859282, 11.097537, 9.888908, 13.231316, 0.489021, 7.323784, 2.481276, 82267.000000, 686036.000000, 10824753.300000, 6481245.000000, 6655604.000000
5.587759, 5.670880, 6.631847, 9.013994, 0.436808, 7.323784, 2.468029, 80999.000000, 457339.000000, 5251559.516667, 6601586.000000, 6772436.000000
7.053247, 7.196188, 7.427920, 10.072828, 0.415768, 7.323784, 2.465038, 81248.000000, 546177.000000, 7326907.883333, 6752390.000000, 6931431.000000
13.647121, 14.084316, 11.070702, 14.600781, 0.503334, 6.642752, 2.605967, 80272.000000, 893423.000000, 15870346.750000, 6992671.000000, 7216312.000000
8.237771, 8.441470, 7.928937, 10.723010, 0.497718, 6.363391, 2.572032, 81927.000000, 541036.000000, 7196146.950000, 7169785.000000, 7373408.000000
8.110637, 8.209051, 7.878646, 10.637758, 0.567897, 5.541247, 2.522968, 80208.000000, 560029.000000, 7631313.300000, 7345511.000000, 7536968.000000
6.762582, 6.903455, 7.538761, 10.222200, 0.550294, 5.585607, 2.509959, 79593.000000, 504419.000000, 6615932.366667, 7481566.000000, 7673608.000000
4.387033, 4.455811, 6.108537, 8.330282, 0.508258, 5.585607, 2.484214, 74021.000000, 396520.000000, 4518974.716667, 7569678.000000, 7766084.000000
8.191604, 8.738308, 8.581307, 11.767991, 0.455768, 6.319589, 2.497926, 80996.000000, 607248.000000, 9041281.183333, 7733533.000000, 7945262.000000
14.764625, 14.807725, 9.998074, 12.593499, 0.577696, 6.703120, 2.476196, 81617.000000, 925779.000000, 14652456.133333, 8001240.000000, 8214255.000000
4.683993, 4.807182, 6.054575, 8.289188, 0.577696, 6.104937, 2.448508, 77210.000000, 428220.000000, 4933099.966667, 8103355.000000, 8322222.000000
8.628614, 8.776171, 8.682037, 11.664791, 0.513895, 6.046382, 2.490267, 78914.000000, 570207.000000, 8225658.316667, 8272451.000000, 8486836.000000
8.313515, 8.665486, 8.450257, 11.399393, 0.596680, 6.132874, 2.516223, 79458.000000, 586291.000000, 8527722.700000, 8437629.000000, 8655473.000000
7.836854, 8.003835, 7.532968, 10.192396, 0.546295, 6.132874, 2.482049, 76997.000000, 699343.000000, 10430138.800000, 8611900.000000, 8891272.000000
10.980092, 11.169684, 9.073234, 12.068903, 0.562531, 5.721512, 2.473530, 79087.000000, 631752.000000, 9254112.700000, 8842068.000000, 9082713.000000
20.812997, 21.477013, 15.012214, 18.748766, 0.621078, 11.270399, 3.007040, 77435.000000, 1038735.000000, 21463690.916667, 9110813.000000, 9349729.000000
5.336129, 5.384542, 6.443189, 8.730070, 0.608139, 10.575399, 2.943865, 77795.000000, 441688.000000, 5102064.733333, 9224816.000000, 9462378.000000
15.732041, 16.149867, 10.494208, 13.215224, 0.569008, 8.194379, 2.714833, 72766.000000, 965589.000000, 16078278.183333, 9503926.000000, 9747909.000000
13.083233, 13.505760, 11.559077, 14.563187, 0.558092, 7.607192, 2.816135, 79358.000000, 779005.000000, 14040703.250000, 9695221.000000, 9952753.000000
9.769588, 10.023465, 8.627247, 11.568864, 0.592336, 9.519732, 2.742018, 76050.000000, 647351.000000, 9762985.666667, 9897548.000000, 10155062.000000
6.058989, 6.172198, 6.794739, 9.195804, 0.561685, 9.494574, 2.666930, 74895.000000, 490408.000000, 6367296.200000, 10029189.000000, 10295182.000000
30.958595, 36.015907, 16.325431, 21.504884, 0.594131, 9.446977, 3.205692, 75329.000000, 1726798.000000, 36776972.166667, 10308991.000000, 10572665.000000
11.181015, 7.511277, 11.065176, 10.921455, 0.523770, 14.178600, 3.595753, 74695.000000, 472196.000000, 6549200.016667, 10425951.000000, 10693416.000000
15.890374, 16.446186, 13.086057, 15.984519, 0.576385, 12.721995, 3.517089, 77003.000000, 914358.000000, 17679117.783333, 10635447.000000, 10935915.000000
8.232001, 8.527042, 7.832138, 10.845777, 0.513783, 11.559643, 3.156655, 86610.000000, 576917.000000, 7557360.433333, 10821587.000000, 11103047.000000
6.205047, 6.146422, 7.096153, 9.496779, 0.507657, 11.178707, 2.962532, 82982.000000, 478957.000000, 5851806.600000, 10945623.000000, 11225010.000000
7.932167, 8.171447, 7.686009, 10.528292, 0.491495, 11.178707, 2.719773, 81727.000000, 601434.000000, 8290270.600000, 11123684.000000, 11410384.000000
6.088978, 6.153305, 7.023392, 9.455789, 0.503946, 10.991871, 2.614402, 75545.000000, 501016.000000, 6932532.283333, 11250222.000000, 11546969.000000
8.334842, 8.584461, 8.811183, 11.885619, 0.503946, 10.991871, 2.601502, 74188.000000, 525659.000000, 7637927.333333, 11404219.000000, 11693777.000000
7.330822, 7.484223, 8.092036, 10.922848, 0.517035, 9.374829, 2.594246, 78326.000000, 543079.000000, 7747770.866667, 11544910.000000, 11845534.000000
5.381656, 5.434371, 6.599848, 8.935662, 0.404364, 8.313676, 2.550338, 78947.000000, 434803.000000, 4999227.033333, 11657475.000000, 11954803.000000
6.870227, 7.171342, 6.999996, 9.549672, 0.405286, 8.313676, 2.479958, 76843.000000, 551637.000000, 7432356.816667, 11815615.000000, 12123175.000000
7.873633, 7.973110, 8.562360, 11.191592, 0.405286, 8.313676, 2.530154, 76246.000000, 539118.000000, 7935038.416667, 11954662.000000, 12267857.000000
6.691961, 6.762737, 7.575809, 10.203696, 0.405286, 6.714630, 2.534676, 74858.000000, 476707.000000, 6424776.150000, 12086495.000000, 12394305.000000
15.381421, 16.018024, 11.731954, 15.501977, 0.405286, 7.873883, 2.634711, 77254.000000, 906179.000000, 16223326.200000, 12366702.000000, 12682991.000000
10.944631, 11.082245, 9.656216, 12.633462, 0.459402, 9.147877, 2.664082, 73525.000000, 704008.000000, 11722311.383333, 12576306.000000, 12905092.000000
5.819693, 5.944068, 7.310809, 9.835366, 0.469053, 8.751932, 2.637145, 73066.000000, 431352.000000, 5300523.533333, 12691008.000000, 13015222.000000
5.422067, 5.567548, 6.582972, 8.947306, 0.462297, 8.249626, 2.584266, 73024.000000, 454377.000000, 5746011.200000, 12805802.000000, 13141596.000000
10.439276, 10.878234, 8.857329, 11.974451, 0.469053, 8.249626, 2.534908, 72640.000000, 1069823.000000, 18886822.316667, 13020036.000000, 13460582.000000
15.483170, 15.715381, 10.539298, 13.070665, 0.579328, 6.940702, 2.539641, 75147.000000, 557731.000000, 7656045.666667, 13279627.000000, 13629748.000000
7.737083, 7.879939, 7.411405, 9.898898, 0.519176, 6.940702, 2.499616, 71877.000000, 529450.000000, 7279771.600000, 13447595.000000, 13790706.000000
6.289589, 6.516690, 7.347029, 10.024580, 0.505702, 6.940702, 2.498145, 72824.000000, 475045.000000, 6542945.533333, 13573749.000000, 13922944.000000
4.781203, 4.741580, 6.221029, 8.453536, 0.474349, 6.312102, 2.483932, 73515.000000, 393333.000000, 4405373.850000, 13670151.000000, 14015327.000000
8.645835, 8.966059, 9.354463, 12.337170, 0.474349, 7.945683, 2.572284, 69280.000000, 590347.000000, 9912690.033333, 13818345.000000, 14184619.000000
7.180450, 7.242315, 7.364050, 9.842524, 0.531445, 7.544217, 2.553229, 72930.000000, 486286.000000, 6332432.516667, 13972105.000000, 14327795.000000
11.679063, 12.016958, 10.102645, 13.368628, 0.488444, 6.290805, 2.620176, 75041.000000, 720057.000000, 12143831.700000, 14189457.000000, 14553070.000000
6.032034, 6.156299, 7.008475, 9.517766, 0.456298, 6.290805, 2.592984, 72628.000000, 467572.000000, 6212217.866667, 14314308.000000, 14679687.000000
7.258810, 7.411783, 7.748244, 10.374678, 0.528245, 5.720664, 2.559400, 73162.000000, 516181.000000, 7097351.516667, 14462366.000000, 14829735.000000
5.652777, 5.880642, 6.753633, 9.246353, 0.528245, 6.178711, 2.519490, 74741.000000, 510611.000000, 6892897.966667, 14582704.000000, 14977434.000000
7.499764, 7.555408, 7.542020, 10.083597, 0.475837, 5.992785, 2.489802, 73183.000000, 482008.000000, 6292625.983333, 14742182.000000, 15114120.000000
5.385447, 5.501438, 6.732626, 9.169795, 0.475837, 5.761761, 2.468020, 71486.000000, 447470.000000, 5695320.550000, 14854846.000000, 15236892.000000
6.989924, 7.133166, 8.027075, 10.702911, 0.483449, 5.761761, 2.503995, 74429.000000, 492679.000000, 6989798.016667, 14983476.000000, 15365424.000000
7.608683, 7.806614, 8.345054, 11.017039, 0.483449, 6.335711, 2.560493, 71209.000000, 507842.000000, 7589085.283333, 15121146.000000, 15502982.000000
16.288966, 16.839056, 13.249461, 16.161009, 0.483449, 10.777165, 2.887608, 73115.000000, 890629.000000, 17459965.750000, 15334168.000000, 15730547.000000
7.155493, 7.275139, 7.986970, 10.578065, 0.438066, 10.777165, 2.895138, 73740.000000, 495173.000000, 7010763.016667, 15466441.000000, 15860111.000000
5.994086, 6.166645, 6.756334, 9.196464, 0.421463, 10.777165, 2.795390, 72888.000000, 532992.000000, 7414999.800000, 15599276.000000, 16019217.000000
11.931701, 12.193051, 10.473965, 13.750085, 0.505315, 10.777165, 2.797221, 71123.000000, 639027.000000, 10780201.650000, 15807078.000000, 16206483.000000
5.889653, 6.022421, 7.279196, 9.815713, 0.552199, 10.777165, 2.748857, 71207.000000, 455857.000000, 6034888.250000, 15924513.000000, 16327826.000000
6.963648, 7.195584, 7.489253, 10.173475, 0.473827, 10.777165, 2.673760, 69660.000000, 520727.000000, 7466308.300000, 16071348.000000, 16485152.000000
7.767646, 7.981736, 7.704426, 10.326719, 0.478316, 10.137872, 2.603370, 71101.000000, 579378.000000, 8408065.083333, 16235399.000000, 16670307.000000
24.393972, 24.967612, 13.629095, 15.862823, 0.700406, 9.973343, 2.725380, 68920.000000, 1350634.000000, 23800900.733333, 16537582.000000, 16954115.000000
9.320566, 10.200270, 8.931784, 12.538201, 0.699588, 8.975629, 2.708073, 74181.000000, 692992.000000, 11825796.466667, 16723528.000000, 17163849.000000
7.265356, 6.796968, 7.928563, 9.846108, 0.621427, 8.597285, 2.733089, 68148.000000, 421185.000000, 5262962.716667, 16849468.000000, 17276720.000000
4.607633, 4.701115, 6.166126, 8.359581, 0.551635, 8.216349, 2.676387, 68472.000000, 405031.000000, 4949077.433333, 16946266.000000, 17383641.000000
7.355071, 7.518342, 8.299871, 11.048928, 0.389942, 8.216349, 2.665540, 69949.000000, 480345.000000, 7108889.566667, 17083280.000000, 17513195.000000
4.545780, 4.648698, 6.139739, 8.359334, 0.456645, 8.216349, 2.618509, 69256.000000, 384397.000000, 4546751.266667, 17177396.000000, 17609255.000000
6.361122, 6.566005, 7.425931, 10.077215, 0.478784, 8.216349, 2.601098, 71792.000000, 481744.000000, 6843258.066667, 17299767.000000, 17738612.000000
15.780620, 16.189070, 11.155582, 14.265450, 0.432364, 8.151848, 2.613857, 73061.000000, 929165.000000, 15997259.950000, 17567171.000000, 18009825.000000
12.611146, 12.928375, 11.107986, 14.460517, 0.596225, 7.089619, 2.737457, 71955.000000, 720388.000000, 12916473.366667, 17773759.000000, 18220764.000000
12.536516, 12.944756, 11.322235, 14.764906, 0.507617, 9.303424, 2.837350, 66710.000000, 723994.000000, 13312639.266667, 17972219.000000, 18429527.000000
7.204912, 7.415295, 7.647757, 10.339201, 0.469021, 8.596031, 2.781611, 68983.000000, 527399.000000, 7634560.233333, 18122095.000000, 18589504.000000
5.398584, 5.519348, 6.678515, 9.041994, 0.469021, 8.596031, 2.725475, 68483.000000, 400009.000000, 5025401.933333, 18231786.000000, 18692986.000000
5.953575, 6.209892, 6.948815, 9.615118, 0.466502, 8.105022, 2.656371, 71403.000000, 524207.000000, 7463503.350000, 18356222.000000, 18849547.000000
6.467703, 6.399474, 7.343992, 9.709832, 0.466502, 8.105022, 2.612377, 71861.000000, 412575.000000, 5072795.733333, 18483305.000000, 18950267.000000
4.426757, 4.482988, 6.591237, 8.811994, 0.522843, 8.105022, 2.592045, 69561.000000, 371343.000000, 4341582.183333, 18565703.000000, 19032327.000000
8.891979, 9.214733, 9.221637, 12.065190, 0.478687, 8.105022, 2.645478, 69811.000000, 596943.000000, 9904238.483333, 18716891.000000, 19200491.000000
8.642507, 8.856131, 8.794780, 11.722248, 0.478687, 8.105022, 2.681401, 67391.000000, 533405.000000, 8436277.650000, 18878251.000000, 19354969.000000
6.878226, 6.967111, 7.205857, 9.725251, 0.454722, 8.105022, 2.625609, 72244.000000, 507266.000000, 6852910.750000, 19030127.000000, 19509622.000000
6.097635, 7.070448, 7.117021, 10.582832, 0.478687, 7.499989, 2.586551, 65493.000000, 675247.000000, 12442490.750000, 19156356.000000, 19707559.000000
11.304098, 10.840236, 10.144203, 12.677984, 0.547428, 8.315872, 2.726474, 69875.000000, 477664.000000, 6533331.133333, 19339633.000000, 19847861.000000
7.828152, 8.056717, 8.289398, 11.102038, 0.536651, 8.315872, 2.747655, 67386.000000, 481748.000000, 7099602.016667, 19488812.000000, 19982885.000000
4.751121, 4.764243, 6.088936, 8.221266, 0.455506, 8.315872, 2.689498, 67773.000000, 397528.000000, 4745616.483333, 19590475.000000, 20089522.000000
7.253362, 7.394374, 7.406411, 9.936123, 0.529412, 8.315872, 2.612494, 69158.000000, 525929.000000, 7362826.633333, 19748302.000000, 20251832.000000
5.719526, 5.885512, 6.990560, 9.453578, 0.495962, 7.687295, 2.573445, 68464.000000, 470594.000000, 6411907.266667, 19864819.000000, 20386268.000000
