4.520403, 4.603516, 6.212040, 8.516318, 0.222249, 7.816008, 2.466715, 138489.000000, 602579.000000, 4923377.483333, 92738.000000, 101074.000000
5.282566, 5.434008, 6.592072, 8.980200, 0.245719, 7.839199, 2.234357, 138091.000000, 668463.000000, 6368967.916667, 204246.000000, 234515.000000
6.927302, 6.857869, 7.755874, 10.226421, 0.252698, 6.438972, 1.892742, 146506.000000, 659943.000000, 5879625.183333, 335757.000000, 351289.000000
9.259722, 9.384547, 8.560780, 11.461138, 0.231351, 6.429537, 2.065420, 147409.000000, 823924.000000, 9227907.566667, 532308.000000, 550130.000000
7.635644, 7.779091, 7.903044, 10.697976, 0.224201, 7.901551, 2.352648, 147661.000000, 762117.000000, 7935836.333333, 690658.000000, 717597.000000
8.962289, 9.084210, 9.714719, 12.675230, 0.226377, 7.786088, 2.111403, 149290.000000, 775252.000000, 9017001.150000, 838432.000000, 865085.000000
5.898327, 5.925100, 6.698889, 9.088838, 0.218415, 8.713582, 2.292032, 140277.000000, 663024.000000, 5884655.983333, 969086.000000, 998910.000000
6.054603, 6.106823, 7.452695, 9.962750, 0.274694, 5.489444, 2.138963, 144501.000000, 666576.000000, 6211005.116667, 1081183.000000, 1114254.000000
6.523374, 6.582000, 7.524145, 10.145642, 0.219514, 7.071805, 2.136873, 144020.000000, 690617.000000, 6520370.566667, 1213654.000000, 1251132.000000
9.037243, 9.255787, 9.301747, 11.955769, 0.219268, 8.343413, 2.434035, 141688.000000, 783079.000000, 9317942.916667, 1365927.000000, 1406510.000000
6.457028, 6.431726, 7.097897, 9.544870, 0.212599, 8.810836, 2.506739, 139904.000000, 728706.000000, 7279229.166667, 1501217.000000, 1570038.000000
7.563699, 7.665155, 8.083936, 10.855242, 0.207449, 7.947508, 2.520006, 139240.000000, 687508.000000, 6976170.783333, 1655589.000000, 1708151.000000
14.756485, 15.073941, 10.725448, 13.418804, 0.203233, 7.843935, 2.206813, 141414.000000, 1082382.000000, 14986944.900000, 1891952.000000, 1947846.000000
6.122548, 6.240787, 7.162694, 9.724954, 0.218606, 8.858793, 2.368911, 144932.000000, 689494.000000, 6516651.250000, 2018321.000000, 2081794.000000
5.432498, 5.394363, 6.840660, 9.147684, 0.231929, 9.612950, 2.049760, 143906.000000, 608914.000000, 4781727.150000, 2124485.000000, 2180704.000000
4.349861, 4.376093, 5.935782, 8.123140, 0.255958, 6.925363, 2.396283, 143048.000000, 598002.000000, 4441161.766667, 2215154.000000, 2275560.000000
7.135744, 7.226597, 8.068703, 10.844527, 0.211378, 7.550442, 2.478995, 142097.000000, 714936.000000, 7618762.500000, 2348051.000000, 2420947.000000
4.671910, 4.627167, 6.031995, 8.097899, 0.208398, 6.647105, 2.329745, 134795.000000, 560918.000000, 4121028.416667, 2447196.000000, 2512230.000000
7.803642, 7.937413, 7.865958, 10.652194, 0.216392, 7.621290, 2.248799, 149708.000000, 771061.000000, 7929705.333333, 2612404.000000, 2681521.000000
15.681664, 16.031641, 11.726819, 14.996378, 0.249750, 8.837566, 3.892938, 140943.000000, 1104931.000000, 16156230.200000, 2861865.000000, 2938487.000000
8.166095, 8.266464, 8.390309, 11.163578, 0.230846, 7.812441, 2.868611, 144111.000000, 756583.000000, 8217375.716667, 3021990.000000, 3100728.000000
4.590906, 4.595574, 6.266333, 8.452804, 0.220184, 8.399569, 2.791617, 143790.000000, 602029.000000, 4576015.933333, 3115077.000000, 3196179.000000
9.386835, 9.527285, 9.818542, 12.960536, 0.260021, 8.572444, 2.237172, 145057.000000, 793939.000000, 9544188.516667, 3277931.000000, 3363148.000000
6.592533, 6.657048, 7.439729, 10.014608, 0.272315, 7.431002, 2.593646, 144967.000000, 691335.000000, 6544911.900000, 3411284.000000, 3498727.000000
6.105833, 6.149066, 6.959494, 9.413406, 0.281118, 7.866347, 2.315435, 144978.000000, 683654.000000, 6157792.600000, 3542709.000000, 3634346.000000
5.563050, 5.625757, 6.840835, 9.196574, 0.223181, 7.979488, 1.875722, 138410.000000, 649670.000000, 5920580.750000, 3656599.000000, 3760572.000000
5.713958, 5.745708, 6.873377, 9.232056, 0.217726, 6.784101, 2.315822, 147914.000000, 644358.000000, 5321491.550000, 3773356.000000, 3870571.000000
7.361400, 7.430322, 8.097615, 10.853993, 0.216118, 6.342134, 2.149315, 147476.000000, 732698.000000, 7604048.083333, 3914103.000000, 4018235.000000
5.366016, 5.371150, 6.647675, 8.980198, 0.246923, 7.334319, 2.334725, 145921.000000, 634378.000000, 5182516.716667, 4025400.000000, 4128419.000000
8.832046, 9.043215, 9.029006, 12.033940, 0.185629, 5.977069, 2.755593, 151697.000000, 814360.000000, 9195425.800000, 4190487.000000, 4299133.000000
11.074864, 11.214300, 9.246324, 12.136685, 0.244265, 7.991636, 2.343715, 144219.000000, 907127.000000, 11095931.350000, 4404934.000000, 4518903.000000
12.968695, 13.236092, 11.280795, 14.568503, 0.224771, 8.591050, 2.040135, 145675.000000, 961312.000000, 13538696.516667, 4618356.000000, 4739262.000000
5.197065, 5.196800, 6.736108, 9.070339, 0.238826, 7.935833, 2.397022, 147538.000000, 622476.000000, 4825123.266667, 4721128.000000, 4839965.000000
5.923037, 6.115969, 7.017845, 9.657668, 0.247897, 7.406359, 2.168408, 148051.000000, 708582.000000, 6716311.300000, 4847815.000000, 4980584.000000
5.632589, 5.507187, 7.019478, 9.338160, 0.210866, 7.832870, 2.313133, 152629.000000, 645061.000000, 4925236.466667, 4955851.000000, 5083155.000000
10.634513, 10.834336, 10.116335, 13.362784, 0.228529, 6.496607, 2.330023, 146607.000000, 871757.000000, 11406294.300000, 5138909.000000, 5275935.000000
4.764268, 4.752072, 6.392037, 8.640402, 0.220073, 7.467341, 2.353644, 147254.000000, 601974.000000, 4256808.216667, 5234047.000000, 5367479.000000
5.278563, 5.290517, 6.837090, 9.129851, 0.248744, 7.724234, 2.085614, 140477.000000, 628743.000000, 5541155.283333, 5336478.000000, 5474790.000000
6.980573, 7.064037, 7.829854, 10.559606, 0.255249, 7.526953, 2.614558, 152751.000000, 732075.000000, 6941499.083333, 5477245.000000, 5620290.000000
6.637502, 6.727305, 7.244299, 9.751006, 0.234687, 8.182480, 2.642692, 147346.000000, 748229.000000, 7293378.900000, 5620895.000000, 5782623.000000
8.770796, 8.847214, 8.357560, 11.080576, 0.222353, 8.616001, 2.148815, 149417.000000, 777029.000000, 8093230.566667, 5795910.000000, 5943745.000000
7.856697, 8.230992, 7.865232, 10.697109, 0.263347, 6.691585, 3.217617, 148173.000000, 779146.000000, 8196151.750000, 5958061.000000, 6112009.000000
6.303474, 6.533506, 6.882972, 9.472470, 0.243284, 6.800468, 2.569594, 148817.000000, 708066.000000, 6571410.250000, 6091901.000000, 6251995.000000
12.797127, 12.596641, 9.552646, 12.347187, 0.225288, 6.925926, 2.176310, 148650.000000, 995471.000000, 12373771.133333, 6350027.000000, 6512423.000000
6.573040, 6.633045, 7.299673, 9.789958, 0.240757, 7.582292, 2.028379, 145720.000000, 709461.000000, 6651353.666667, 6488333.000000, 6654383.000000
6.569479, 6.618007, 7.640456, 10.274438, 0.222057, 7.749914, 1.963207, 144292.000000, 682584.000000, 6631478.750000, 6614322.000000, 6784568.000000
5.958871, 5.995052, 7.282479, 9.824178, 0.266442, 6.877322, 2.258094, 151322.000000, 680542.000000, 5888692.816667, 6731738.000000, 6903017.000000
10.729542, 10.955969, 9.222304, 11.994334, 0.243998, 6.319927, 2.285507, 149867.000000, 907516.000000, 11044714.700000, 6936010.000000, 7113164.000000
11.730742, 11.973485, 10.556462, 13.931262, 0.241439, 8.340429, 2.238767, 148722.000000, 948373.000000, 12760832.750000, 7148359.000000, 7339724.000000
7.099499, 7.177405, 7.876676, 10.528907, 0.242781, 8.962695, 1.716045, 148856.000000, 729228.000000, 6968897.700000, 7289739.000000, 7492206.000000
13.639078, 13.887341, 11.855909, 15.250608, 0.247049, 6.252920, 1.964119, 144739.000000, 933485.000000, 13178222.333333, 7509921.000000, 7697567.000000
4.741959, 4.820799, 6.262726, 8.597254, 0.234562, 7.106511, 1.792199, 150278.000000, 658905.000000, 5445703.333333, 7609212.000000, 7815667.000000
8.557938, 8.625462, 8.029346, 10.579216, 0.262679, 7.271259, 2.211803, 151268.000000, 855853.000000, 9795398.133333, 7782670.000000, 8002440.000000
17.037366, 17.417874, 11.881741, 15.094084, 0.247135, 7.503011, 2.458832, 151971.000000, 1124247.000000, 15384377.883333, 8067268.000000, 8269885.000000
5.810971, 5.815531, 6.812592, 9.169799, 0.210202, 7.930010, 2.171857, 151981.000000, 679766.000000, 5684476.683333, 8190680.000000, 8394351.000000
4.437228, 4.480411, 6.042121, 8.268235, 0.206180, 6.843341, 2.116304, 148861.000000, 646904.000000, 5138734.233333, 8283307.000000, 8504843.000000
6.354517, 6.362322, 7.262552, 9.764089, 0.222401, 10.261305, 2.096115, 146168.000000, 661153.000000, 5807444.183333, 8412815.000000, 8624756.000000
5.790751, 5.811531, 7.228513, 9.711197, 0.206134, 8.855926, 2.252768, 149514.000000, 664849.000000, 5723051.883333, 8525344.000000, 8737878.000000
4.334434, 4.307303, 5.997678, 8.098185, 0.253768, 6.833754, 2.045241, 149529.000000, 616555.000000, 4514496.466667, 8614712.000000, 8837131.000000
11.121315, 11.312414, 8.710870, 10.986584, 0.227993, 7.205294, 2.207816, 144557.000000, 941336.000000, 10918636.933333, 8818379.000000, 9037879.000000
5.261253, 5.268147, 6.710242, 9.042498, 0.277117, 7.218266, 2.167316, 151819.000000, 652302.000000, 5197678.916667, 8925091.000000, 9147726.000000
5.970255, 6.045023, 6.824919, 9.235602, 0.222582, 6.506308, 2.192485, 149413.000000, 689172.000000, 6019323.333333, 9052551.000000, 9280051.000000
9.562756, 9.766277, 9.445208, 12.752883, 0.261284, 7.070694, 3.155889, 152635.000000, 836462.000000, 9902701.500000, 9226739.000000, 9459578.000000
8.604197, 8.613938, 8.472766, 11.335931, 0.215605, 9.174428, 2.382880, 161358.000000, 824300.000000, 8417934.216667, 9400064.000000, 9634640.000000
9.056307, 9.176457, 8.460411, 11.363408, 0.231043, 6.312165, 2.138168, 161630.000000, 872558.000000, 9246156.100000, 9586509.000000, 9827110.000000
13.966693, 14.367856, 10.403092, 13.873670, 0.225755, 7.813035, 3.500126, 155475.000000, 1088215.000000, 14316343.050000, 9868650.000000, 10116157.000000
6.149335, 6.074963, 7.046366, 9.441601, 0.245139, 7.154237, 2.081474, 155791.000000, 715074.000000, 6253994.583333, 9996088.000000, 10250046.000000
6.456950, 6.471684, 7.425028, 10.036509, 0.256336, 5.984837, 2.122414, 160415.000000, 711287.000000, 6015481.616667, 10126359.000000, 10378590.000000
5.573932, 5.595683, 6.589656, 8.969074, 0.208762, 7.125988, 2.297409, 158439.000000, 715468.000000, 6054791.316667, 10246964.000000, 10509225.000000
7.476554, 7.591112, 8.421364, 11.382973, 0.193514, 6.011249, 2.465465, 154573.000000, 732482.000000, 7141612.000000, 10385779.000000, 10645435.000000
6.075364, 6.132364, 7.332708, 9.931329, 0.211306, 7.187939, 2.166545, 157412.000000, 708650.000000, 6102465.433333, 10506003.000000, 10771239.000000
9.311080, 9.643026, 8.420619, 11.697860, 0.209677, 7.952311, 3.413913, 150572.000000, 860033.000000, 9766563.833333, 10709570.000000, 10979783.000000
6.436921, 6.218949, 7.628705, 9.994457, 0.232666, 7.670513, 2.162827, 155422.000000, 684940.000000, 5899693.616667, 10827619.000000, 11096969.000000
9.455384, 9.635659, 8.644321, 11.592179, 0.258486, 8.988792, 2.769377, 150921.000000, 861135.000000, 9512644.950000, 11036614.000000, 11309899.000000
8.964335, 9.052795, 9.355827, 12.371463, 0.229834, 8.147267, 2.019876, 148460.000000, 787364.000000, 9124371.183333, 11193387.000000, 11470655.000000
6.168577, 6.210262, 7.319958, 9.835842, 0.229356, 7.429787, 2.325424, 152120.000000, 693147.000000, 6187428.950000, 11314499.000000, 11594797.000000
7.732508, 7.866436, 8.872300, 11.804555, 0.203392, 6.718234, 1.861466, 145302.000000, 739832.000000, 8130115.966667, 11449463.000000, 11738688.000000
7.558324, 7.717728, 7.419380, 9.976798, 0.250990, 6.517503, 1.962161, 152691.000000, 815933.000000, 8426464.250000, 11618803.000000, 11922628.000000
6.903281, 7.054936, 7.544776, 10.284210, 0.242422, 8.055861, 2.315154, 154908.000000, 716485.000000, 6370689.366667, 11760922.000000, 12060192.000000
9.020592, 9.077119, 8.187981, 10.869094, 0.218839, 8.014261, 2.086503, 147945.000000, 863711.000000, 10115316.233333, 11942215.000000, 12256620.000000
11.544792, 11.688511, 10.792924, 14.090513, 0.251722, 7.932562, 2.263944, 150764.000000, 854191.000000, 10790121.733333, 12128072.000000, 12437320.000000
7.452745, 7.509725, 7.953947, 10.684154, 0.227895, 7.972122, 1.937258, 158644.000000, 759340.000000, 7296658.283333, 12280901.000000, 12588132.000000
4.766196, 4.830773, 6.215336, 8.515408, 0.200046, 6.598800, 2.164344, 153259.000000, 654185.000000, 5129253.083333, 12380455.000000, 12695199.000000
9.037286, 9.127134, 8.534126, 11.399044, 0.231426, 6.541854, 2.958303, 156999.000000, 828996.000000, 8643435.133333, 12568418.000000, 12880504.000000
8.878958, 9.037747, 9.253995, 11.951554, 0.240208, 5.780552, 1.916295, 152983.000000, 834038.000000, 9751221.883333, 12715989.000000, 13047081.000000
7.010839, 7.034535, 7.239520, 9.733380, 0.268023, 6.736950, 2.323131, 146177.000000, 689242.000000, 6234815.983333, 12869657.000000, 13189463.000000
7.038676, 7.074283, 7.702345, 10.338176, 0.239587, 7.476999, 2.447987, 147379.000000, 721748.000000, 7091388.683333, 13010107.000000, 13333627.000000
7.139149, 7.235846, 8.030297, 10.818027, 0.215301, 7.858207, 2.295557, 154528.000000, 737025.000000, 7243243.233333, 13148853.000000, 13475287.000000
6.122506, 6.126591, 7.158010, 9.674137, 0.232344, 9.188593, 2.107857, 153345.000000, 689125.000000, 5965754.416667, 13272584.000000, 13600228.000000
9.385158, 9.536639, 9.761317, 12.778905, 0.222010, 9.093985, 2.241779, 157755.000000, 833383.000000, 9682018.266667, 13429928.000000, 13761921.000000
7.517102, 7.603337, 7.709216, 10.370350, 0.219163, 7.996959, 3.092460, 154309.000000, 777509.000000, 7712060.700000, 13590375.000000, 13928466.000000
6.838428, 6.913684, 7.326757, 9.994613, 0.222827, 6.842504, 2.082871, 158105.000000, 751211.000000, 6924505.133333, 13737407.000000, 14080658.000000
4.732779, 4.747444, 6.259430, 8.508681, 0.261314, 7.107989, 2.135455, 151186.000000, 632538.000000, 4778742.366667, 13834831.000000, 14181773.000000
6.228867, 6.218894, 7.111418, 9.658024, 0.208972, 6.922213, 2.105511, 163433.000000, 721337.000000, 6025701.566667, 13963923.000000, 14312742.000000
7.277860, 7.457605, 7.681081, 10.528200, 0.227129, 6.964556, 2.106365, 156293.000000, 790060.000000, 8018209.600000, 14116740.000000, 14482921.000000
7.341709, 7.317078, 7.908421, 10.584366, 0.228171, 10.212493, 2.452206, 149698.000000, 703275.000000, 6539874.583333, 14263314.000000, 14616727.000000
9.881485, 10.036638, 9.583581, 12.444128, 0.219670, 7.421240, 2.129637, 151740.000000, 850447.000000, 10155251.866667, 14435929.000000, 14796415.000000
6.375771, 6.473604, 7.498479, 10.191061, 0.211788, 6.631668, 2.641091, 152714.000000, 709229.000000, 6613544.600000, 14561807.000000, 14926987.000000
8.038952, 8.070407, 8.022351, 10.740302, 0.221172, 8.559979, 1.986004, 153994.000000, 782466.000000, 7734164.450000, 14728506.000000, 15094189.000000
7.539869, 7.634173, 8.058720, 10.754598, 0.245937, 6.779192, 2.298414, 153001.000000, 757117.000000, 7570444.050000, 14877763.000000, 15246251.000000
9.113958, 9.271093, 9.342497, 12.375417, 0.209771, 6.961390, 2.419949, 153495.000000, 821529.000000, 9358301.716667, 15041192.000000, 15413827.000000
13.487672, 13.806204, 10.332511, 13.435213, 0.261737, 7.173030, 2.680942, 156131.000000, 1056223.000000, 13862204.316667, 15291490.000000, 15672486.000000
10.681352, 10.810211, 10.281112, 13.401744, 0.291751, 8.454807, 2.378192, 155935.000000, 871381.000000, 10834624.216667, 15465454.000000, 15848567.000000
8.150052, 8.464704, 8.537671, 11.395499, 0.230694, 6.742717, 2.337458, 150758.000000, 819766.000000, 9725077.883333, 15616361.000000, 16017481.000000
9.084455, 9.015500, 9.143560, 11.983761, 0.234056, 8.958955, 3.394694, 147657.000000, 744481.000000, 7733016.666667, 15778827.000000, 16168949.000000
14.109910, 14.434389, 11.778225, 15.253446, 0.208087, 9.947836, 2.388213, 144862.000000, 1005595.000000, 14476617.366667, 16011723.000000, 16408137.000000
6.341279, 6.401907, 7.263136, 9.732220, 0.219465, 8.546740, 2.373282, 144283.000000, 687345.000000, 6498205.900000, 16140549.000000, 16541847.000000
7.624013, 7.721670, 7.789450, 10.485654, 0.230108, 8.805662, 2.687046, 149484.000000, 756579.000000, 7501101.716667, 16298692.000000, 16701818.000000
7.112034, 7.194932, 7.585335, 10.242862, 0.205016, 6.933067, 2.247291, 152954.000000, 751545.000000, 7321416.916667, 16446317.000000, 16857022.000000
6.610370, 6.622729, 6.957436, 9.351345, 0.233831, 7.445950, 2.200988, 147789.000000, 713755.000000, 6463753.683333, 16594937.000000, 17007858.000000
5.992715, 6.012244, 7.168923, 9.673400, 0.215178, 8.012012, 2.589984, 152675.000000, 679820.000000, 5802531.400000, 16716304.000000, 17128689.000000
6.262265, 6.429710, 7.492680, 10.219218, 0.207947, 7.105400, 2.113972, 151708.000000, 722919.000000, 7309678.333333, 16837984.000000, 17265311.000000
7.741697, 7.781652, 8.383064, 11.144649, 0.237854, 7.255477, 2.199638, 155445.000000, 736080.000000, 7155573.466667, 16980218.000000, 17405864.000000
6.971670, 7.049011, 7.491758, 10.137908, 0.246282, 7.873358, 2.370778, 155824.000000, 744133.000000, 6933206.733333, 17125998.000000, 17553396.000000
8.935213, 9.000570, 9.018303, 11.948958, 0.221855, 7.123797, 2.112340, 152404.000000, 809392.000000, 9073817.566667, 17291440.000000, 17723494.000000
7.094216, 7.255114, 7.929960, 10.803440, 0.241161, 6.898566, 3.031867, 152876.000000, 745452.000000, 7442697.400000, 17429843.000000, 17870415.000000
8.067555, 8.056049, 8.241734, 10.936910, 0.227869, 7.460144, 2.524091, 152114.000000, 761163.000000, 7694366.600000, 17588956.000000, 18025207.000000
5.978876, 6.007465, 7.407320, 9.912265, 0.245366, 5.734210, 2.096235, 140922.000000, 646564.000000, 5909023.566667, 17702321.000000, 18140253.000000
10.294558, 10.492183, 9.716943, 12.872074, 0.179475, 5.978553, 2.151466, 155123.000000, 874338.000000, 10487345.333333, 17889952.000000, 18332423.000000
5.566297, 5.594575, 6.932589, 9.432245, 0.236243, 6.177049, 1.941506, 154143.000000, 681014.000000, 5824057.983333, 17999992.000000, 18449252.000000
9.770350, 9.926512, 8.845737, 11.867998, 0.207252, 6.420404, 2.342437, 154391.000000, 890332.000000, 10125197.200000, 18204112.000000, 18668753.000000
6.851460, 6.909691, 7.510382, 10.099400, 0.243200, 8.360520, 2.033159, 150303.000000, 692917.000000, 6260083.683333, 18345631.000000, 18798423.000000
6.660303, 6.794419, 7.993048, 10.708180, 0.209669, 6.709290, 2.270896, 155203.000000, 732476.000000, 7263293.083333, 18465516.000000, 18927643.000000
10.180113, 10.272175, 8.605225, 11.574022, 0.242366, 7.465335, 2.301589, 165320.000000, 923872.000000, 9989131.300000, 18688057.000000, 19153452.000000
12.455384, 12.683641, 10.105090, 13.431369, 0.249377, 7.282534, 2.320953, 173494.000000, 1039760.000000, 12543170.933333, 18931631.000000, 19399822.000000
7.372223, 7.386832, 7.431491, 10.049794, 0.226991, 6.517121, 2.160574, 163536.000000, 791723.000000, 7284939.483333, 19093150.000000, 19564400.000000
10.026103, 10.227756, 8.745969, 11.477882, 0.183976, 7.978892, 2.143447, 154318.000000, 910350.000000, 10485785.050000, 19289316.000000, 19773256.000000
6.895378, 6.915641, 7.617932, 10.208319, 0.210571, 7.887001, 2.459794, 152656.000000, 706835.000000, 6457824.733333, 19430156.000000, 19908890.000000
9.629900, 9.766489, 8.841718, 11.845630, 0.224685, 6.494996, 2.320234, 158271.000000, 877706.000000, 9722489.450000, 19628010.000000, 20112353.000000
6.787527, 6.913250, 7.771498, 10.521395, 0.207426, 6.464124, 2.621973, 152719.000000, 726402.000000, 7003530.066667, 19759716.000000, 20249969.000000
6.449236, 6.510605, 7.567928, 10.214857, 0.277662, 7.103283, 1.865645, 150502.000000, 721991.000000, 7039547.100000, 19885308.000000, 20388377.000000
6.685479, 6.702540, 7.595127, 10.171196, 0.257280, 7.273533, 2.515102, 154412.000000, 704022.000000, 6303754.916667, 20016785.000000, 20514873.000000
8.704733, 8.848133, 8.528780, 11.475958, 0.217455, 11.377501, 1.826501, 152679.000000, 829283.000000, 9242249.433333, 20195443.000000, 20707825.000000
7.855857, 7.973247, 8.440025, 11.363947, 0.237872, 7.908019, 2.245527, 150997.000000, 731975.000000, 7365279.366667, 20342702.000000, 20848283.000000
6.851969, 6.842112, 7.195949, 9.665591, 0.233732, 7.623216, 2.336847, 154548.000000, 739006.000000, 6723708.300000, 20490042.000000, 20996669.000000
6.725476, 6.806758, 8.282775, 11.174415, 0.257240, 6.342302, 1.940582, 153863.000000, 714200.000000, 6880591.483333, 20608142.000000, 21119897.000000
8.535799, 8.706122, 7.944191, 10.635298, 0.253108, 7.406374, 2.169852, 154550.000000, 856067.000000, 9557097.316667, 20789114.000000, 21313454.000000
7.931243, 7.940570, 8.536554, 11.289271, 0.245127, 7.035698, 2.244913, 151382.000000, 725449.000000, 6887375.400000, 20936969.000000, 21453761.000000
11.466310, 11.791032, 10.609278, 13.602639, 0.230622, 10.930253, 2.157043, 151239.000000, 944310.000000, 12779342.966667, 21123501.000000, 21660144.000000
9.395512, 9.510632, 9.216597, 12.214157, 0.204816, 7.619581, 2.169947, 152634.000000, 795954.000000, 8774743.716667, 21296016.000000, 21825941.000000
6.214583, 6.191096, 7.206216, 9.683146, 0.251789, 8.101628, 2.005926, 148813.000000, 680375.000000, 6001913.333333, 21421562.000000, 21950970.000000
6.777284, 6.855476, 7.848092, 10.498419, 0.226138, 8.858670, 2.328691, 148991.000000, 704002.000000, 6887853.750000, 21548754.000000, 22080261.000000
19.345500, 19.931287, 14.880457, 18.522421, 0.211151, 7.550083, 2.118462, 147580.000000, 1206507.000000, 20552510.950000, 21802675.000000, 22345646.000000
10.391238, 10.688033, 9.906378, 13.418435, 0.253959, 9.412453, 3.278066, 147798.000000, 867438.000000, 11072891.816667, 21988996.000000, 22537697.000000
7.036244, 7.004792, 7.806191, 10.376736, 0.223215, 7.895202, 2.772825, 148514.000000, 700181.000000, 6599855.933333, 22124718.000000, 22673702.000000
6.391761, 6.405967, 7.303533, 9.896343, 0.256872, 8.356817, 2.013326, 151593.000000, 700027.000000, 6346980.700000, 22255424.000000, 22808624.000000
5.856634, 5.895761, 6.917779, 9.375818, 0.237001, 7.512383, 2.035280, 153776.000000, 686322.000000, 5893558.566667, 22376322.000000, 22933025.000000
9.607392, 9.762763, 8.746438, 11.727858, 0.235463, 9.989612, 3.073907, 149741.000000, 855096.000000, 9700126.200000, 22579700.000000, 23141083.000000
6.877843, 6.949605, 7.835167, 10.477048, 0.234732, 6.721670, 2.117574, 151291.000000, 726954.000000, 7220270.833333, 22711295.000000, 23279093.000000
5.901180, 5.952427, 6.858160, 9.324261, 0.219563, 7.894285, 2.079348, 148986.000000, 726300.000000, 6787369.016667, 22837260.000000, 23429360.000000
8.986752, 9.196208, 8.517472, 11.470305, 0.296323, 7.931636, 2.251132, 146608.000000, 776619.000000, 8459227.816667, 23020809.000000, 23601431.000000
7.309786, 7.297414, 8.017273, 10.639905, 0.228155, 7.856012, 2.249969, 146378.000000, 699597.000000, 6746763.583333, 23160305.000000, 23733943.000000
8.412367, 8.482100, 7.859090, 10.310367, 0.228655, 7.218733, 2.190780, 150177.000000, 814768.000000, 8480606.783333, 23333105.000000, 23910421.000000
9.331389, 9.478029, 8.563534, 11.561069, 0.237812, 8.780828, 2.214511, 152846.000000, 851663.000000, 9435691.033333, 23532560.000000, 24114715.000000
11.110761, 11.343500, 9.098712, 12.099239, 0.305762, 9.203335, 3.219487, 151446.000000, 946683.000000, 11287451.050000, 23766813.000000, 24355173.000000
5.889457, 5.862952, 6.707068, 9.090023, 0.251995, 7.012714, 2.164355, 152440.000000, 721761.000000, 6711602.283333, 23894576.000000, 24498681.000000
12.306623, 12.660792, 10.606603, 14.104960, 0.226011, 8.665475, 3.374684, 150074.000000, 921014.000000, 11815078.033333, 24118810.000000, 24717409.000000
12.010827, 12.157396, 9.474365, 12.236879, 0.245861, 6.321466, 2.178608, 145175.000000, 968713.000000, 12284005.266667, 24351222.000000, 24956053.000000
8.068870, 8.136969, 8.264935, 11.097832, 0.197582, 8.223382, 2.414959, 145414.000000, 746184.000000, 7739457.833333, 24512437.000000, 25116822.000000
6.048553, 6.123432, 7.066923, 9.550980, 0.254296, 8.664063, 2.461433, 150998.000000, 706674.000000, 6517244.350000, 24635438.000000, 25254402.000000
9.132028, 9.224277, 9.242947, 12.165077, 0.191335, 7.494167, 2.347619, 149209.000000, 803044.000000, 9330436.266667, 24799915.000000, 25423740.000000
11.396438, 11.667128, 9.076249, 11.787778, 0.243734, 6.830972, 2.387115, 143684.000000, 925099.000000, 11154233.683333, 25022374.000000, 25641806.000000
7.195564, 7.226450, 8.000397, 10.712338, 0.219956, 7.060352, 2.191523, 146363.000000, 718581.000000, 7136938.083333, 25163587.000000, 25786548.000000
7.437324, 7.630039, 8.742061, 11.700385, 0.227375, 7.437986, 1.703110, 147610.000000, 772918.000000, 8765559.966667, 25294919.000000, 25942337.000000
6.663520, 6.696399, 7.326390, 9.863190, 0.201074, 7.670729, 2.364826, 146039.000000, 648992.000000, 5569457.816667, 25430368.000000, 26059250.000000
7.366938, 7.427533, 8.081991, 10.833153, 0.235199, 5.869770, 2.416478, 151220.000000, 741432.000000, 7516676.400000, 25572827.000000, 26205545.000000
5.249897, 5.225023, 6.660394, 9.048483, 0.231714, 7.694686, 2.395234, 144833.000000, 632195.000000, 5217388.316667, 25678315.000000, 26314694.000000
9.475796, 9.712217, 9.467618, 12.773207, 0.207423, 7.317885, 2.833374, 146543.000000, 813443.000000, 9931755.350000, 25850008.000000, 26492572.000000
25.543934, 26.882850, 14.331955, 19.364670, 0.263248, 6.970867, 2.928754, 145343.000000, 1707384.000000, 29580191.600000, 26315204.000000, 27001739.000000
10.163220, 9.647022, 9.485036, 12.156030, 0.233551, 6.864430, 2.018121, 142877.000000, 760848.000000, 8286193.083333, 26486433.000000, 27169661.000000
8.147451, 8.268477, 8.308659, 11.209626, 0.270600, 6.410219, 2.435237, 142655.000000, 698490.000000, 6894128.216667, 26649578.000000, 27308761.000000
5.837788, 5.875021, 7.033229, 9.489259, 0.190468, 6.562571, 2.269342, 139656.000000, 644255.000000, 5753812.883333, 26767973.000000, 27430048.000000
5.099219, 5.084908, 6.401074, 8.634694, 0.214291, 8.762249, 2.425930, 141884.000000, 615662.000000, 5014112.550000, 26874402.000000, 27537429.000000
8.498410, 8.644589, 8.366388, 11.167386, 0.237877, 7.381351, 2.343489, 147033.000000, 794190.000000, 8521415.616667, 27049104.000000, 27716570.000000
6.843624, 6.947468, 7.953048, 10.839795, 0.239706, 8.835808, 2.776826, 143830.000000, 700342.000000, 7252596.600000, 27177297.000000, 27851293.000000
8.468594, 8.528782, 8.995149, 11.906344, 0.213559, 6.597482, 2.379054, 140601.000000, 737113.000000, 8276906.200000, 27330352.000000, 28004250.000000
5.468261, 5.583732, 7.131326, 9.732083, 0.237220, 7.168586, 2.348983, 135037.000000, 620312.000000, 5830579.366667, 27433345.000000, 28112606.000000
9.016985, 9.188363, 9.538073, 12.416986, 0.220426, 8.816875, 2.317939, 141266.000000, 765051.000000, 9283683.500000, 27577629.000000, 28260820.000000
7.733891, 7.764539, 8.252651, 10.990989, 0.254763, 8.028441, 2.235130, 135691.000000, 704271.000000, 7535972.566667, 27726175.000000, 28410157.000000
6.331344, 6.407868, 7.061063, 9.528966, 0.235329, 9.579890, 2.176864, 139544.000000, 683179.000000, 6533412.950000, 27863607.000000, 28552973.000000
9.053833, 9.186268, 9.195866, 12.047827, 0.273955, 6.663917, 2.163246, 140111.000000, 769467.000000, 9014385.650000, 28025456.000000, 28716090.000000
4.573256, 4.566109, 6.198262, 8.401075, 0.229963, 6.476595, 2.125137, 134860.000000, 588431.000000, 4863580.766667, 28118866.000000, 28818346.000000
10.562594, 10.837309, 9.099900, 12.085822, 0.218246, 8.569594, 2.336820, 139877.000000, 878048.000000, 10816624.900000, 28329670.000000, 29031801.000000
9.661349, 9.819189, 9.372940, 12.450496, 0.199044, 7.576913, 1.898835, 151710.000000, 844218.000000, 9786815.550000, 28513878.000000, 29223046.000000
6.939183, 6.935315, 7.354308, 9.859529, 0.222726, 7.778827, 2.098296, 142963.000000, 694227.000000, 6605983.150000, 28659984.000000, 29366034.000000
8.099525, 8.255394, 8.220735, 11.009642, 0.297000, 8.456779, 2.317359, 143076.000000, 770274.000000, 8430245.983333, 28824823.000000, 29539252.000000
9.454373, 9.836820, 8.984907, 12.280893, 0.245448, 6.942866, 2.076572, 143883.000000, 887612.000000, 10954497.483333, 29023273.000000, 29763889.000000
14.431704, 14.611862, 11.611576, 14.994795, 0.208488, 6.864502, 1.962377, 141740.000000, 973952.000000, 13917603.516667, 29265858.000000, 29999378.000000
5.686379, 5.626746, 6.612635, 8.835794, 0.266762, 8.574972, 2.579044, 132650.000000, 599755.000000, 5031052.000000, 29386577.000000, 30111021.000000
12.328884, 12.742809, 10.106947, 13.188918, 0.226548, 7.522313, 2.028685, 136582.000000, 1046224.000000, 15669820.650000, 29611197.000000, 30375607.000000
9.556228, 9.577783, 9.601453, 12.442436, 0.261081, 7.068858, 2.301412, 138714.000000, 685771.000000, 6967745.466667, 29775897.000000, 30513349.000000
6.676211, 6.807761, 7.636226, 10.317171, 0.258988, 7.837653, 1.812247, 134520.000000, 690045.000000, 7169245.750000, 29908231.000000, 30659636.000000
6.910696, 6.941370, 7.182816, 9.682349, 0.239645, 7.993005, 2.160612, 141010.000000, 698673.000000, 6703916.966667, 30061654.000000, 30809083.000000
7.752059, 7.824649, 7.861098, 10.552143, 0.260386, 7.700494, 1.995676, 135613.000000, 714535.000000, 7406790.916667, 30223290.000000, 30970811.000000
5.599981, 5.679478, 6.675587, 9.173574, 0.237210, 7.987123, 2.343124, 134599.000000, 629523.000000, 5770449.050000, 30341280.000000, 31090397.000000
7.786122, 7.887956, 7.921166, 10.604661, 0.215257, 8.590599, 2.599848, 135434.000000, 731953.000000, 7823599.616667, 30505625.000000, 31260071.000000
8.706427, 8.827483, 8.897338, 11.791265, 0.272361, 5.968951, 2.080171, 138873.000000, 754736.000000, 8797796.333333, 30667859.000000, 31424667.000000
8.376549, 8.542664, 8.999204, 12.075228, 0.227284, 6.997792, 2.742955, 136266.000000, 725041.000000, 8465726.616667, 30814132.000000, 31573666.000000
5.146549, 5.150204, 6.658396, 8.956067, 0.248552, 7.646219, 2.011338, 134585.000000, 603624.000000, 5218131.866667, 30918551.000000, 31684202.000000
9.759234, 9.929271, 8.674877, 11.472792, 0.250731, 6.698272, 2.084615, 137791.000000, 853588.000000, 10395409.833333, 31111328.000000, 31886874.000000
6.506427, 6.644324, 7.550572, 10.200370, 0.256709, 7.326227, 2.114403, 133885.000000, 642228.000000, 6245230.583333, 31241890.000000, 32017012.000000
7.654561, 7.706689, 8.535676, 11.410281, 0.245461, 6.642626, 2.032665, 129911.000000, 677297.000000, 7569738.816667, 31384695.000000, 32159720.000000
6.164259, 6.265781, 7.161434, 9.735561, 0.227494, 8.044367, 2.296396, 134719.000000, 664679.000000, 6623489.933333, 31511968.000000, 32297984.000000
8.142740, 8.301700, 8.190852, 11.100430, 0.249177, 6.956550, 2.761530, 133946.000000, 722106.000000, 7884893.850000, 31681226.000000, 32466014.000000
5.106543, 5.076193, 6.366855, 8.571255, 0.226371, 7.960348, 2.926022, 130030.000000, 577770.000000, 4770304.233333, 31788554.000000, 32571682.000000
9.690236, 9.968213, 9.512157, 12.779240, 0.229573, 7.995480, 2.624204, 130079.000000, 799800.000000, 10375888.700000, 31971277.000000, 32767656.000000
7.634052, 7.671203, 8.304742, 10.908983, 0.231431, 6.740490, 2.037867, 125225.000000, 667995.000000, 7605120.333333, 32109353.000000, 32905969.000000
6.917786, 7.018248, 7.409165, 10.020815, 0.233776, 5.794662, 2.166874, 133972.000000, 687262.000000, 7000083.116667, 32256462.000000, 33059537.000000
6.358920, 6.398676, 7.387043, 9.991936, 0.240491, 9.425632, 2.119609, 131623.000000, 639788.000000, 6287833.816667, 32384855.000000, 33189319.000000
6.852549, 7.110501, 7.528374, 10.392059, 0.225195, 6.963089, 3.510296, 130212.000000, 678963.000000, 7369720.766667, 32523700.000000, 33333988.000000
10.824405, 10.867223, 10.501191, 13.753843, 0.213493, 7.522050, 2.376854, 137175.000000, 805143.000000, 10655592.483333, 32696526.000000, 33508000.000000
5.929789, 6.016268, 7.099922, 9.637789, 0.219071, 8.011669, 2.384802, 134527.000000, 641431.000000, 6098740.650000, 32815092.000000, 33631780.000000
11.379137, 11.661114, 10.484599, 13.990292, 0.219312, 8.993731, 4.362285, 130837.000000, 835431.000000, 11369235.433333, 33019213.000000, 33834685.000000
7.237510, 7.282119, 7.343292, 9.959724, 0.272248, 8.374551, 2.495007, 133882.000000, 714012.000000, 7414087.933333, 33179623.000000, 34001866.000000
6.054029, 6.127723, 7.189433, 9.823454, 0.259481, 7.503916, 2.625607, 134123.000000, 635666.000000, 6045730.300000, 33300026.000000, 34124505.000000
9.759648, 10.273953, 9.164706, 12.645631, 0.226511, 7.597008, 4.189412, 131186.000000, 806986.000000, 10311332.533333, 33488370.000000, 34320179.000000
10.164566, 10.025342, 8.870202, 11.585788, 0.218137, 7.353676, 2.073714, 135319.000000, 844485.000000, 10356979.866667, 33686837.000000, 34529119.000000
6.368313, 6.380421, 7.210516, 9.671049, 0.237331, 6.927476, 2.314270, 133591.000000, 623674.000000, 5699105.733333, 33816369.000000, 34650473.000000
6.721534, 6.818239, 7.118732, 9.564592, 0.212278, 9.165519, 2.426040, 131629.000000, 686761.000000, 6762278.883333, 33966303.000000, 34805727.000000
7.792718, 7.919638, 7.682542, 10.331856, 0.244232, 6.616522, 1.740467, 132432.000000, 767671.000000, 8661018.783333, 34135716.000000, 34997559.000000
11.252445, 11.505453, 10.551598, 13.739154, 0.227926, 6.950104, 2.267547, 131638.000000, 803593.000000, 10847033.733333, 34324020.000000, 35173650.000000
7.435955, 7.547925, 7.862790, 10.532945, 0.241353, 7.688918, 1.840215, 130107.000000, 692232.000000, 7599168.266667, 34472311.000000, 35327400.000000
10.064872, 10.237229, 9.912394, 13.096815, 0.215047, 8.094062, 2.333248, 132040.000000, 776964.000000, 10013592.116667, 34646801.000000, 35500701.000000
12.738391, 13.067719, 11.867631, 15.410974, 0.318935, 5.949378, 2.336446, 127916.000000, 874557.000000, 13375656.016667, 34837811.000000, 35699290.000000
16.850611, 17.341412, 13.458636, 17.383289, 0.240394, 10.933961, 3.404887, 130023.000000, 1063814.000000, 17854066.900000, 35085559.000000, 35958507.000000
5.845106, 5.831924, 6.702143, 8.975089, 0.259019, 7.349440, 2.088593, 129000.000000, 624707.000000, 5888430.833333, 35213202.000000, 36089185.000000
7.536501, 7.626937, 7.881627, 10.599775, 0.201874, 7.980597, 2.278649, 132883.000000, 691679.000000, 7162819.116667, 35368369.000000, 36242296.000000
5.492326, 5.511599, 7.016552, 9.432473, 0.299348, 8.467552, 2.476155, 130734.000000, 589477.000000, 5392103.366667, 35474381.000000, 36348983.000000
8.833682, 9.012799, 9.753373, 12.673170, 0.240743, 6.237823, 2.351212, 125807.000000, 712460.000000, 9151782.650000, 35613383.000000, 36492978.000000
6.549645, 6.733936, 7.313750, 10.022551, 0.201989, 6.745310, 2.691091, 130580.000000, 668509.000000, 6846748.733333, 35751254.000000, 36638744.000000
7.555779, 7.554514, 8.601838, 11.552936, 0.237131, 8.541050, 2.445892, 128639.000000, 665631.000000, 7405060.566667, 35885337.000000, 36770719.000000
6.288644, 6.413031, 7.684621, 10.351749, 0.217859, 8.735814, 2.502785, 128177.000000, 629182.000000, 6480369.250000, 36003860.000000, 36894830.000000
7.501528, 7.594566, 8.461973, 11.172220, 0.215899, 7.166506, 2.046897, 128487.000000, 668823.000000, 7481411.066667, 36137986.000000, 37030886.000000
5.528326, 5.580660, 6.827087, 9.276253, 0.223130, 7.834317, 2.497049, 126539.000000, 590701.000000, 5459759.266667, 36249999.000000, 37143523.000000
7.887754, 8.023944, 8.459904, 11.361575, 0.238075, 8.869524, 2.337327, 130428.000000, 714946.000000, 8288954.816667, 36397729.000000, 37301623.000000
6.792798, 6.836789, 7.524074, 10.073614, 0.220506, 8.713465, 2.319315, 124207.000000, 628767.000000, 6520956.983333, 36533966.000000, 37436050.000000
11.878788, 12.360108, 10.921170, 14.288295, 0.248290, 7.990649, 4.514344, 131829.000000, 867540.000000, 12549068.783333, 36723699.000000, 37630890.000000
8.380109, 8.335935, 8.325382, 11.122212, 0.232077, 8.357925, 2.568448, 122567.000000, 706833.000000, 8311644.600000, 36892012.000000, 37802869.000000
8.487106, 8.729001, 8.507788, 11.554476, 0.285417, 6.944560, 2.403737, 125849.000000, 738028.000000, 8857424.966667, 37066427.000000, 37984775.000000
7.686149, 7.713536, 8.364553, 11.205320, 0.264837, 8.729597, 2.465067, 132316.000000, 687453.000000, 7533560.816667, 37210420.000000, 38128360.000000
