2.910376, 4.095057, 5.237519, 9.455020, 0.191992, 49.107836, 15.396635, 45702.000000, 101347.000000
3.895067, 4.817626, 6.006815, 9.951672, 0.181641, 62.823887, 14.713523, 99023.000000, 238122.000000
7.394666, 9.370219, 9.027816, 16.211521, 0.171484, 49.953220, 15.364948, 173980.000000, 355484.000000
8.843599, 11.374123, 9.691194, 16.788471, 0.181055, 43.876532, 16.362950, 267750.000000, 559281.000000
7.843848, 10.083355, 9.270899, 16.765402, 0.175977, 50.874177, 17.914436, 349024.000000, 728875.000000
6.452602, 8.409736, 7.794970, 16.495676, 0.179395, 53.933836, 24.819238, 417990.000000, 881277.000000
5.961623, 6.995226, 7.423610, 12.505414, 0.170801, 50.437724, 15.371319, 487365.000000, 1016809.000000
5.352473, 7.048250, 7.968467, 15.044792, 0.179883, 48.233339, 21.230848, 545602.000000, 1133453.000000
5.883359, 7.331098, 7.617060, 13.245751, 0.175195, 56.244386, 17.974481, 614396.000000, 1271541.000000
8.068720, 10.285505, 8.859654, 19.234750, 0.182617, 47.988372, 18.110465, 682472.000000, 1440907.000000
6.313807, 7.849287, 7.760558, 13.444919, 0.173242, 52.547681, 16.716021, 754576.000000, 1609599.000000
7.249289, 9.275198, 8.693753, 15.333590, 0.173145, 60.038505, 18.026449, 834152.000000, 1750570.000000
10.780117, 14.033053, 9.737328, 20.062307, 0.175684, 44.918194, 25.784803, 929810.000000, 1991163.000000
5.123007, 6.040113, 6.872681, 11.400256, 0.181836, 49.485605, 15.190225, 991719.000000, 2126244.000000
4.726181, 5.989601, 7.079865, 12.724669, 0.182324, 47.755912, 15.388804, 1048436.000000, 2225444.000000
3.172305, 3.994449, 5.257213, 8.900982, 0.190234, 44.190249, 15.942379, 1097452.000000, 2320475.000000
5.734877, 7.664182, 7.909987, 15.170742, 0.192090, 58.930123, 19.043214, 1160924.000000, 2467637.000000
4.733002, 5.516379, 6.724525, 10.850755, 0.183789, 44.488935, 15.551425, 1217764.000000, 2559259.000000
7.219746, 9.589321, 8.567987, 15.707055, 0.179004, 49.259755, 13.441032, 1298384.000000, 2731662.000000
13.517163, 16.926906, 11.783028, 19.406656, 0.165527, 48.687736, 14.366597, 1410510.000000, 2990684.000000
10.680311, 14.064623, 11.617162, 22.977713, 0.185937, 51.051349, 16.286299, 1500073.000000, 3157339.000000
4.310481, 4.945021, 6.201566, 10.070693, 0.181152, 52.206519, 14.095260, 1554536.000000, 3253000.000000
6.525347, 9.150991, 8.214065, 17.714166, 0.185645, 48.840714, 20.590780, 1625586.000000, 3423914.000000
7.037996, 8.284813, 8.740988, 15.091798, 0.186816, 52.912951, 15.102720, 1695726.000000, 3560724.000000
5.719898, 7.260149, 7.310632, 12.631009, 0.174414, 50.899034, 16.391577, 1766951.000000, 3697309.000000
4.143542, 5.261924, 6.070185, 10.740166, 0.183496, 49.822383, 15.171514, 1823178.000000, 3824840.000000
5.194971, 6.737705, 7.433682, 13.479334, 0.177637, 44.727999, 15.663692, 1885479.000000, 3935560.000000
7.520457, 9.345546, 9.111456, 16.425735, 0.175879, 43.973361, 21.064210, 1959846.000000, 4085615.000000
4.313379, 5.288407, 6.353818, 10.757953, 0.171875, 54.748730, 14.319676, 2017074.000000, 4196102.000000
5.127627, 7.821474, 6.987275, 15.941069, 0.167578, 50.983178, 18.549411, 2081188.000000, 4371479.000000
9.387695, 10.751379, 10.166549, 17.375435, 0.183496, 56.415111, 16.699364, 2164545.000000, 4621081.000000
8.530348, 12.660468, 9.348101, 20.000229, 0.187402, 42.851871, 19.959396, 2254578.000000, 4861867.000000
10.069150, 11.312710, 10.335181, 20.678756, 0.185937, 59.634963, 16.167636, 2324968.000000, 4962948.000000
4.424095, 5.598662, 6.446002, 11.137381, 0.188965, 57.839531, 14.007203, 2384228.000000, 5104840.000000
3.986275, 4.960179, 6.095271, 10.381951, 0.175977, 56.044431, 13.477364, 2440258.000000, 5207621.000000
9.973039, 13.033137, 11.093818, 22.375937, 0.184082, 56.970832, 17.308271, 2524544.000000, 5408237.000000
3.894196, 4.658675, 6.006451, 10.142889, 0.173438, 46.842823, 14.015526, 2577419.000000, 5499963.000000
3.391807, 4.301550, 5.890344, 10.391190, 0.180371, 55.700564, 15.817212, 2624438.000000, 5608709.000000
5.339768, 7.170797, 7.347808, 13.151519, 0.179980, 59.734254, 17.196830, 2692711.000000, 5755202.000000
5.127611, 6.272441, 6.987029, 11.576350, 0.171387, 41.736914, 12.465609, 2757681.000000, 5922551.000000
8.891493, 12.158564, 9.060072, 17.629633, 0.176562, 41.387957, 23.819002, 2851999.000000, 6093013.000000
6.523819, 7.226314, 7.654072, 13.080022, 0.195801, 43.220620, 16.965146, 2919669.000000, 6269267.000000
7.669256, 9.527446, 8.810503, 15.435213, 0.191797, 40.377587, 15.579985, 2996574.000000, 6414818.000000
16.898625, 23.074896, 12.134415, 23.899130, 0.176172, 50.539835, 14.019444, 3148753.000000, 6709091.000000
8.608140, 9.121156, 9.321537, 14.709320, 0.181738, 47.937510, 14.331493, 3228473.000000, 6853496.000000
4.882759, 6.332446, 7.178122, 13.119844, 0.185352, 51.652305, 17.000621, 3287872.000000, 6984922.000000
4.957831, 6.340457, 6.941894, 12.611081, 0.170898, 52.936540, 17.211396, 3349372.000000, 7103806.000000
14.212609, 17.935661, 11.667606, 22.835297, 0.180371, 48.840678, 21.147987, 3462761.000000, 7341638.000000
9.047225, 11.811452, 9.942099, 20.485241, 0.174512, 51.995686, 16.576664, 3547312.000000, 7578365.000000
6.216084, 7.672983, 7.825287, 13.218855, 0.186621, 46.882902, 13.695618, 3620028.000000, 7734218.000000
11.293931, 17.625191, 10.698220, 26.160542, 0.192871, 38.704367, 25.370745, 3723102.000000, 7958042.000000
6.335694, 5.061132, 7.530854, 11.645004, 0.185547, 48.017877, 14.755738, 3777095.000000, 8077195.000000
5.552350, 9.002552, 7.189583, 14.338357, 0.170703, 45.954617, 12.950378, 3855709.000000, 8285497.000000
22.564810, 27.206033, 15.347297, 28.019174, 0.179883, 44.823536, 16.571101, 4014929.000000, 8554601.000000
5.688755, 6.642504, 7.241959, 11.803142, 0.181543, 46.907796, 17.348293, 4082338.000000, 8680323.000000
3.410659, 4.272930, 5.328366, 9.295227, 0.169531, 51.276928, 15.196336, 4134652.000000, 8791927.000000
5.934847, 7.522160, 7.707539, 13.303400, 0.181445, 52.010324, 16.316749, 4204510.000000, 8912403.000000
4.229208, 5.164916, 6.230526, 10.480781, 0.183301, 48.521485, 14.517810, 4261544.000000, 9026568.000000
3.675677, 4.544345, 5.716904, 10.163194, 0.164551, 50.720377, 16.302826, 4314278.000000, 9126147.000000
10.500809, 13.255501, 9.403649, 16.014843, 0.180273, 50.931369, 23.948252, 4415374.000000, 9327346.000000
2.965025, 3.537741, 5.001811, 8.316826, 0.184180, 42.669450, 13.195486, 4462329.000000, 9438188.000000
4.294419, 6.016739, 6.314597, 11.390202, 0.168066, 57.304146, 14.434748, 4524360.000000, 9571638.000000
6.676237, 8.703829, 8.026068, 15.934937, 0.194141, 53.655912, 19.299086, 4597030.000000, 9754244.000000
8.372599, 10.117141, 9.208956, 15.953844, 0.172852, 51.265294, 15.420658, 4685958.000000, 9931837.000000
11.374631, 14.262850, 10.527435, 19.177141, 0.185937, 45.584068, 17.664809, 4791337.000000, 10139468.000000
13.393151, 19.943132, 10.719583, 22.132597, 0.179883, 54.701182, 17.277492, 4929520.000000, 10461809.000000
10.217681, 10.100702, 9.800247, 16.670423, 0.197266, 55.020556, 16.796595, 5013511.000000, 10596509.000000
5.022954, 6.251595, 6.683664, 11.477287, 0.166699, 44.443805, 17.771314, 5080176.000000, 10725730.000000
5.616491, 6.697068, 7.307740, 11.900895, 0.180664, 43.201842, 14.835403, 5149751.000000, 10857388.000000
5.547928, 7.366724, 7.655665, 14.601997, 0.175684, 50.544971, 19.080126, 5216311.000000, 10994296.000000
4.432302, 5.547884, 6.551755, 11.613200, 0.178906, 65.890961, 15.757149, 5274947.000000, 11120523.000000
8.738472, 11.493148, 9.024379, 16.144345, 0.170898, 53.486360, 17.201988, 5374386.000000, 11334741.000000
6.518524, 7.730279, 8.598899, 15.489928, 0.182715, 66.288888, 15.918294, 5440012.000000, 11452573.000000
8.890232, 11.962203, 9.132656, 16.694378, 0.176074, 57.599947, 18.382150, 5541085.000000, 11672055.000000
8.493741, 10.276965, 9.481203, 18.522485, 0.184570, 68.331625, 25.474128, 5618799.000000, 11837033.000000
3.939169, 5.115727, 5.628583, 10.768062, 0.181836, 41.963036, 15.512852, 5674955.000000, 11962082.000000
5.631792, 7.384027, 7.661516, 14.939813, 0.188184, 58.976381, 18.293439, 5738243.000000, 12108289.000000
7.920505, 9.481881, 8.390802, 15.426676, 0.181152, 43.699589, 18.578875, 5820093.000000, 12304562.000000
5.203779, 6.712707, 6.877174, 12.425974, 0.181641, 60.957792, 15.778542, 5888117.000000, 12443703.000000
11.896413, 14.843558, 10.251614, 18.387919, 0.179004, 51.137779, 15.881511, 5996294.000000, 12661160.000000
11.073373, 14.481944, 11.889577, 24.265685, 0.179199, 61.543032, 19.208204, 6080803.000000, 12850563.000000
6.757715, 8.745813, 8.290573, 15.170033, 0.178320, 49.070594, 18.406915, 6160495.000000, 13002798.000000
3.720885, 4.287643, 5.625585, 9.104652, 0.174121, 45.995059, 15.530313, 6214268.000000, 13110205.000000
6.582390, 8.589615, 7.861044, 13.835467, 0.187109, 42.308096, 17.098170, 6293428.000000, 13301907.000000
12.210561, 15.534003, 12.063584, 23.344876, 0.184570, 46.096524, 21.216332, 6386996.000000, 13480943.000000
5.914238, 7.786552, 7.267304, 13.012850, 0.165234, 46.697147, 17.100324, 6461257.000000, 13624520.000000
5.805624, 7.143682, 7.655301, 13.084639, 0.188770, 50.580062, 17.795101, 6528251.000000, 13770237.000000
6.816568, 8.861635, 8.548408, 15.794511, 0.180078, 53.994675, 17.402145, 6602972.000000, 13913304.000000
5.449443, 6.715420, 7.234206, 12.510745, 0.181641, 45.827751, 16.087654, 6669927.000000, 14038809.000000
6.481876, 9.306148, 7.841996, 18.502727, 0.190918, 41.923958, 22.531844, 6739139.000000, 14207266.000000
7.343208, 8.289741, 8.419223, 14.450048, 0.187012, 50.823435, 15.653682, 6813608.000000, 14377452.000000
6.826676, 8.833987, 8.140158, 14.246282, 0.174023, 51.860314, 17.709462, 6895814.000000, 14531323.000000
3.657022, 4.134554, 5.560406, 9.006283, 0.185059, 44.479834, 14.725256, 6947354.000000, 14632671.000000
4.857512, 6.205728, 6.526309, 11.264878, 0.177734, 50.755450, 14.219110, 7015941.000000, 14764087.000000
6.251282, 7.949867, 7.920710, 13.692626, 0.182910, 53.581538, 16.636161, 7090048.000000, 14936970.000000
5.707315, 7.229786, 7.312080, 12.678876, 0.171777, 47.936151, 16.613735, 7161451.000000, 15071612.000000
6.380576, 9.407274, 7.469228, 16.698777, 0.171582, 49.877725, 20.865427, 7237051.000000, 15263392.000000
7.731435, 8.545305, 8.709203, 16.212724, 0.165137, 63.313403, 16.358865, 7305412.000000, 15394544.000000
7.959839, 10.135280, 8.662014, 15.565580, 0.180176, 44.174358, 16.417072, 7394295.000000, 15568207.000000
7.396679, 9.488175, 9.254033, 16.835627, 0.179004, 45.972162, 14.730838, 7470775.000000, 15723184.000000
8.913389, 11.380637, 10.435734, 20.240256, 0.181543, 55.679744, 15.804055, 7550900.000000, 15895976.000000
15.784225, 21.059742, 10.984891, 23.369303, 0.182910, 44.874986, 24.635223, 7685252.000000, 16197641.000000
11.421762, 14.213331, 11.230525, 23.909242, 0.189355, 46.971690, 27.000375, 7772918.000000, 16382878.000000
7.488480, 8.904808, 8.740814, 16.820523, 0.181836, 48.976242, 15.171704, 7841601.000000, 16559593.000000
7.068332, 9.259532, 8.959976, 16.555065, 0.186621, 54.294829, 17.775869, 7915898.000000, 16712574.000000
13.537134, 17.561483, 12.297036, 24.343658, 0.179004, 58.827492, 12.790793, 8023383.000000, 16980218.000000
9.407299, 12.192180, 10.140774, 20.194792, 0.180957, 51.882687, 17.618539, 8103639.000000, 17114869.000000
8.334362, 10.294230, 8.834045, 15.290201, 0.177637, 42.067464, 18.555218, 8190711.000000, 17282960.000000
6.517746, 8.107462, 7.993613, 13.910876, 0.175977, 52.546831, 18.172952, 8265623.000000, 17439906.000000
6.991549, 8.626222, 8.100194, 13.417667, 0.177344, 48.208745, 18.073556, 8348233.000000, 17594088.000000
4.774778, 6.283209, 6.993931, 12.268284, 0.172168, 42.904505, 16.909660, 8411337.000000, 17715689.000000
5.236212, 6.472558, 7.349118, 13.406582, 0.186426, 56.806836, 16.968790, 8473161.000000, 17853510.000000
6.181565, 8.120653, 8.209252, 15.702731, 0.181641, 50.324399, 18.129636, 8541679.000000, 17995351.000000
5.829156, 7.771713, 7.638041, 13.731563, 0.178711, 47.504259, 16.341818, 8614467.000000, 18144614.000000
9.057610, 11.045065, 9.668248, 18.832567, 0.178711, 60.942562, 17.890861, 8698992.000000, 18319224.000000
4.484212, 5.990585, 6.525687, 12.265180, 0.170410, 49.889842, 15.944802, 8759309.000000, 18467465.000000
6.953665, 8.580987, 8.464069, 15.518318, 0.176367, 57.658998, 15.530574, 8833418.000000, 18626684.000000
6.832162, 8.528308, 8.378557, 15.554707, 0.179883, 48.652641, 16.322848, 8904300.000000, 18742505.000000
8.833202, 12.437014, 9.634306, 19.963984, 0.169922, 50.938439, 23.690074, 8993276.000000, 18943249.000000
5.590025, 5.962705, 7.330224, 12.196186, 0.171973, 53.691925, 15.032794, 9053454.000000, 19060457.000000
9.924444, 12.559252, 9.826842, 18.269739, 0.175879, 56.361384, 16.000865, 9152414.000000, 19291925.000000
5.805936, 7.683954, 7.469223, 13.324407, 0.187598, 37.494518, 16.523514, 9225785.000000, 19422582.000000
4.199692, 4.895956, 6.372803, 11.053863, 0.174609, 48.908922, 16.089688, 9279872.000000, 19554086.000000
10.166748, 13.720885, 9.816761, 17.934653, 0.188770, 48.929095, 15.521079, 9394218.000000, 19788680.000000
13.025212, 16.173119, 10.579440, 21.280227, 0.169824, 45.107753, 18.086532, 9513082.000000, 20060220.000000
8.082845, 10.107799, 9.139421, 16.020547, 0.189062, 46.604476, 15.174819, 9601566.000000, 20226897.000000
13.277721, 16.540827, 9.769295, 18.152060, 0.176270, 42.747763, 16.405421, 9719446.000000, 20468479.000000
6.543113, 8.014575, 7.748000, 13.382241, 0.178711, 55.021985, 20.887435, 9794840.000000, 20607533.000000
8.995701, 11.761718, 9.676435, 17.652621, 0.191699, 49.218300, 14.744756, 9889219.000000, 20821480.000000
6.981071, 8.353410, 8.458930, 15.138862, 0.180078, 55.918858, 14.778538, 9960550.000000, 20960172.000000
4.813149, 6.370169, 6.778156, 12.366179, 0.182910, 45.400088, 17.478077, 10024157.000000, 21100148.000000
6.072492, 7.426751, 7.791561, 13.652362, 0.174219, 75.545129, 13.883555, 10093849.000000, 21227432.000000
6.854969, 10.308167, 8.137972, 16.501668, 0.181055, 61.953387, 14.684454, 10180141.000000, 21426315.000000
8.731160, 9.655109, 9.699453, 17.029045, 0.183887, 51.792697, 15.522431, 10257473.000000, 21568621.000000
5.396023, 7.030610, 7.033666, 12.421802, 0.170703, 45.026858, 17.171478, 10328890.000000, 21719588.000000
6.501808, 7.948479, 8.344436, 15.720135, 0.176270, 58.954313, 17.004765, 10396073.000000, 21843646.000000
8.755432, 11.339061, 8.942209, 16.298835, 0.193164, 52.768586, 16.202334, 10488615.000000, 22049266.000000
6.686148, 8.781054, 8.334009, 15.460868, 0.176074, 44.757354, 15.838655, 10564394.000000, 22191333.000000
5.083621, 6.041639, 6.832562, 11.642241, 0.178125, 51.659182, 16.832613, 10626702.000000, 22418017.000000
12.944533, 17.393186, 11.436943, 26.194780, 0.175293, 70.805633, 23.695631, 10729098.000000, 22587774.000000
6.013322, 7.126955, 7.718189, 13.114172, 0.176270, 46.667773, 12.795627, 10796383.000000, 22713990.000000
5.283635, 6.385084, 7.255900, 13.179954, 0.189844, 56.949472, 15.303735, 10856626.000000, 22845097.000000
6.799320, 11.576364, 7.938997, 19.639642, 0.172656, 48.887297, 19.159493, 10941475.000000, 23115220.000000
18.597967, 21.743986, 15.724124, 31.763910, 0.184668, 46.879661, 21.055555, 11049273.000000, 23311945.000000
6.062413, 7.630380, 8.253036, 15.670788, 0.181934, 53.992389, 18.060716, 11113756.000000, 23449276.000000
4.899593, 6.400567, 6.807755, 12.074519, 0.186230, 63.122468, 16.330229, 11179080.000000, 23584814.000000
5.368845, 6.425263, 7.086873, 11.959060, 0.175000, 50.645539, 14.876800, 11245311.000000, 23709759.000000
9.762650, 12.488955, 10.161872, 17.827883, 0.184668, 43.801299, 16.242590, 11345679.000000, 23925260.000000
7.308667, 9.141202, 9.103627, 16.437566, 0.181348, 56.125079, 13.892533, 11419684.000000, 24065484.000000
4.206848, 5.249074, 6.107669, 10.194552, 0.170508, 59.798682, 14.444996, 11479915.000000, 24218350.000000
8.504370, 11.252307, 8.979811, 17.423310, 0.167285, 63.468622, 23.443036, 11569200.000000, 24395357.000000
5.135015, 6.108608, 6.748698, 11.752065, 0.184766, 49.679197, 15.000063, 11632109.000000, 24529789.000000
12.253726, 15.351116, 10.261329, 19.239714, 0.187793, 49.987172, 16.783230, 11740793.000000, 24727206.000000
6.768084, 10.126433, 8.086744, 15.931069, 0.180957, 47.972652, 14.175610, 11827757.000000, 24936735.000000
10.025928, 11.707701, 9.880076, 16.347126, 0.184570, 46.664117, 16.187424, 11927588.000000, 25200852.000000
12.538333, 15.171237, 10.474671, 18.438968, 0.181738, 47.865915, 15.808579, 12040470.000000, 25345559.000000
11.460312, 14.716622, 11.322315, 22.565025, 0.178027, 52.971196, 17.550620, 12141408.000000, 25574851.000000
15.507310, 19.755602, 10.765930, 22.587236, 0.179590, 56.142097, 22.745363, 12271020.000000, 25856931.000000
7.738975, 10.409679, 8.765486, 16.062129, 0.176563, 51.860624, 18.699190, 12357954.000000, 26021204.000000
6.106554, 6.925397, 7.409410, 12.679372, 0.178906, 38.916703, 13.759307, 12423357.000000, 26162637.000000
6.034026, 8.737974, 7.471588, 15.797790, 0.169238, 55.980719, 20.945362, 12499049.000000, 26337417.000000
14.341582, 17.039244, 9.066152, 19.159569, 0.182129, 45.585376, 15.333867, 12614901.000000, 26604255.000000
6.915351, 8.885849, 8.099987, 14.816640, 0.179199, 48.245426, 18.260201, 12695056.000000, 26751075.000000
5.245326, 6.523392, 7.084462, 14.502381, 0.177637, 52.999912, 18.254578, 12755457.000000, 26911058.000000
5.936260, 7.424751, 7.704991, 13.493512, 0.181641, 46.497222, 16.454558, 12824133.000000, 27028344.000000
4.772613, 6.743908, 6.742361, 13.623065, 0.187012, 51.714514, 19.161287, 12887054.000000, 27176046.000000
5.259664, 6.074795, 7.313675, 12.072558, 0.180078, 49.906705, 16.551735, 12947882.000000, 27285513.000000
6.944976, 9.230500, 8.406564, 16.641260, 0.179492, 57.049424, 18.238320, 13023386.000000, 27466263.000000
27.621807, 35.922473, 15.959532, 35.356222, 0.184180, 54.917723, 21.894894, 13225711.000000, 28086653.000000
16.995295, 20.760417, 11.510610, 24.129887, 0.172656, 62.898528, 15.183053, 13357317.000000, 28258406.000000
8.317009, 10.586392, 9.511539, 16.771507, 0.182031, 57.937235, 16.435526, 13442347.000000, 28398227.000000
4.799395, 5.856784, 6.674868, 11.523251, 0.177832, 48.967103, 15.414380, 13502610.000000, 28520004.000000
4.522941, 5.482424, 6.556968, 10.844097, 0.189258, 48.895054, 18.298614, 13561390.000000, 28627964.000000
7.680057, 9.769908, 8.226211, 15.219870, 0.169824, 52.007983, 16.587854, 13644622.000000, 28817891.000000
5.041161, 6.449505, 7.080204, 12.656525, 0.180566, 54.867223, 17.656237, 13708026.000000, 28953277.000000
5.627996, 8.236567, 7.161928, 15.512339, 0.178320, 48.968581, 17.633720, 13778918.000000, 29108627.000000
6.592698, 7.328602, 8.765054, 15.890395, 0.171094, 68.110631, 16.064293, 13836251.000000, 29217647.000000
5.200939, 9.083682, 6.799267, 17.613594, 0.180469, 41.955681, 21.626044, 13900914.000000, 29375964.000000
10.190339, 10.859067, 10.603917, 18.618837, 0.172363, 50.003514, 18.925258, 13979818.000000, 29528161.000000
5.430559, 7.129691, 6.957679, 12.553827, 0.187793, 46.895549, 18.068021, 14049621.000000, 29672703.000000
9.141056, 11.406684, 9.970191, 19.511829, 0.175488, 48.779755, 22.682875, 14128525.000000, 29844058.000000
3.739233, 4.635595, 5.823726, 9.878856, 0.180273, 44.657693, 16.523109, 14181464.000000, 29946751.000000
9.809212, 15.337796, 9.493455, 19.494632, 0.195703, 44.441527, 18.549971, 14288921.000000, 30183755.000000
11.304572, 12.624229, 10.231903, 19.811922, 0.183984, 54.806629, 18.407617, 14384424.000000, 30379328.000000
7.939920, 9.272631, 9.198126, 15.787544, 0.174316, 51.400740, 18.016826, 14462093.000000, 30525293.000000
8.774935, 10.839955, 9.706303, 17.307197, 0.190039, 47.331595, 16.705198, 14548626.000000, 30703138.000000
6.885668, 9.128502, 8.219866, 15.872589, 0.179883, 53.971669, 17.749417, 14627431.000000, 30936894.000000
17.419025, 23.162311, 13.549238, 27.909675, 0.181934, 56.026964, 23.672712, 14760534.000000, 31194205.000000
6.879367, 7.811202, 8.175650, 13.976962, 0.182715, 45.822922, 12.785089, 14830929.000000, 31306573.000000
8.071688, 9.862446, 8.661844, 14.068481, 0.167480, 47.955647, 15.284100, 14917911.000000, 31611347.000000
8.686665, 11.914791, 9.769996, 20.541217, 0.174805, 61.947264, 18.673861, 14998905.000000, 31750339.000000
5.851800, 7.194810, 7.474096, 13.607081, 0.177637, 59.830949, 19.097781, 15064281.000000, 31898701.000000
6.422701, 8.075190, 8.009749, 13.639690, 0.175684, 59.525919, 16.026814, 15139061.000000, 32050368.000000
8.071470, 9.848463, 8.942116, 15.110190, 0.181738, 57.147198, 17.067170, 15222810.000000, 32216952.000000
5.211418, 6.634748, 7.057401, 11.925015, 0.166992, 46.961646, 17.479299, 15288996.000000, 32337045.000000
7.176094, 9.337355, 8.582753, 15.352445, 0.169824, 45.994921, 17.302474, 15367244.000000, 32510816.000000
7.529660, 9.818856, 8.261571, 17.168735, 0.180859, 45.544164, 23.700918, 15446348.000000, 32680267.000000
6.052582, 7.854978, 7.839245, 15.370982, 0.187109, 49.913717, 18.219297, 15510569.000000, 32831511.000000
5.704497, 6.486825, 7.630450, 13.233502, 0.184277, 48.918494, 16.896365, 15570362.000000, 32942344.000000
10.519795, 13.360476, 8.840491, 17.991230, 0.188770, 52.103368, 17.500812, 15671449.000000, 33175272.000000
5.420399, 6.880760, 7.520493, 13.200652, 0.181445, 47.415914, 15.361278, 15734152.000000, 33306316.000000
4.938817, 6.744821, 6.750365, 12.847768, 0.180762, 49.821759, 15.860803, 15798076.000000, 33450289.000000
6.361756, 7.725122, 8.242908, 15.092446, 0.180957, 40.703778, 15.679661, 15863954.000000, 33589887.000000
6.933122, 9.173346, 8.444002, 15.021438, 0.177734, 54.917223, 15.515809, 15944717.000000, 33759871.000000
5.492918, 6.233702, 7.193324, 11.538455, 0.178809, 48.195893, 17.525659, 16008110.000000, 33865941.000000
7.458825, 10.412242, 8.989660, 17.822708, 0.177637, 53.971355, 19.479886, 16085734.000000, 34065631.000000
6.691762, 8.132422, 7.866516, 15.218883, 0.178027, 49.736567, 19.835431, 16153040.000000, 34208567.000000
5.895856, 7.553932, 7.465756, 13.102023, 0.181836, 47.387505, 18.865504, 16223757.000000, 34364119.000000
5.803645, 6.931326, 7.290035, 12.678291, 0.180957, 55.202640, 16.159115, 16290565.000000, 34494557.000000
5.548679, 7.221525, 7.606903, 13.720883, 0.184668, 45.966040, 15.506534, 16354823.000000, 34640590.000000
6.215430, 10.211471, 7.539362, 18.942279, 0.188086, 48.937068, 22.004479, 16425567.000000, 34821945.000000
8.548335, 8.716818, 9.811576, 16.719803, 0.165820, 51.402434, 18.481125, 16492225.000000, 34946489.000000
6.390810, 8.139215, 8.112241, 14.072717, 0.185352, 54.900444, 17.334036, 16564777.000000, 35154853.000000
7.929497, 10.192147, 8.989630, 17.036652, 0.176953, 68.348402, 16.238288, 16648488.000000, 35324039.000000
5.460894, 6.695318, 7.281870, 12.542396, 0.177832, 63.855884, 18.312588, 16713512.000000, 35447101.000000
8.908230, 11.180500, 9.229845, 15.762973, 0.188574, 52.547799, 18.206741, 16804095.000000, 35654598.000000
13.020567, 16.706756, 10.957067, 21.055781, 0.168945, 66.277778, 18.018090, 16917896.000000, 35885254.000000
5.942014, 7.429431, 7.874412, 13.459743, 0.189258, 48.247469, 16.640009, 16985779.000000, 36007089.000000
4.141652, 5.824799, 6.027705, 11.030323, 0.177930, 42.661692, 13.674974, 17046743.000000, 36168861.000000
8.717282, 10.273977, 9.105236, 14.894315, 0.191113, 43.026896, 18.631619, 17136068.000000, 36368295.000000
10.491064, 13.926942, 10.119984, 21.983616, 0.178711, 51.991233, 15.331223, 17225754.000000, 36555172.000000
8.432275, 10.919798, 9.615861, 17.359976, 0.187012, 65.836602, 19.868198, 17308550.000000, 36712211.000000
7.815219, 10.494605, 8.887569, 18.093440, 0.169043, 45.369413, 22.322471, 17386684.000000, 36891394.000000
13.635771, 17.290791, 12.881179, 28.218995, 0.186914, 53.996032, 17.707073, 17474536.000000, 37103489.000000
9.779236, 13.027515, 10.361885, 21.331636, 0.179883, 53.437628, 23.842237, 17560918.000000, 37392810.000000
13.612206, 17.550589, 12.294263, 27.060176, 0.183691, 60.098667, 16.358699, 17651293.000000, 37525124.000000
7.008185, 8.477946, 8.198193, 14.197805, 0.173828, 52.454222, 18.623765, 17725468.000000, 37682052.000000
5.365443, 6.561701, 7.047782, 12.323336, 0.186621, 55.343851, 15.921808, 17787951.000000, 37789252.000000
6.841093, 9.600067, 8.632384, 19.486636, 0.177539, 45.877284, 26.777396, 17850492.000000, 37940149.000000
5.786956, 7.061745, 7.230206, 12.915657, 0.177246, 52.398436, 15.135983, 17916894.000000, 38086864.000000
6.535500, 8.197434, 8.150864, 15.013598, 0.172754, 57.119549, 18.848421, 17985386.000000, 38220768.000000
5.723480, 7.174781, 7.966204, 14.635324, 0.174316, 57.991394, 18.131559, 18045296.000000, 38345817.000000
6.741497, 8.753432, 8.702113, 17.096751, 0.175391, 69.195331, 17.684380, 18110069.000000, 38485298.000000
4.224488, 5.138356, 6.082853, 10.504026, 0.182715, 44.826354, 17.171073, 18163883.000000, 38598948.000000
6.443590, 8.265543, 8.374691, 15.777573, 0.188965, 49.927177, 17.108787, 18230359.000000, 38759409.000000
5.580517, 7.464829, 7.365003, 13.463701, 0.168066, 46.729649, 17.709305, 18295680.000000, 38895348.000000
5.107232, 7.515864, 7.040259, 15.218248, 0.181348, 54.788388, 15.837718, 18356393.000000, 39108305.000000
15.459315, 19.571576, 13.750155, 27.415025, 0.183496, 53.750065, 15.521261, 18459145.000000, 39284117.000000
7.839761, 9.644753, 8.491848, 14.818388, 0.182617, 53.106262, 16.549787, 18542737.000000, 39468973.000000
8.541589, 10.505586, 9.862920, 18.166134, 0.185156, 70.234413, 19.220074, 18620131.000000, 39614299.000000
