2.321797, 2.489750, 3.637509, 4.484419, 0.653185, 45.955568, 12.901047, 138489.000000, 422327.000000, 4923377.483333, 71090.000000, 101070.000000
2.888669, 2.997793, 4.003704, 4.921329, 0.601726, 46.308910, 13.587288, 138091.000000, 429011.000000, 6368967.916667, 157908.000000, 234429.000000
4.592485, 4.841360, 5.202453, 6.520287, 0.605530, 54.223196, 15.107072, 146506.000000, 449723.000000, 5879625.183333, 287064.000000, 351194.000000
5.434331, 5.869650, 5.402359, 6.861391, 0.593062, 46.932842, 14.115274, 147409.000000, 470757.000000, 9227907.566667, 455157.000000, 550083.000000
4.772746, 4.963611, 5.192640, 6.438080, 0.643712, 50.889414, 15.107074, 147661.000000, 464001.000000, 7935836.333333, 594015.000000, 717520.000000
4.869304, 5.174763, 5.576762, 7.175150, 0.636811, 53.111804, 16.645634, 149290.000000, 475521.000000, 9017001.150000, 722792.000000, 865124.000000
3.910357, 4.065460, 4.606932, 5.653190, 0.597002, 46.829238, 13.657391, 140277.000000, 431738.000000, 5884655.983333, 843920.000000, 998860.000000
3.506685, 3.725055, 4.717149, 5.944445, 0.592632, 45.475631, 15.129723, 144501.000000, 447392.000000, 6211005.116667, 939145.000000, 1114184.000000
3.896935, 4.072927, 4.717883, 5.883182, 0.657645, 49.487018, 14.293758, 144020.000000, 445349.000000, 6520370.566667, 1054859.000000, 1251039.000000
4.884856, 5.248271, 5.589492, 7.174216, 0.616735, 54.002293, 16.676352, 141688.000000, 458371.000000, 9317942.916667, 1178038.000000, 1406716.000000
4.361244, 4.538758, 4.871631, 6.002856, 0.526940, 47.583062, 13.831327, 139904.000000, 440195.000000, 7279229.166667, 1309567.000000, 1570234.000000
4.435092, 4.701659, 4.992782, 6.269137, 0.620640, 43.492127, 14.247241, 139240.000000, 435520.000000, 6976170.783333, 1443788.000000, 1708352.000000
9.676978, 10.366109, 7.228819, 9.185268, 0.716788, 52.161760, 15.580014, 141414.000000, 487702.000000, 14986944.900000, 1663247.000000, 1948360.000000
3.538439, 3.655807, 4.460595, 5.452922, 0.638858, 49.362529, 13.860183, 144932.000000, 448576.000000, 6516651.250000, 1767436.000000, 2082344.000000
3.470955, 3.637394, 4.552239, 5.636292, 0.652255, 47.344940, 14.630962, 143906.000000, 436079.000000, 4781727.150000, 1866672.000000, 2181277.000000
2.655444, 2.739134, 3.851586, 4.643158, 0.559897, 43.811851, 13.238085, 143048.000000, 432369.000000, 4441161.766667, 1945768.000000, 2276127.000000
3.873069, 4.138519, 4.886920, 6.196783, 0.658439, 55.012084, 15.252678, 142097.000000, 447132.000000, 7618762.500000, 2053364.000000, 2421357.000000
3.076756, 3.153113, 4.104101, 4.950358, 0.603677, 45.880382, 13.301834, 134795.000000, 408305.000000, 4121028.416667, 2146193.000000, 2512627.000000
4.745864, 5.058542, 5.142269, 6.441461, 0.642982, 52.349112, 14.359113, 149708.000000, 472005.000000, 7929705.333333, 2289054.000000, 2681835.000000
8.242451, 8.771022, 6.552329, 8.268688, 0.575724, 51.976883, 14.662857, 140943.000000, 492302.000000, 16156230.200000, 2490019.000000, 2938864.000000
5.957844, 6.415068, 6.130168, 7.926145, 0.648797, 51.570037, 17.267116, 144111.000000, 456276.000000, 8217375.716667, 2651703.000000, 3101117.000000
2.889282, 2.929007, 4.041713, 4.879008, 0.571470, 51.190352, 13.616588, 143790.000000, 434823.000000, 4576015.933333, 2735686.000000, 3196604.000000
4.779373, 5.168090, 5.445886, 7.033592, 0.604459, 53.243528, 15.884817, 145057.000000, 467396.000000, 9544188.516667, 2867907.000000, 3363702.000000
4.013588, 4.255864, 4.870087, 6.103917, 0.574783, 48.579430, 14.961262, 144967.000000, 448689.000000, 6544911.900000, 2982683.000000, 3499261.000000
3.998690, 4.122631, 4.629324, 5.679020, 0.584816, 50.364515, 13.894086, 144978.000000, 447461.000000, 6157792.600000, 3105750.000000, 3634928.000000
3.102370, 3.239525, 4.175817, 5.129278, 0.600410, 44.016318, 13.395067, 138410.000000, 427999.000000, 5920580.750000, 3198979.000000, 3761149.000000
3.619722, 3.886659, 4.548674, 5.741855, 0.629584, 44.794785, 14.199583, 147914.000000, 451916.000000, 5321491.550000, 3304063.000000, 3871062.000000
4.609952, 4.781794, 5.227697, 6.521308, 0.667210, 56.705107, 15.387549, 147476.000000, 462217.000000, 7604048.083333, 3432994.000000, 4018789.000000
3.266237, 3.413010, 4.355974, 5.346337, 0.605796, 56.746498, 13.745482, 145921.000000, 444284.000000, 5182516.716667, 3528929.000000, 4128938.000000
4.447216, 4.927704, 5.145815, 6.735357, 0.576184, 48.836689, 15.013466, 151697.000000, 485423.000000, 9195425.800000, 3656136.000000, 4299684.000000
7.559281, 7.812554, 6.344288, 7.876050, 0.620749, 56.896552, 15.510221, 144219.000000, 474269.000000, 11095931.350000, 3865405.000000, 4519139.000000
5.771392, 6.763849, 5.782352, 7.925120, 0.614019, 51.397470, 15.305340, 145675.000000, 493039.000000, 13538696.516667, 4028953.000000, 4739621.000000
4.618032, 4.343260, 5.336772, 6.282836, 0.578482, 55.862836, 17.573857, 147538.000000, 446555.000000, 4825123.266667, 4140054.000000, 4840314.000000
3.348271, 3.529531, 4.409144, 5.455921, 0.611346, 55.902803, 13.965621, 148051.000000, 456780.000000, 6716311.300000, 4239406.000000, 4980995.000000
3.591320, 3.720336, 4.523573, 5.547986, 0.563650, 62.529433, 14.100771, 152629.000000, 462019.000000, 4925236.466667, 4343813.000000, 5083549.000000
5.856400, 6.293329, 6.112685, 7.878581, 0.599119, 47.834448, 17.060171, 146607.000000, 480219.000000, 11406294.300000, 4498506.000000, 5276302.000000
2.947456, 3.040122, 4.131723, 5.019843, 0.565423, 48.767974, 13.809706, 147254.000000, 444522.000000, 4256808.216667, 4584680.000000, 5367839.000000
3.259183, 3.424618, 4.397857, 5.462785, 0.574861, 44.496742, 14.483925, 140477.000000, 430952.000000, 5541155.283333, 4676869.000000, 5475206.000000
3.715180, 3.949827, 4.603396, 5.781401, 0.573277, 50.880852, 14.174150, 152751.000000, 471128.000000, 6941499.083333, 4788101.000000, 5620752.000000
3.812434, 4.124384, 4.579655, 5.743016, 0.596811, 46.974258, 13.608249, 147346.000000, 461002.000000, 7293378.900000, 4907004.000000, 5782984.000000
6.122546, 6.289991, 5.749813, 7.112055, 0.602843, 45.947656, 14.733926, 149417.000000, 470954.000000, 8093230.566667, 5081762.000000, 5944219.000000
3.804321, 4.057830, 4.651767, 5.785189, 0.570785, 42.636249, 13.939549, 148173.000000, 468486.000000, 8196151.750000, 5195051.000000, 6112289.000000
4.597874, 4.790353, 5.099593, 6.283143, 0.638107, 44.617268, 14.526778, 148817.000000, 461279.000000, 6571410.250000, 5325401.000000, 6252223.000000
8.483066, 9.203792, 6.591830, 8.397767, 0.667475, 46.179017, 14.528204, 148650.000000, 493952.000000, 12373771.133333, 5574020.000000, 6512779.000000
4.474275, 4.493608, 4.912906, 5.965816, 0.589584, 47.504728, 14.509488, 145720.000000, 453043.000000, 6651353.666667, 5702611.000000, 6654752.000000
3.765771, 4.045771, 4.734707, 6.010031, 0.616695, 51.149157, 14.590061, 144292.000000, 447843.000000, 6631478.750000, 5810538.000000, 6784941.000000
3.551969, 3.643036, 4.497316, 5.548433, 0.611729, 43.687635, 14.505861, 151322.000000, 464143.000000, 5888692.816667, 5914694.000000, 6903419.000000
6.733932, 7.144206, 6.120194, 7.686773, 0.621623, 49.771005, 15.204526, 149867.000000, 491055.000000, 11044714.700000, 6098076.000000, 7113415.000000
6.547922, 7.094274, 6.350436, 8.218771, 0.647617, 58.262761, 16.559282, 148722.000000, 495321.000000, 12760832.750000, 6277829.000000, 7339963.000000
4.178881, 4.362345, 4.868110, 6.054222, 0.591132, 49.780094, 14.525576, 148856.000000, 463850.000000, 6968897.700000, 6402164.000000, 7492453.000000
7.078550, 7.791557, 6.661112, 8.800934, 0.579809, 51.871010, 17.277927, 144739.000000, 486576.000000, 13178222.333333, 6590580.000000, 7697708.000000
3.108923, 3.096688, 4.246346, 5.097409, 0.631869, 52.310406, 15.114409, 150278.000000, 458531.000000, 5445703.333333, 6677919.000000, 7815835.000000
4.972680, 5.535969, 5.060039, 6.485242, 0.647834, 54.210032, 13.241842, 151268.000000, 486747.000000, 9795398.133333, 6831414.000000, 8002608.000000
10.833277, 11.352460, 7.731245, 9.801502, 0.690858, 49.761827, 16.480492, 151971.000000, 520353.000000, 15384377.883333, 7088324.000000, 8270327.000000
3.680920, 3.832897, 4.467086, 5.471264, 0.601856, 44.081852, 13.660687, 151981.000000, 464416.000000, 5684476.683333, 7200320.000000, 8394717.000000
2.820570, 2.864522, 4.014808, 4.783871, 0.572808, 49.002726, 13.432260, 148861.000000, 454538.000000, 5138734.233333, 7282121.000000, 8505180.000000
3.908860, 4.141840, 4.719004, 5.918103, 0.625504, 45.643872, 14.280339, 146168.000000, 446838.000000, 5807444.183333, 7398206.000000, 8625135.000000
3.304453, 3.491831, 4.346382, 5.458883, 0.635287, 47.502763, 14.166563, 149514.000000, 459284.000000, 5723051.883333, 7495382.000000, 8738262.000000
2.942281, 2.940983, 4.137191, 4.926852, 0.607260, 46.259253, 14.214813, 149529.000000, 450760.000000, 4514496.466667, 7579907.000000, 8837497.000000
7.551686, 7.967349, 6.036039, 7.490737, 0.567001, 44.932517, 13.572186, 144557.000000, 474235.000000, 10918636.933333, 7768046.000000, 9038357.000000
3.105186, 3.236200, 4.192166, 5.106888, 0.607981, 44.030066, 13.461371, 151819.000000, 461933.000000, 5197678.916667, 7860931.000000, 9148186.000000
3.617381, 3.810366, 4.494288, 5.508213, 0.546803, 47.787749, 13.515479, 149413.000000, 460699.000000, 6019323.333333, 7969716.000000, 9280516.000000
4.875807, 5.305745, 5.402234, 6.982189, 0.625511, 44.044348, 15.629234, 152635.000000, 491351.000000, 9902701.500000, 8106752.000000, 9460032.000000
5.348730, 5.548690, 5.511096, 6.836603, 0.653611, 48.972131, 15.046847, 161358.000000, 505368.000000, 8417934.216667, 8262817.000000, 9635135.000000
6.203283, 6.561578, 5.914082, 7.416150, 0.672324, 52.617722, 15.056949, 161630.000000, 512364.000000, 9246156.100000, 8439130.000000, 9827571.000000
8.120941, 8.658602, 6.528540, 8.226597, 0.601621, 56.355379, 14.590325, 155475.000000, 524813.000000, 14316343.050000, 8675089.000000, 10116567.000000
4.741801, 4.941420, 5.220051, 6.514410, 0.688769, 47.782840, 15.201690, 155791.000000, 478528.000000, 6253994.583333, 8812987.000000, 10250442.000000
3.822487, 3.996007, 4.665507, 5.781515, 0.629817, 52.005570, 14.001812, 160415.000000, 491577.000000, 6015481.616667, 8926929.000000, 10378914.000000
3.702550, 3.807986, 4.522376, 5.466943, 0.613515, 46.920218, 13.703152, 158439.000000, 485995.000000, 6054791.316667, 9038791.000000, 10509481.000000
4.110541, 4.375392, 4.956839, 6.282462, 0.617101, 48.609185, 15.156389, 154573.000000, 479831.000000, 7141612.000000, 9156275.000000, 10645716.000000
3.520695, 3.691793, 4.598719, 5.723645, 0.603332, 55.625688, 14.619144, 157412.000000, 482050.000000, 6102465.433333, 9257527.000000, 10771478.000000
5.729650, 6.053768, 5.490300, 6.837510, 0.638496, 49.053213, 13.968412, 150572.000000, 484273.000000, 9766563.833333, 9436589.000000, 10980191.000000
3.993106, 4.209092, 4.971923, 6.310831, 0.579948, 57.548194, 15.551545, 155422.000000, 476245.000000, 5899693.616667, 9546234.000000, 11097358.000000
5.473764, 5.781819, 5.285861, 6.578545, 0.583044, 47.341971, 13.623010, 150921.000000, 484304.000000, 9512644.950000, 9721366.000000, 11310163.000000
5.543024, 5.886764, 5.956805, 7.630702, 0.579664, 47.431101, 16.788965, 148460.000000, 473543.000000, 9124371.183333, 9868848.000000, 11470722.000000
3.189515, 3.409481, 4.235181, 5.273675, 0.632603, 47.430338, 13.501282, 152120.000000, 468947.000000, 6187428.950000, 9965145.000000, 11594892.000000
4.279030, 4.659522, 5.149408, 6.741918, 0.675640, 45.412525, 15.973873, 145302.000000, 460806.000000, 8130115.966667, 10081918.000000, 11738735.000000
5.006732, 5.100416, 5.120874, 6.207088, 0.614473, 49.919209, 14.271664, 152691.000000, 483730.000000, 8426464.250000, 10231125.000000, 11922662.000000
4.137835, 4.362295, 4.853510, 6.026303, 0.593063, 48.735721, 14.055388, 154908.000000, 476197.000000, 6370689.366667, 10352195.000000, 12060279.000000
6.059368, 6.378498, 5.687547, 7.093381, 0.629371, 47.907215, 14.404501, 147945.000000, 477322.000000, 10115316.233333, 10525162.000000, 12256539.000000
6.037586, 6.558570, 6.332796, 8.252281, 0.575379, 63.221157, 17.959015, 150764.000000, 490776.000000, 10790121.733333, 10678069.000000, 12437459.000000
4.622910, 4.833290, 5.098204, 6.347091, 0.678481, 44.860602, 14.541782, 158644.000000, 491410.000000, 7296658.283333, 10818286.000000, 12588278.000000
2.901910, 2.994790, 4.072957, 4.924047, 0.610560, 49.668130, 13.471675, 153259.000000, 466046.000000, 5129253.083333, 10903953.000000, 12695324.000000
4.460252, 4.849528, 4.880184, 6.194996, 0.575503, 44.130067, 13.698528, 156999.000000, 496623.000000, 8643435.133333, 11042063.000000, 12880426.000000
6.034319, 6.324679, 6.131129, 7.779496, 0.611035, 47.314743, 16.949837, 152983.000000, 491273.000000, 9751221.883333, 11197101.000000, 13047034.000000
4.374461, 4.633255, 4.850145, 5.979793, 0.609188, 58.682846, 13.762859, 146177.000000, 447132.000000, 6234815.983333, 11331966.000000, 13189444.000000
3.995069, 4.202084, 4.743828, 5.888898, 0.604297, 54.973544, 14.101752, 147379.000000, 460256.000000, 7091388.683333, 11450897.000000, 13333611.000000
4.472097, 4.667604, 5.125135, 6.409058, 0.613119, 47.949498, 15.094230, 154528.000000, 479062.000000, 7243243.233333, 11577588.000000, 13475276.000000
3.777615, 4.004841, 4.674296, 5.845047, 0.584279, 44.691621, 14.266373, 153345.000000, 467537.000000, 5965754.416667, 11688961.000000, 13600240.000000
4.834060, 5.268226, 5.485557, 7.167216, 0.623787, 43.210904, 16.275453, 157755.000000, 504757.000000, 9682018.266667, 11817771.000000, 13762010.000000
4.723818, 4.911710, 5.101478, 6.283109, 0.616350, 48.564293, 14.533465, 154309.000000, 482558.000000, 7712060.700000, 11959044.000000, 13928576.000000
4.654754, 4.838932, 5.064256, 6.269130, 0.581671, 48.056992, 14.238806, 158105.000000, 489138.000000, 6924505.133333, 12097464.000000, 14080742.000000
2.942957, 2.980273, 4.088047, 4.910349, 0.598860, 46.346045, 13.685893, 151186.000000, 456660.000000, 4778742.366667, 12182265.000000, 14181869.000000
3.890259, 4.094032, 4.665234, 5.766593, 0.579437, 55.721512, 13.918279, 163433.000000, 498257.000000, 6025701.566667, 12300415.000000, 14312782.000000
4.335278, 4.553136, 4.937139, 6.128822, 0.598698, 49.757011, 14.251560, 156293.000000, 488894.000000, 8018209.600000, 12430359.000000, 14482968.000000
4.247328, 4.513103, 4.843884, 6.067073, 0.565569, 50.560891, 13.958981, 149698.000000, 461283.000000, 6539874.583333, 12558318.000000, 14616773.000000
5.658945, 6.148666, 5.819345, 7.570863, 0.611135, 47.699395, 16.135324, 151740.000000, 490706.000000, 10155251.866667, 12711571.000000, 14796492.000000
3.755706, 3.834803, 4.698506, 5.810820, 0.586508, 58.137818, 15.580297, 152714.000000, 471565.000000, 6613544.600000, 12816147.000000, 14927070.000000
5.278106, 5.552262, 5.396309, 6.741338, 0.575723, 50.439260, 14.455892, 153994.000000, 481541.000000, 7734164.450000, 12973181.000000, 15094137.000000
4.626950, 4.900462, 5.211879, 6.552803, 0.622723, 398.722609, 14.975716, 153001.000000, 478890.000000, 7570444.050000, 13106326.000000, 15246340.000000
4.967889, 5.265588, 5.532847, 7.071147, 0.604750, 48.343534, 16.046367, 153495.000000, 491647.000000, 9358301.716667, 13241840.000000, 15413928.000000
8.131147, 8.722296, 6.675819, 8.488443, 0.650442, 42.299364, 15.577504, 156131.000000, 523379.000000, 13862204.316667, 13462927.000000, 15672902.000000
6.124672, 6.541818, 6.349968, 8.152691, 0.573653, 51.821979, 17.319217, 155935.000000, 506392.000000, 10834624.216667, 13617293.000000, 15849142.000000
4.706837, 5.013758, 5.361353, 6.797815, 0.619143, 49.664500, 15.591691, 150758.000000, 484695.000000, 9725077.883333, 13745309.000000, 16017803.000000
4.651417, 4.949146, 5.277884, 6.694809, 0.600165, 50.937405, 15.305866, 147657.000000, 462944.000000, 7733016.666667, 13877859.000000, 16169242.000000
6.586337, 7.217782, 6.320034, 8.227813, 0.619225, 53.750045, 16.341764, 144862.000000, 496650.000000, 14476617.366667, 14055178.000000, 16408586.000000
5.528166, 5.806011, 5.900039, 7.462689, 0.625949, 49.082955, 16.644016, 144283.000000, 448013.000000, 6498205.900000, 14196681.000000, 16542287.000000
4.786232, 5.049615, 5.153019, 6.429734, 0.548236, 50.311805, 14.197117, 149484.000000, 466078.000000, 7501101.716667, 14337282.000000, 16702103.000000
4.620510, 4.831145, 5.123166, 6.348259, 0.559750, 43.898444, 14.758903, 152954.000000, 475282.000000, 7321416.916667, 14472027.000000, 16857207.000000
4.469989, 4.647459, 4.865609, 5.937439, 0.605269, 42.947559, 13.597753, 147789.000000, 456897.000000, 6463753.683333, 14611261.000000, 17008058.000000
3.397982, 3.580547, 4.404405, 5.431872, 0.558140, 41.984671, 13.712531, 152675.000000, 466668.000000, 5802531.400000, 14714836.000000, 17128943.000000
3.653216, 3.812959, 4.688780, 5.853471, 0.622462, 48.427687, 14.942805, 151708.000000, 471842.000000, 7309678.333333, 14818515.000000, 17265591.000000
4.315215, 4.616524, 5.176232, 6.574913, 0.603881, 45.931389, 15.502153, 155445.000000, 482229.000000, 7155573.466667, 14938762.000000, 17406151.000000
4.322296, 4.547196, 5.004028, 6.226556, 0.637449, 46.644967, 14.509401, 155824.000000, 481968.000000, 6933206.733333, 15065792.000000, 17553677.000000
5.392592, 5.724873, 5.698787, 7.263068, 0.647985, 48.347170, 15.750390, 152404.000000, 486075.000000, 9073817.566667, 15215954.000000, 17723664.000000
3.643427, 3.924155, 4.597297, 5.792471, 0.616113, 44.206881, 14.027648, 152876.000000, 476550.000000, 7442697.400000, 15324315.000000, 17870582.000000
4.516143, 4.818780, 5.146599, 6.514542, 0.612936, 43.026980, 15.304120, 152114.000000, 478220.000000, 7694366.600000, 15453521.000000, 18025312.000000
4.254025, 4.344233, 4.959169, 6.149648, 0.565538, 42.937495, 15.175332, 140922.000000, 434829.000000, 5909023.566667, 15572894.000000, 18140391.000000
5.788410, 6.243010, 5.929720, 7.594221, 0.611730, 42.583121, 15.942261, 155123.000000, 499482.000000, 10487345.333333, 15732870.000000, 18332706.000000
3.439099, 3.561289, 4.500556, 5.531364, 0.578734, 50.349145, 14.512714, 154143.000000, 470030.000000, 5824057.983333, 15830784.000000, 18449539.000000
6.093247, 6.425761, 5.776832, 7.244846, 0.654274, 55.005840, 14.704410, 154391.000000, 497212.000000, 10125197.200000, 16011073.000000, 18669185.000000
4.009853, 4.271337, 4.659757, 5.846745, 0.634974, 45.523219, 13.701329, 150303.000000, 462937.000000, 6260083.683333, 16134105.000000, 18798831.000000
3.834323, 3.989181, 4.868250, 6.114466, 0.609860, 50.054453, 15.636482, 155203.000000, 482783.000000, 7263293.083333, 16236657.000000, 18928060.000000
6.480703, 6.892281, 5.859346, 7.352782, 0.618692, 56.719584, 14.369755, 165320.000000, 524755.000000, 9989131.300000, 16438526.000000, 19153803.000000
7.261178, 7.742991, 6.237735, 7.906046, 0.636319, 55.337576, 14.949551, 173494.000000, 564879.000000, 12543170.933333, 16646719.000000, 19400065.000000
5.104057, 5.329750, 5.305466, 6.536660, 0.668081, 44.608660, 14.685742, 163536.000000, 505083.000000, 7284939.483333, 16799286.000000, 19564563.000000
6.338454, 6.667141, 5.790808, 7.236580, 0.595517, 45.936502, 14.398131, 154318.000000, 499105.000000, 10485785.050000, 16975068.000000, 19773505.000000
4.401112, 4.588920, 4.933352, 6.100854, 0.594568, 52.853251, 14.102657, 152656.000000, 471747.000000, 6457824.733333, 17105237.000000, 19909154.000000
5.728361, 6.221846, 5.634345, 7.175747, 0.609990, 54.512969, 14.527736, 158271.000000, 504673.000000, 9722489.450000, 17277986.000000, 20112768.000000
3.941476, 4.007579, 4.820679, 5.950203, 0.613999, 49.359946, 15.148742, 152719.000000, 474069.000000, 7003530.066667, 17386235.000000, 20250357.000000
3.626541, 3.830558, 4.544795, 5.664295, 0.607526, 48.951788, 14.019666, 150502.000000, 467348.000000, 7039547.100000, 17494289.000000, 20388756.000000
3.977660, 4.188876, 4.749689, 5.954452, 0.509817, 52.945224, 14.419927, 154412.000000, 475088.000000, 6303754.916667, 17610895.000000, 20515254.000000
5.025425, 5.409330, 5.214757, 6.609433, 0.623258, 46.753006, 14.363312, 152679.000000, 485769.000000, 9242249.433333, 17765038.000000, 20708134.000000
4.779148, 4.994214, 5.356385, 6.778218, 0.616304, 53.882229, 16.046509, 150997.000000, 470240.000000, 7365279.366667, 17895157.000000, 20848609.000000
4.569686, 4.754099, 5.000192, 6.133916, 0.618315, 49.269100, 14.031785, 154548.000000, 478041.000000, 6723708.300000, 18032379.000000, 20997056.000000
3.631053, 3.806057, 4.712899, 5.939229, 0.557275, 58.630980, 15.431069, 153863.000000, 475470.000000, 6880591.483333, 18133408.000000, 21120301.000000
5.423895, 5.765252, 5.452764, 6.802757, 0.573763, 60.540979, 14.302842, 154550.000000, 493632.000000, 9557097.316667, 18291450.000000, 21313642.000000
4.777845, 5.068543, 5.382744, 6.833466, 0.529922, 58.392165, 15.383723, 151382.000000, 469616.000000, 6887375.400000, 18426356.000000, 21453884.000000
3.816336, 4.138357, 4.646759, 5.866579, 0.569856, 50.774334, 13.971017, 151239.000000, 503308.000000, 12779342.966667, 18538711.000000, 21660317.000000
8.019865, 8.554561, 7.239645, 9.304328, 0.611492, 50.875992, 18.416163, 152634.000000, 483390.000000, 8774743.716667, 18733541.000000, 21825945.000000
3.737253, 3.968028, 4.605166, 5.768527, 0.598083, 45.000911, 14.137727, 148813.000000, 457307.000000, 6001913.333333, 18845408.000000, 21950991.000000
4.097815, 4.272564, 4.957091, 6.219595, 0.586527, 45.400436, 15.254620, 148991.000000, 462625.000000, 6887853.750000, 18958830.000000, 22080288.000000
5.817937, 7.418611, 5.713876, 8.368430, 0.567244, 50.105154, 14.692287, 147580.000000, 537352.000000, 20552510.950000, 19123294.000000, 22345723.000000
8.908762, 8.660106, 7.664599, 9.406669, 0.568218, 53.758628, 20.672523, 147798.000000, 482963.000000, 11072891.816667, 19315049.000000, 22537940.000000
4.413766, 4.663203, 5.139944, 6.519115, 0.599794, 53.292193, 15.451337, 148514.000000, 459895.000000, 6599855.933333, 19440670.000000, 22673912.000000
3.869186, 4.117358, 4.718997, 5.907947, 0.633811, 45.955242, 14.378145, 151593.000000, 464019.000000, 6346980.700000, 19555241.000000, 22808884.000000
3.615019, 3.712357, 4.497666, 5.472320, 0.603371, 48.579635, 13.908559, 153776.000000, 469808.000000, 5893558.566667, 19661711.000000, 22933292.000000
5.399488, 5.750510, 5.403198, 6.768979, 0.573302, 42.383212, 14.381936, 149741.000000, 480042.000000, 9700126.200000, 19830360.000000, 23141357.000000
4.289795, 4.522830, 5.004183, 6.312564, 0.638561, 46.679443, 15.163741, 151291.000000, 470489.000000, 7220270.833333, 19952949.000000, 23279448.000000
3.738519, 3.903136, 4.581990, 5.651446, 0.596718, 54.898355, 13.932780, 148986.000000, 460161.000000, 6787369.016667, 20065404.000000, 23429720.000000
5.529515, 5.841037, 5.565034, 6.980560, 0.645229, 49.460356, 14.952150, 146608.000000, 465204.000000, 8459227.816667, 20228171.000000, 23601668.000000
3.772531, 4.137232, 4.598450, 5.909917, 0.587599, 48.446017, 13.894626, 146378.000000, 454104.000000, 6746763.583333, 20341515.000000, 23734208.000000
6.127156, 6.276535, 5.712958, 6.987973, 0.618358, 43.761057, 14.840113, 150177.000000, 475526.000000, 8480606.783333, 20515065.000000, 23910359.000000
5.344286, 5.938947, 5.423783, 7.012353, 0.642261, 44.507913, 14.156358, 152846.000000, 485398.000000, 9435691.033333, 20683124.000000, 24114653.000000
5.236501, 5.510012, 5.135603, 6.425059, 0.634109, 46.577244, 13.888435, 151446.000000, 492745.000000, 11287451.050000, 20844894.000000, 24355073.000000
6.073715, 6.146376, 5.617267, 6.826946, 0.577729, 46.888168, 14.271406, 152440.000000, 469505.000000, 6711602.283333, 21017036.000000, 24498604.000000
6.858789, 7.358727, 6.505209, 8.350092, 0.599777, 50.962242, 16.484318, 150074.000000, 494036.000000, 11815078.033333, 21204683.000000, 24717397.000000
8.000986, 8.569723, 6.576686, 8.339673, 0.622833, 61.197139, 15.103429, 145175.000000, 483123.000000, 12284005.266667, 21421509.000000, 24956261.000000
4.959747, 5.240243, 5.334622, 6.703473, 0.589156, 479.938886, 15.423753, 145414.000000, 457001.000000, 7739457.833333, 21565140.000000, 25116983.000000
3.721595, 3.854377, 4.564191, 5.599333, 0.611528, 49.915100, 13.963479, 150998.000000, 465004.000000, 6517244.350000, 21673727.000000, 25254547.000000
5.136236, 5.518041, 5.597150, 7.184700, 0.605515, 46.192941, 15.936574, 149209.000000, 476591.000000, 9330436.266667, 21816814.000000, 25423653.000000
7.134734, 7.577087, 6.061240, 7.592535, 0.579859, 49.381714, 14.315905, 143684.000000, 472258.000000, 11154233.683333, 22012313.000000, 25641590.000000
4.328160, 4.542756, 4.886567, 6.158554, 0.602127, 46.582892, 14.474393, 146363.000000, 456649.000000, 7136938.083333, 22141386.000000, 25786382.000000
3.996044, 4.215170, 5.039310, 6.382319, 0.613590, 47.559354, 16.013893, 147610.000000, 468684.000000, 8765559.966667, 22249821.000000, 25942260.000000
4.168856, 4.358383, 4.906659, 6.064590, 0.596575, 57.525720, 14.540475, 146039.000000, 445098.000000, 5569457.816667, 22370488.000000, 26059175.000000
4.042342, 4.365471, 4.918778, 6.265234, 0.626464, 46.750154, 14.717390, 151220.000000, 470469.000000, 7516676.400000, 22486634.000000, 26205515.000000
3.532793, 3.613627, 4.525777, 5.533818, 0.578085, 470.289907, 14.619119, 144833.000000, 441654.000000, 5217388.316667, 22588223.000000, 26314633.000000
5.033349, 5.411119, 5.528319, 7.035505, 0.593777, 51.683692, 15.591939, 146543.000000, 472589.000000, 9931755.350000, 22728682.000000, 26492489.000000
13.482071, 14.795174, 8.825900, 11.520495, 0.747666, 46.280395, 17.808373, 145343.000000, 582507.000000, 29580191.600000, 23082342.000000, 27001505.000000
8.309401, 8.759636, 6.874271, 8.750158, 0.585626, 47.874913, 16.366059, 142877.000000, 452352.000000, 8286193.083333, 23293233.000000, 27169506.000000
5.055348, 5.279974, 5.379184, 6.713016, 0.588864, 56.740842, 15.236845, 142655.000000, 443389.000000, 6894128.216667, 23439573.000000, 27308635.000000
3.529107, 3.716191, 4.455553, 5.550827, 0.543189, 47.941298, 14.022494, 139656.000000, 427919.000000, 5753812.883333, 23545531.000000, 27429875.000000
3.248101, 3.314759, 4.267172, 5.153273, 0.610130, 44.382987, 13.975452, 141884.000000, 431966.000000, 5014112.550000, 23642226.000000, 27537255.000000
5.032586, 5.373439, 5.258044, 6.616307, 0.601600, 46.799735, 14.131943, 147033.000000, 465360.000000, 8521415.616667, 23792377.000000, 27716461.000000
3.673198, 3.857137, 4.606860, 5.757164, 0.594705, 55.307867, 14.647455, 143830.000000, 446370.000000, 7252596.600000, 23899273.000000, 27851153.000000
4.349717, 4.845002, 5.049258, 6.688871, 0.621175, 57.014056, 15.017020, 140601.000000, 445458.000000, 8276906.200000, 24025284.000000, 28004222.000000
3.702147, 3.710683, 4.807162, 5.916473, 0.623398, 47.870376, 16.615583, 135037.000000, 416319.000000, 5830579.366667, 24121837.000000, 28112578.000000
4.500354, 5.011383, 5.376553, 7.114170, 0.585260, 54.362687, 16.196655, 141266.000000, 454327.000000, 9283683.500000, 24237951.000000, 28260708.000000
4.990745, 5.148238, 5.504932, 6.896909, 0.582909, 51.212811, 16.368379, 135691.000000, 428223.000000, 7535972.566667, 24373308.000000, 28410071.000000
4.153160, 4.385269, 4.797103, 5.966784, 0.619860, 51.546771, 13.784176, 139544.000000, 433376.000000, 6533412.950000, 24498425.000000, 28552898.000000
5.121080, 5.462130, 5.569704, 7.102335, 0.574303, 49.396490, 16.107453, 140111.000000, 450113.000000, 9014385.650000, 24639014.000000, 28716096.000000
2.867483, 2.946104, 4.047880, 4.915839, 0.594142, 54.210523, 13.718005, 134860.000000, 410708.000000, 4863580.766667, 24723064.000000, 28818332.000000
6.146989, 6.583884, 5.737355, 7.253675, 0.606478, 54.734850, 14.447913, 139877.000000, 458458.000000, 10816624.900000, 24899720.000000, 29031709.000000
5.415876, 5.928630, 5.562120, 7.261376, 0.601533, 53.762293, 15.201915, 151710.000000, 485685.000000, 9786815.550000, 25058493.000000, 29222901.000000
4.570350, 4.729531, 4.984842, 6.166141, 0.635612, 50.372669, 14.792904, 142963.000000, 444224.000000, 6605983.150000, 25194717.000000, 29365879.000000
5.073736, 5.250754, 5.332111, 6.661897, 0.604754, 48.515483, 14.924589, 143076.000000, 453369.000000, 8430245.983333, 25344209.000000, 29539117.000000
5.018795, 5.438105, 5.406685, 6.894516, 0.603512, 45.868659, 14.957459, 143883.000000, 469114.000000, 10954497.483333, 25492842.000000, 29763804.000000
8.119436, 8.744770, 6.923555, 8.943068, 0.644795, 52.992827, 16.904501, 141740.000000, 480155.000000, 13917603.516667, 25713173.000000, 29999287.000000
3.731845, 3.852051, 4.528583, 5.602523, 0.591286, 44.283259, 14.402699, 132650.000000, 405356.000000, 5031052.000000, 25827155.000000, 30110944.000000
7.409779, 7.957843, 6.485649, 8.228673, 0.615336, 61.090197, 15.545518, 136582.000000, 477650.000000, 15669820.650000, 26025053.000000, 30375752.000000
5.313715, 5.763600, 5.732899, 7.506311, 0.609704, 48.212292, 16.686321, 138714.000000, 432891.000000, 6967745.466667, 26169038.000000, 30513439.000000
3.834234, 4.035167, 4.702503, 5.912962, 0.572668, 50.912826, 14.843151, 134520.000000, 422440.000000, 7169245.750000, 26280168.000000, 30659760.000000
4.634020, 4.804590, 4.958288, 6.115187, 0.598967, 46.335818, 14.104808, 141010.000000, 439502.000000, 6703916.966667, 26424356.000000, 30809223.000000
4.779537, 5.095705, 5.171657, 6.504328, 0.597306, 41.876794, 14.281534, 135613.000000, 425322.000000, 7406790.916667, 26566665.000000, 30970866.000000
3.588412, 3.690559, 4.416660, 5.427829, 0.617771, 49.942548, 14.003166, 134599.000000, 413922.000000, 5770449.050000, 26674876.000000, 31090411.000000
4.587686, 4.918958, 5.048762, 6.376178, 0.560482, 44.560000, 14.209292, 135434.000000, 430080.000000, 7823599.616667, 26814179.000000, 31260034.000000
5.232981, 5.542709, 5.564898, 7.097359, 0.615630, 413.928058, 15.725019, 138873.000000, 443254.000000, 8797796.333333, 26960840.000000, 31424598.000000
3.983773, 4.423269, 4.899281, 6.438419, 0.601353, 47.254707, 15.473854, 136266.000000, 434277.000000, 8465726.616667, 27072559.000000, 31573665.000000
3.622096, 3.612293, 4.542438, 5.531577, 0.573193, 47.766469, 15.546455, 134585.000000, 409691.000000, 5218131.866667, 27174190.000000, 31684161.000000
6.185366, 6.541718, 5.754286, 7.241255, 0.648519, 45.196130, 14.496610, 137791.000000, 446946.000000, 10395409.833333, 27347763.000000, 31886915.000000
3.835101, 4.084182, 4.777319, 6.016644, 0.576731, 50.070476, 14.729113, 133885.000000, 413875.000000, 6245230.583333, 27458140.000000, 32017042.000000
3.986211, 4.328300, 4.746621, 6.112972, 0.606243, 61.312009, 14.362761, 129911.000000, 410242.000000, 7569738.816667, 27576764.000000, 32159741.000000
4.073225, 4.214541, 4.818899, 6.033662, 0.597146, 55.465655, 15.057769, 134719.000000, 418618.000000, 6623489.933333, 27695445.000000, 32298033.000000
4.645539, 4.967888, 5.050757, 6.390166, 0.582114, 60.156133, 14.311387, 133946.000000, 421620.000000, 7884893.850000, 27838574.000000, 32466001.000000
3.542873, 3.590866, 4.446675, 5.392817, 0.535927, 41.871278, 14.201754, 130030.000000, 394683.000000, 4770304.233333, 27942325.000000, 32571621.000000
4.893907, 5.438907, 5.384008, 7.089640, 0.623743, 50.668358, 15.178009, 130079.000000, 425909.000000, 10375888.700000, 28085813.000000, 32767553.000000
4.942410, 5.183619, 5.569869, 7.070074, 0.612335, 49.215289, 16.508110, 125225.000000, 397468.000000, 7605120.333333, 28215815.000000, 32905946.000000
4.151728, 4.378337, 4.780908, 5.985031, 0.603523, 47.964333, 14.089407, 133972.000000, 417997.000000, 7000083.116667, 28341666.000000, 33059455.000000
3.904302, 4.060627, 4.656640, 5.793690, 0.603121, 52.460612, 14.361244, 131623.000000, 406402.000000, 6287833.816667, 28457883.000000, 33189300.000000
4.175159, 4.445934, 4.994652, 6.309522, 0.611513, 55.339066, 14.828905, 130212.000000, 409356.000000, 7369720.766667, 28577240.000000, 33333875.000000
5.395889, 6.030470, 5.864219, 7.804078, 0.560049, 40.407418, 16.710335, 137175.000000, 450775.000000, 10655592.483333, 28716730.000000, 33507854.000000
4.088288, 4.132322, 4.956285, 6.127980, 0.566946, 47.111826, 16.480728, 134527.000000, 416016.000000, 6098740.650000, 28826531.000000, 33631676.000000
4.991288, 5.402386, 5.299812, 6.776407, 0.617470, 47.850489, 14.648590, 130837.000000, 433998.000000, 11369235.433333, 28976210.000000, 33834630.000000
5.779284, 6.145705, 5.852129, 7.476423, 0.593598, 48.635743, 16.133021, 133882.000000, 419103.000000, 7414087.933333, 29141538.000000, 34001907.000000
3.811781, 3.967491, 4.685521, 5.794000, 0.621414, 44.054215, 14.660580, 134123.000000, 410492.000000, 6045730.300000, 29251255.000000, 34124611.000000
5.395198, 5.719226, 5.501734, 6.961776, 0.657827, 48.150215, 14.768247, 131186.000000, 428161.000000, 10311332.533333, 29406944.000000, 34320390.000000
6.876753, 7.373555, 6.269758, 8.018666, 0.578170, 47.655418, 15.683912, 135319.000000, 440504.000000, 10356979.866667, 29597126.000000, 34529129.000000
3.960041, 4.159452, 4.765456, 5.938475, 0.582722, 43.856929, 14.701392, 133591.000000, 410246.000000, 5699105.733333, 29713780.000000, 34650462.000000
3.416073, 3.824066, 4.252161, 5.421405, 0.619955, 45.140222, 12.902962, 131629.000000, 411490.000000, 6762278.883333, 29825608.000000, 34805748.000000
5.229932, 5.507285, 5.111544, 6.416908, 0.641463, 49.251928, 13.648057, 132432.000000, 422877.000000, 8661018.783333, 29988298.000000, 34997542.000000
6.067156, 6.432542, 6.043457, 7.836612, 0.583678, 48.686305, 17.103668, 131638.000000, 435656.000000, 10847033.733333, 30146347.000000, 35173625.000000
4.860052, 5.089216, 5.259662, 6.631922, 0.588265, 47.699443, 15.048128, 130107.000000, 411442.000000, 7599168.266667, 30285462.000000, 35327288.000000
5.210456, 5.744579, 5.628967, 7.402393, 0.600543, 45.237671, 16.263994, 132040.000000, 428971.000000, 10013592.116667, 30427954.000000, 35500702.000000
6.707846, 7.239665, 6.838465, 8.935932, 0.585249, 46.137241, 19.006724, 127916.000000, 436325.000000, 13375656.016667, 30587270.000000, 35699218.000000
5.866991, 6.451901, 5.949595, 7.802669, 0.597094, 54.561587, 16.440996, 130023.000000, 468508.000000, 17854066.900000, 30747223.000000, 35958185.000000
6.671892, 7.116358, 6.647638, 8.577147, 0.605162, 54.523320, 18.582920, 129000.000000, 399638.000000, 5888430.833333, 30910676.000000, 36088818.000000
4.535789, 4.938159, 5.035873, 6.445353, 0.588384, 46.752275, 14.139125, 132883.000000, 415245.000000, 7162819.116667, 31046684.000000, 36241869.000000
3.336574, 3.318830, 4.289597, 5.204909, 0.591891, 54.513842, 14.405758, 130734.000000, 400717.000000, 5392103.366667, 31141305.000000, 36348506.000000
4.615017, 5.032232, 5.609284, 7.348840, 0.573226, 48.825733, 17.513799, 125807.000000, 408467.000000, 9151782.650000, 31255781.000000, 36492525.000000
3.929443, 4.171428, 4.715734, 5.910946, 0.610899, 43.759637, 14.371644, 130580.000000, 406803.000000, 6846748.733333, 31373066.000000, 36638318.000000
4.027017, 4.269372, 4.832376, 6.175927, 0.610159, 46.554513, 15.145656, 128639.000000, 407618.000000, 7405060.566667, 31488447.000000, 36770269.000000
3.755325, 3.942054, 4.791943, 6.047416, 0.607966, 50.767609, 15.583427, 128177.000000, 401276.000000, 6480369.250000, 31593597.000000, 36894444.000000
4.173931, 4.461766, 5.157433, 6.597986, 0.594756, 51.502639, 16.134855, 128487.000000, 406420.000000, 7481411.066667, 31706527.000000, 37030550.000000
3.111345, 3.289712, 4.157288, 5.190799, 0.593351, 57.996133, 13.606088, 126539.000000, 389615.000000, 5459759.266667, 31801103.000000, 37143183.000000
4.597475, 4.871119, 5.255049, 6.678598, 0.600042, 49.407126, 15.817020, 130428.000000, 416642.000000, 8288954.816667, 31930845.000000, 37301277.000000
4.085251, 4.407271, 4.806175, 6.130145, 0.603262, 44.710573, 14.512437, 124207.000000, 388715.000000, 6520956.983333, 32050716.000000, 37435674.000000
3.808102, 4.353189, 4.652486, 6.251077, 0.591418, 52.142149, 14.626577, 131829.000000, 444570.000000, 12549068.783333, 32161299.000000, 37630639.000000
7.234602, 7.730458, 6.660046, 8.600902, 0.631742, 49.099871, 17.657124, 122567.000000, 394433.000000, 8311644.600000, 32348975.000000, 37802660.000000
4.938089, 5.072795, 5.035665, 6.290617, 0.621295, 44.714042, 14.096600, 125849.000000, 404485.000000, 8857424.966667, 32497084.000000, 37984544.000000
5.152404, 5.456658, 5.710742, 7.284801, 0.615380, 45.887989, 16.928902, 132316.000000, 416641.000000, 7533560.816667, 32634105.000000, 38128177.000000
