13.923961, 14.688172, 9.252496, 11.396148, 0.447903, 20.822512, 6.352944, 101720.000000, 637041.000000, 17484272.583333, 338306.000000, 369198.000000
7.205424, 7.484549, 7.244790, 8.977876, 0.454264, 20.469114, 6.578300, 94496.000000, 433112.000000, 9364627.766667, 506559.000000, 559848.000000
6.102869, 6.415227, 6.292967, 7.774548, 0.608831, 19.807124, 6.573391, 89605.000000, 363801.000000, 6732795.816667, 662083.000000, 708535.000000
7.318976, 7.542824, 6.620037, 8.037445, 0.528780, 17.499309, 6.465438, 87752.000000, 396861.000000, 8537803.533333, 846124.000000, 900535.000000
8.045790, 8.483627, 8.072766, 10.072552, 1.710149, 16.963025, 6.721010, 85664.000000, 435115.000000, 10304722.050000, 1015276.000000, 1085030.000000
8.322327, 8.744645, 7.336802, 9.051840, 1.710149, 15.058735, 6.693088, 92147.000000, 448809.000000, 10134901.350000, 1210650.000000, 1285444.000000
9.351109, 9.868365, 8.737573, 10.919759, 1.736380, 13.502843, 6.993535, 91211.000000, 473105.000000, 11463271.600000, 1396466.000000, 1476549.000000
6.893853, 7.284918, 6.827288, 8.543630, 2.781158, 13.261255, 6.957830, 84815.000000, 397117.000000, 8840482.116667, 1565637.000000, 1657087.000000
5.462278, 5.626777, 6.135128, 7.504411, 2.710833, 13.295485, 6.935061, 86581.000000, 421191.000000, 9499311.166667, 1697426.000000, 1828953.000000
7.940009, 8.374847, 7.685798, 9.582858, 2.914467, 13.295485, 6.981121, 85856.000000, 354785.000000, 6862854.950000, 1874593.000000, 1980859.000000
11.912944, 12.477625, 8.964279, 11.100036, 2.774824, 13.747859, 6.805265, 90077.000000, 539383.000000, 14423057.183333, 2141651.000000, 2261719.000000
7.706395, 8.009965, 7.132478, 8.713982, 2.972288, 12.798757, 6.722126, 86628.000000, 406816.000000, 8947129.633333, 2325747.000000, 2449939.000000
5.416567, 5.717709, 6.304100, 7.802722, 2.876763, 13.228292, 6.747273, 87568.000000, 397616.000000, 8517445.983333, 2452091.000000, 2606111.000000
6.808677, 7.187257, 6.983045, 8.671564, 2.579898, 13.228292, 6.748883, 88156.000000, 389573.000000, 8031839.433333, 2614665.000000, 2770635.000000
6.602434, 6.824830, 7.055940, 8.696006, 2.478992, 13.407339, 6.822342, 84589.000000, 352759.000000, 6836156.500000, 2763623.000000, 2913351.000000
10.123823, 10.858677, 9.183564, 11.586621, 2.671721, 14.080916, 7.161787, 87603.000000, 513673.000000, 13466181.716667, 2959389.000000, 3125744.000000
13.593236, 14.522770, 10.730348, 13.563192, 2.928875, 13.607793, 7.639292, 83506.000000, 612807.000000, 18032580.166667, 3182519.000000, 3365710.000000
16.040373, 16.792190, 11.079453, 13.779027, 3.270573, 13.345287, 7.690945, 82341.000000, 650717.000000, 19756655.600000, 3474553.000000, 3664296.000000
4.566823, 4.721296, 5.533635, 6.745676, 3.275816, 13.342525, 7.479559, 82056.000000, 309652.000000, 5221019.400000, 3588565.000000, 3779874.000000
5.733724, 5.952745, 6.049488, 7.393589, 2.880935, 12.855059, 7.162926, 81364.000000, 345826.000000, 6867594.066667, 3735958.000000, 3933500.000000
5.229232, 5.602793, 5.940690, 7.366111, 2.834237, 13.343495, 6.971303, 85943.000000, 357156.000000, 6847314.300000, 3866022.000000, 4080989.000000
6.242212, 6.346610, 6.172677, 7.462886, 2.834237, 12.652439, 6.719699, 86242.000000, 357369.000000, 6821972.483333, 4027710.000000, 4240206.000000
4.786894, 4.978865, 5.718838, 7.001215, 2.750838, 12.652439, 6.637459, 83186.000000, 327426.000000, 5830624.533333, 4147460.000000, 4368850.000000
5.550152, 5.868010, 6.336795, 7.949071, 2.090133, 13.140275, 6.637310, 82442.000000, 347070.000000, 6722885.033333, 4279338.000000, 4501262.000000
5.972981, 6.175639, 6.255798, 7.639656, 2.331120, 15.167702, 6.619280, 82356.000000, 359794.000000, 7282591.783333, 4425713.000000, 4658232.000000
5.025904, 5.190005, 5.704398, 6.941140, 2.215821, 15.167702, 6.587201, 80217.000000, 320444.000000, 5890787.516667, 4552618.000000, 4791366.000000
4.018742, 4.161028, 5.218901, 6.381000, 2.415381, 15.482925, 6.570493, 82163.000000, 300188.000000, 4772901.500000, 4652893.000000, 4897643.000000
6.083564, 6.514296, 6.179821, 7.739161, 1.939126, 15.482925, 6.493999, 83168.000000, 402473.000000, 8931250.283333, 4807857.000000, 5074486.000000
6.072758, 6.274886, 6.633940, 8.153134, 1.939126, 12.739225, 6.613652, 82083.000000, 329120.000000, 6106454.900000, 4946007.000000, 5204391.000000
11.166215, 11.898895, 9.133879, 11.479564, 2.719473, 12.773206, 6.832459, 83204.000000, 785346.000000, 25331815.900000, 5184871.000000, 5618860.000000
16.962388, 17.573891, 10.113101, 12.422641, 3.078017, 13.268152, 6.736906, 82704.000000, 398654.000000, 9032881.316667, 5513278.000000, 5805118.000000
6.131850, 6.357059, 6.209160, 7.591787, 3.081376, 13.137707, 6.668143, 82944.000000, 344215.000000, 6644167.250000, 5671414.000000, 5955045.000000
3.927262, 4.063202, 5.175590, 6.293604, 2.962051, 13.137707, 6.650041, 82311.000000, 299953.000000, 4819650.866667, 5768304.000000, 6059511.000000
4.067662, 4.208369, 5.184944, 6.300531, 2.512746, 12.871211, 6.599572, 81000.000000, 297667.000000, 4806106.566667, 5872815.000000, 6168987.000000
5.429541, 5.698056, 5.818649, 7.126588, 1.792196, 12.738751, 6.506973, 81390.000000, 344296.000000, 6709762.416667, 6014698.000000, 6322500.000000
4.618709, 4.803863, 5.513831, 6.753666, 1.756284, 12.738751, 6.487706, 85018.000000, 337201.000000, 6102869.716667, 6131259.000000, 6448662.000000
8.975328, 9.459559, 8.269702, 10.305820, 2.568920, 13.046020, 6.694452, 82267.000000, 441473.000000, 10824753.300000, 6329159.000000, 6654972.000000
4.580878, 4.698288, 5.473333, 6.665074, 2.568920, 13.046020, 6.690197, 80999.000000, 307841.000000, 5251559.516667, 6445484.000000, 6771824.000000
5.839194, 6.171122, 6.197296, 7.705670, 2.568920, 12.621531, 6.667828, 81248.000000, 354840.000000, 7326907.883333, 6592065.000000, 6930893.000000
11.351763, 11.881381, 9.272673, 11.497805, 2.417152, 13.293659, 6.935515, 80272.000000, 554325.000000, 15870346.750000, 6826838.000000, 7215715.000000
6.851138, 7.230607, 6.713312, 8.296248, 2.425815, 12.800588, 6.863805, 81927.000000, 357218.000000, 7196146.950000, 6998131.000000, 7372725.000000
7.082505, 7.308954, 6.812882, 8.341656, 2.700070, 12.582183, 6.772409, 80208.000000, 363264.000000, 7631313.300000, 7174526.000000, 7536250.000000
5.538317, 5.781736, 6.288675, 7.759967, 2.878080, 13.053800, 6.780071, 79593.000000, 335565.000000, 6615932.366667, 7306301.000000, 7672906.000000
3.625892, 3.757636, 5.083876, 6.209955, 2.955134, 13.323417, 6.769531, 74021.000000, 275182.000000, 4518974.716667, 7392516.000000, 7765365.000000
6.129511, 6.768756, 6.746919, 8.569085, 2.548172, 12.543759, 6.775586, 80996.000000, 396699.000000, 9041281.183333, 7541119.000000, 7944505.000000
13.478810, 13.773262, 8.856647, 10.718378, 2.923687, 12.309737, 6.509678, 81617.000000, 526389.000000, 14652456.133333, 7816067.000000, 8213421.000000
3.880947, 4.058931, 5.086883, 6.230600, 3.000197, 12.309737, 6.481957, 77210.000000, 292005.000000, 4933099.966667, 7914462.000000, 8321448.000000
6.748773, 7.283299, 6.960361, 8.845975, 2.905484, 12.806672, 6.556898, 78914.000000, 371233.000000, 8225658.316667, 8075828.000000, 8486096.000000
6.969248, 7.436046, 7.100352, 8.857036, 2.960796, 13.515382, 6.679480, 79458.000000, 381905.000000, 8527722.700000, 8237505.000000, 8654630.000000
6.918933, 6.971826, 6.499727, 7.903578, 2.954746, 13.169753, 6.636266, 76997.000000, 420623.000000, 10430138.800000, 8408245.000000, 8890094.000000
9.510118, 9.863517, 7.779624, 9.538375, 2.456812, 12.722198, 6.575121, 79087.000000, 393190.000000, 9254112.700000, 8636721.000000, 9081561.000000
16.544614, 17.652641, 12.146246, 15.299790, 3.048352, 14.703371, 7.471196, 77435.000000, 681889.000000, 21463690.916667, 8898186.000000, 9348205.000000
4.561355, 4.733813, 5.522341, 6.765336, 3.048352, 13.820719, 7.433593, 77795.000000, 297411.000000, 5102064.733333, 9011412.000000, 9460888.000000
13.351560, 14.320843, 8.829729, 11.014381, 3.055923, 13.318438, 6.875613, 72766.000000, 541577.000000, 16078278.183333, 9287027.000000, 9746555.000000
7.220639, 8.938923, 6.749273, 9.816533, 3.029938, 13.015516, 6.806062, 79358.000000, 508895.000000, 14040703.250000, 9448729.000000, 9951556.000000
11.971751, 10.951098, 9.105498, 10.367632, 3.194833, 13.039939, 7.083896, 76050.000000, 401913.000000, 9762985.666667, 9671169.000000, 10153859.000000
5.241590, 5.441758, 5.940423, 7.261246, 2.704372, 13.840122, 7.015959, 74895.000000, 317837.000000, 6367296.200000, 9801042.000000, 10293951.000000
11.884506, 18.097007, 8.033206, 12.713286, 2.486117, 13.840122, 6.578598, 75329.000000, 1032781.000000, 36776972.166667, 10054852.000000, 10571536.000000
22.824918, 18.737136, 12.918057, 14.102849, 3.413762, 14.649503, 8.159450, 74695.000000, 322079.000000, 6549200.016667, 10193439.000000, 10692193.000000
12.423930, 13.286192, 10.374763, 13.073661, 3.413762, 14.617066, 8.401735, 77003.000000, 588248.000000, 17679117.783333, 10393427.000000, 10934531.000000
6.642155, 7.085642, 6.396896, 7.983717, 2.915202, 14.318589, 7.885775, 86610.000000, 371776.000000, 7557360.433333, 10571823.000000, 11101505.000000
5.610949, 5.657289, 6.310246, 7.631270, 3.053743, 14.778098, 7.645986, 82982.000000, 325441.000000, 5851806.600000, 10700320.000000, 11223446.000000
6.588527, 6.912996, 6.403844, 7.925207, 2.830426, 14.081271, 7.199608, 81727.000000, 377559.000000, 8290270.600000, 10871376.000000, 11408705.000000
5.260112, 5.451397, 6.076010, 7.450845, 2.830426, 14.052284, 7.027512, 75545.000000, 332472.000000, 6932532.283333, 10997704.000000, 11545236.000000
6.747034, 7.108431, 7.303040, 9.113196, 2.598410, 14.052284, 7.009997, 74188.000000, 346936.000000, 7637927.333333, 11145613.000000, 11692036.000000
6.011319, 6.352054, 6.731678, 8.407281, 2.393289, 13.677573, 7.001396, 78326.000000, 359069.000000, 7747770.866667, 11282157.000000, 11843829.000000
4.610853, 4.733957, 5.648036, 6.892435, 2.319443, 13.559882, 6.934459, 78947.000000, 296333.000000, 4999227.033333, 11394349.000000, 11953111.000000
5.835554, 6.164942, 6.047390, 7.453241, 2.712574, 13.206556, 6.782157, 76843.000000, 348518.000000, 7432356.816667, 11545523.000000, 12121497.000000
6.426307, 6.730925, 7.011429, 8.700812, 2.712574, 12.778660, 6.864741, 76246.000000, 361132.000000, 7935038.416667, 11681935.000000, 12266112.000000
5.622693, 5.818768, 6.386835, 7.852339, 2.714227, 13.613920, 6.883185, 74858.000000, 319367.000000, 6424776.150000, 11812540.000000, 12392510.000000
12.354533, 13.157582, 9.633924, 12.053289, 2.778788, 13.774798, 6.975419, 77254.000000, 554592.000000, 16223326.200000, 12079707.000000, 12681298.000000
9.510724, 9.913391, 8.396500, 10.392437, 3.006365, 14.066804, 7.043684, 73525.000000, 444900.000000, 11722311.383333, 12289996.000000, 12903491.000000
4.449411, 4.688632, 5.674312, 7.067694, 2.761593, 14.066804, 6.998514, 73066.000000, 290243.000000, 5300523.533333, 12397211.000000, 13013607.000000
4.641022, 4.894623, 5.693004, 7.015736, 2.761593, 14.066804, 6.947204, 73024.000000, 301103.000000, 5746011.200000, 12511295.000000, 13139906.000000
8.894698, 9.255622, 7.603057, 9.346287, 2.770877, 14.066804, 6.817734, 72640.000000, 607587.000000, 18886822.316667, 12720541.000000, 13458717.000000
13.588401, 14.184233, 9.111375, 11.173417, 2.904791, 13.149503, 6.656572, 75147.000000, 348962.000000, 7656045.666667, 12978528.000000, 13628032.000000
6.620951, 6.884749, 6.409981, 7.856086, 2.762763, 13.149503, 6.588760, 71877.000000, 333893.000000, 7279771.600000, 13144561.000000, 13788726.000000
4.904737, 5.268422, 5.897244, 7.399989, 2.762763, 13.149503, 6.604488, 72824.000000, 319002.000000, 6542945.533333, 13263119.000000, 13921016.000000
4.152039, 4.158891, 5.335549, 6.405961, 2.744739, 13.149503, 6.634945, 73515.000000, 269671.000000, 4405373.850000, 13361180.000000, 14013424.000000
6.751937, 7.198913, 7.508227, 9.444772, 3.023822, 14.174248, 6.853431, 69280.000000, 389256.000000, 9912690.033333, 13501575.000000, 14182758.000000
6.164762, 6.366081, 6.329636, 7.723452, 2.553546, 13.897087, 6.821732, 72930.000000, 314446.000000, 6332432.516667, 13654758.000000, 14326054.000000
9.820263, 10.344717, 8.588026, 10.646146, 2.491308, 13.078545, 6.966223, 75041.000000, 456417.000000, 12143831.700000, 13867464.000000, 14551502.000000
4.975384, 5.210911, 5.834652, 7.225262, 2.491308, 13.894501, 6.933306, 72628.000000, 312147.000000, 6212217.866667, 13988959.000000, 14678150.000000
6.112971, 6.397567, 6.541152, 8.066287, 2.963960, 13.576971, 6.868390, 73162.000000, 331895.000000, 7097351.516667, 14134218.000000, 14828231.000000
4.552861, 4.758171, 5.544687, 6.833374, 2.806690, 13.216427, 6.810155, 74741.000000, 332454.000000, 6892897.966667, 14247865.000000, 14975736.000000
6.506333, 6.754323, 6.555162, 8.036088, 2.646124, 12.904943, 6.740504, 73183.000000, 312548.000000, 6292625.983333, 14407503.000000, 15112266.000000
4.436958, 4.624806, 5.577760, 6.888616, 2.746355, 13.260742, 6.701460, 71486.000000, 297354.000000, 5695320.550000, 14516366.000000, 15235037.000000
4.926808, 5.501124, 5.900432, 7.673386, 2.746355, 13.260742, 6.703836, 74429.000000, 333620.000000, 6989798.016667, 14633913.000000, 15363511.000000
6.986278, 7.048109, 7.332880, 8.937090, 2.283862, 13.260742, 6.904195, 71209.000000, 340446.000000, 7589085.283333, 14776336.000000, 15501154.000000
13.008717, 13.888177, 10.639233, 13.357254, 2.939201, 13.540808, 7.466330, 73115.000000, 575228.000000, 17459965.750000, 14981704.000000, 15728698.000000
6.033226, 6.297611, 6.717785, 8.314940, 2.939201, 13.584702, 7.533815, 73740.000000, 333382.000000, 7010763.016667, 15113205.000000, 15858199.000000
5.097587, 5.278340, 5.758839, 7.037825, 2.939201, 14.372755, 7.369805, 72888.000000, 340185.000000, 7414999.800000, 15242378.000000, 16017320.000000
9.634552, 10.288096, 8.608067, 10.806329, 2.922923, 13.844518, 7.382812, 71123.000000, 414259.000000, 10780201.650000, 15442917.000000, 16204652.000000
4.969815, 5.090393, 5.987458, 7.364586, 2.812599, 14.082209, 7.314732, 71207.000000, 302430.000000, 6034888.250000, 15558398.000000, 16325947.000000
5.558115, 5.885342, 6.086941, 7.547958, 2.903765, 13.978668, 7.144697, 69660.000000, 333151.000000, 7466308.300000, 15696464.000000, 16483218.000000
6.652050, 7.007509, 6.655277, 8.218134, 2.852871, 13.978668, 6.994011, 71101.000000, 358518.000000, 8408065.083333, 15858861.000000, 16668239.000000
21.532325, 22.394743, 11.085234, 13.585723, 3.163073, 14.113198, 6.655548, 68920.000000, 715937.000000, 23800900.733333, 16164118.000000, 16952192.000000
6.707893, 7.380036, 6.878591, 8.768321, 2.669341, 12.863601, 6.732171, 74181.000000, 443917.000000, 11825796.466667, 16326510.000000, 17161949.000000
6.851813, 6.879455, 7.208156, 8.774135, 3.095365, 12.767934, 6.947486, 68148.000000, 278550.000000, 5262962.716667, 16467502.000000, 17274856.000000
3.750699, 3.935329, 5.030465, 6.218534, 2.804270, 12.767934, 6.921359, 68472.000000, 272866.000000, 4949077.433333, 16560757.000000, 17381817.000000
5.996644, 6.292592, 6.813833, 8.483920, 2.504242, 14.290148, 6.999310, 69949.000000, 325678.000000, 7108889.566667, 16694232.000000, 17511342.000000
3.756854, 3.930253, 5.114521, 6.302123, 2.872442, 14.094083, 6.966446, 69256.000000, 263468.000000, 4546751.266667, 16784909.000000, 17607409.000000
4.564269, 4.949492, 5.593764, 7.067879, 2.815685, 13.712286, 6.920999, 71792.000000, 323262.000000, 6843258.066667, 16894126.000000, 17736800.000000
14.216432, 14.748803, 9.764299, 11.997870, 3.121864, 13.903861, 6.856399, 73061.000000, 541811.000000, 15997259.950000, 17165546.000000, 18007938.000000
9.810355, 10.412648, 8.828008, 11.050476, 3.276924, 13.903861, 7.058973, 71955.000000, 466410.000000, 12916473.366667, 17362524.000000, 18218712.000000
10.441279, 11.082831, 9.343084, 11.748659, 3.284325, 14.659458, 7.319609, 66710.000000, 462774.000000, 13312639.266667, 17558879.000000, 18427430.000000
6.057071, 6.303718, 6.478953, 7.966171, 3.363664, 14.701374, 7.271769, 68983.000000, 337142.000000, 7634560.233333, 17703251.000000, 18587375.000000
4.479217, 4.714880, 5.599250, 6.938590, 2.892980, 14.701374, 7.216488, 68483.000000, 271548.000000, 5025401.933333, 17810854.000000, 18690857.000000
4.777685, 4.993876, 5.731136, 7.059502, 2.972470, 14.701374, 7.123675, 71403.000000, 332920.000000, 7463503.350000, 17926745.000000, 18847344.000000
5.539523, 5.730440, 6.234056, 7.667982, 2.849207, 14.566145, 7.013882, 71861.000000, 283942.000000, 5072795.733333, 18057876.000000, 18948049.000000
3.540752, 3.734841, 5.241152, 6.588041, 2.633659, 14.566145, 6.991843, 69561.000000, 261233.000000, 4341582.183333, 18138633.000000, 19030148.000000
7.050380, 7.534871, 7.480510, 9.427875, 2.833910, 14.566145, 7.094021, 69811.000000, 391245.000000, 9904238.483333, 18281708.000000, 19198277.000000
7.228577, 7.565132, 7.375035, 9.178931, 2.972470, 13.769935, 7.182130, 67391.000000, 348932.000000, 8436277.650000, 18439912.000000, 19352798.000000
5.871664, 6.058648, 6.110223, 7.476891, 2.638963, 13.594322, 7.038378, 72244.000000, 322664.000000, 6852910.750000, 18590269.000000, 19507318.000000
3.825664, 4.217088, 4.997874, 6.377094, 2.638963, 13.594322, 6.945755, 65493.000000, 443231.000000, 12442490.750000, 18687579.000000, 19705591.000000
10.241602, 10.639432, 9.128886, 11.267981, 2.212482, 14.252262, 7.208598, 69875.000000, 313109.000000, 6533331.133333, 18888724.000000, 19845950.000000
6.364504, 6.688448, 6.870557, 8.552667, 2.370148, 13.594322, 7.232345, 67386.000000, 320033.000000, 7099602.016667, 19032252.000000, 19981022.000000
4.064514, 4.274044, 5.248727, 6.461317, 2.370148, 12.956010, 7.140351, 67773.000000, 264125.000000, 4745616.483333, 19134291.000000, 20087660.000000
6.177870, 6.381468, 6.282954, 7.701518, 2.589730, 13.612512, 6.970643, 69158.000000, 329656.000000, 7362826.633333, 19289227.000000, 20250132.000000
4.496756, 4.748700, 5.615202, 6.989594, 2.804080, 13.612512, 6.906358, 68464.000000, 307705.000000, 6411907.266667, 19399333.000000, 20384498.000000
