2.843680, 3.045232, 4.217963, 5.251793, 0.563954, 35.246681, 10.773275, 138489.000000, 471258.000000, 4923377.483333, 79388.000000, 101075.000000
3.410566, 3.650711, 4.559747, 5.735816, 0.647866, 47.585350, 10.990735, 138091.000000, 501233.000000, 6368967.916667, 173604.000000, 234499.000000
5.230968, 5.429800, 5.832798, 7.217847, 0.655678, 43.005065, 12.301926, 146506.000000, 512658.000000, 5879625.183333, 305784.000000, 351299.000000
6.671948, 7.165473, 6.344028, 8.048240, 0.589590, 45.761212, 11.721943, 147409.000000, 591452.000000, 9227907.566667, 488815.000000, 550220.000000
5.374164, 5.641637, 5.787614, 7.230479, 0.646175, 38.918616, 12.081186, 147661.000000, 561562.000000, 7935836.333333, 633010.000000, 717589.000000
5.831606, 6.212840, 6.517268, 8.345810, 0.575990, 45.138131, 13.756099, 149290.000000, 592065.000000, 9017001.150000, 768975.000000, 865143.000000
4.456779, 4.631861, 5.159039, 6.334462, 0.579928, 43.927546, 11.065950, 140277.000000, 493566.000000, 5884655.983333, 894544.000000, 998917.000000
4.160634, 4.418844, 5.369235, 6.753948, 0.588719, 41.490734, 12.453841, 144501.000000, 516377.000000, 6211005.116667, 997842.000000, 1114244.000000
4.492632, 4.739270, 5.301798, 6.628173, 0.595215, 42.750169, 11.522784, 144020.000000, 519150.000000, 6520370.566667, 1120390.000000, 1251084.000000
6.023393, 6.511481, 6.601746, 8.394230, 0.599680, 38.698220, 13.456582, 141688.000000, 582115.000000, 9317942.916667, 1256042.000000, 1406561.000000
4.920542, 5.069644, 5.388449, 6.630704, 0.598264, 44.166211, 11.368219, 139904.000000, 527455.000000, 7279229.166667, 1390027.000000, 1570054.000000
5.216284, 5.533772, 5.743957, 7.215682, 0.632422, 41.191240, 11.678664, 139240.000000, 519039.000000, 6976170.783333, 1531911.000000, 1708127.000000
11.063014, 11.764148, 8.073820, 10.148336, 0.670370, 39.214231, 12.537295, 141414.000000, 711499.000000, 14986944.900000, 1759942.000000, 1948142.000000
4.003714, 4.211011, 4.958223, 6.139524, 0.590066, 42.064802, 11.206055, 144932.000000, 523640.000000, 6516651.250000, 1869880.000000, 2082005.000000
4.139689, 4.329107, 5.222804, 6.486354, 0.582971, 52.900883, 12.080585, 143906.000000, 478091.000000, 4781727.150000, 1975569.000000, 2180935.000000
3.051037, 3.168253, 4.317131, 5.271538, 0.545075, 39.311538, 10.867140, 143048.000000, 470899.000000, 4441161.766667, 2058741.000000, 2275788.000000
4.718577, 5.067136, 5.717336, 7.277615, 0.634849, 45.036984, 12.616602, 142097.000000, 542705.000000, 7618762.500000, 2177200.000000, 2421069.000000
3.538815, 3.663005, 4.558336, 5.553465, 0.624867, 39.789889, 10.902923, 134795.000000, 441985.000000, 4121028.416667, 2274343.000000, 2512384.000000
5.624809, 5.931106, 5.836547, 7.262084, 0.581716, 42.827179, 11.679063, 149708.000000, 569702.000000, 7929705.333333, 2427815.000000, 2681686.000000
9.670373, 10.436004, 7.441907, 9.442967, 0.669278, 43.358982, 11.927162, 140943.000000, 738943.000000, 16156230.200000, 2638210.000000, 2938507.000000
7.148255, 7.523246, 7.076246, 8.928733, 0.583272, 52.957018, 14.137555, 144111.000000, 561445.000000, 8217375.716667, 2810234.000000, 3100675.000000
3.151153, 3.264504, 4.402860, 5.393533, 0.602591, 37.001709, 11.143368, 143790.000000, 476324.000000, 4576015.933333, 2894515.000000, 3196158.000000
5.937396, 6.425520, 6.467421, 8.336089, 0.627295, 42.600020, 13.289422, 145057.000000, 595424.000000, 9544188.516667, 3040684.000000, 3363278.000000
4.815998, 5.106718, 5.575937, 6.995295, 0.595693, 47.630923, 12.121829, 144967.000000, 523523.000000, 6544911.900000, 3166853.000000, 3498881.000000
4.574081, 4.716102, 5.224163, 6.424278, 0.576373, 41.408004, 11.336432, 144978.000000, 513646.000000, 6157792.600000, 3292732.000000, 3634491.000000
3.560366, 3.798585, 4.614081, 5.770395, 0.562503, 47.607694, 10.832958, 138410.000000, 494045.000000, 5920580.750000, 3391980.000000, 3760760.000000
4.315923, 4.505315, 5.246761, 6.498469, 0.607697, 39.461359, 11.805402, 147914.000000, 503277.000000, 5321491.550000, 3504557.000000, 3870708.000000
5.147559, 5.386319, 5.793121, 7.269062, 0.547206, 38.799993, 12.434409, 147476.000000, 552961.000000, 7604048.083333, 3636278.000000, 4018402.000000
3.773464, 3.982617, 4.863306, 6.041844, 0.550579, 50.654726, 11.267547, 145921.000000, 494380.000000, 5182516.716667, 3738345.000000, 4128562.000000
5.539735, 6.042715, 6.069472, 7.824644, 0.582406, 44.864051, 12.560014, 151697.000000, 604801.000000, 9195425.800000, 3881213.000000, 4299255.000000
8.367342, 8.710246, 6.968885, 8.628638, 0.635617, 43.620253, 12.162959, 144219.000000, 629835.000000, 11095931.350000, 4090793.000000, 4518740.000000
8.274197, 9.358794, 7.547883, 10.100534, 0.600586, 78.023369, 13.541232, 145675.000000, 691816.000000, 13538696.516667, 4286097.000000, 4738970.000000
4.216435, 3.977368, 5.142588, 6.090458, 0.604268, 58.079769, 13.408398, 147538.000000, 490304.000000, 4825123.266667, 4386565.000000, 4839714.000000
3.947645, 4.247635, 4.985225, 6.285943, 0.628003, 44.990853, 11.268934, 148051.000000, 534858.000000, 6716311.300000, 4495471.000000, 4980284.000000
4.065483, 4.190547, 5.064718, 6.248960, 0.642296, 40.658523, 11.611446, 152629.000000, 506351.000000, 4925236.466667, 4602081.000000, 5082830.000000
7.111510, 7.659566, 7.124123, 9.147372, 0.596222, 45.601981, 13.962877, 146607.000000, 639969.000000, 11406294.300000, 4769130.000000, 5275578.000000
3.439252, 3.553200, 4.694607, 5.735842, 0.556183, 45.460409, 11.324623, 147254.000000, 477259.000000, 4256808.216667, 4859310.000000, 5367133.000000
3.719477, 3.879303, 4.906014, 6.045179, 0.590281, 51.104067, 11.718908, 140477.000000, 489752.000000, 5541155.283333, 4955337.000000, 5474462.000000
4.546688, 4.900417, 5.368545, 6.757593, 0.595937, 44.800808, 11.618620, 152751.000000, 552145.000000, 6941499.083333, 5079994.000000, 5619981.000000
4.708688, 5.009052, 5.305960, 6.617231, 0.612309, 40.881575, 11.132661, 147346.000000, 547788.000000, 7293378.900000, 5212256.000000, 5782160.000000
6.641369, 6.849287, 6.324697, 7.835310, 0.580565, 36.580771, 11.951776, 149417.000000, 572378.000000, 8093230.566667, 5382314.000000, 5943227.000000
4.634027, 5.084191, 5.339167, 6.745370, 0.583414, 38.631588, 11.206540, 148173.000000, 573148.000000, 8196151.750000, 5510296.000000, 6111458.000000
5.196041, 5.346837, 5.555493, 6.784066, 0.619205, 42.270271, 11.664681, 148817.000000, 535794.000000, 6571410.250000, 5644360.000000, 6251418.000000
10.107083, 10.659359, 7.556308, 9.376941, 0.602940, 41.384905, 11.803346, 148650.000000, 671200.000000, 12373771.133333, 5906116.000000, 6511914.000000
4.858311, 5.041320, 5.393199, 6.672672, 0.605297, 39.583266, 11.615173, 145720.000000, 531038.000000, 6651353.666667, 6036854.000000, 6653907.000000
4.492361, 4.761810, 5.457018, 6.844716, 0.576938, 47.197482, 12.082375, 144292.000000, 523997.000000, 6631478.750000, 6152983.000000, 6784092.000000
4.138173, 4.338804, 5.148907, 6.415925, 0.624322, 38.968675, 11.826180, 151322.000000, 524943.000000, 5888692.816667, 6262005.000000, 6902546.000000
7.882099, 8.351435, 6.945278, 8.677688, 0.658014, 47.363498, 12.299249, 149867.000000, 644222.000000, 11044714.700000, 6454205.000000, 7112543.000000
7.926313, 8.549816, 7.447564, 9.535031, 0.653064, 41.221178, 13.523692, 148722.000000, 677359.000000, 12760832.750000, 6648569.000000, 7339175.000000
4.904034, 5.167424, 5.567837, 6.983069, 0.586895, 45.819152, 11.909371, 148856.000000, 544493.000000, 6968897.700000, 6779924.000000, 7491632.000000
9.016999, 9.776324, 8.132550, 10.529844, 0.615464, 40.252357, 14.523946, 144739.000000, 678639.000000, 13178222.333333, 6984095.000000, 7696964.000000
3.420533, 3.523294, 4.657204, 5.660934, 0.608132, 44.100628, 11.378364, 150278.000000, 511790.000000, 5445703.333333, 7074959.000000, 7815064.000000
6.283136, 6.659969, 6.016839, 7.501085, 0.580572, 43.785163, 11.196262, 151268.000000, 616894.000000, 9795398.133333, 7241637.000000, 8001821.000000
12.259068, 13.080959, 8.681154, 10.981879, 0.607746, 39.293352, 13.337478, 151971.000000, 749034.000000, 15384377.883333, 7508519.000000, 8269298.000000
4.234065, 4.412122, 5.034430, 6.191164, 0.579837, 36.316832, 11.080371, 151981.000000, 519531.000000, 5684476.683333, 7625546.000000, 8393714.000000
3.145449, 3.229748, 4.385880, 5.328829, 0.549254, 40.857625, 11.013080, 148861.000000, 502318.000000, 5138734.233333, 7709964.000000, 8504074.000000
4.609970, 4.848017, 5.399782, 6.734303, 0.591763, 41.289485, 11.769796, 146168.000000, 506532.000000, 5807444.183333, 7832979.000000, 8624018.000000
3.969997, 4.177767, 5.061174, 6.349343, 0.598898, 43.800918, 11.711818, 149514.000000, 517640.000000, 5723051.883333, 7937037.000000, 8737148.000000
3.171616, 3.225867, 4.421155, 5.345125, 0.554197, 45.611061, 11.237370, 149529.000000, 488909.000000, 4514496.466667, 8022722.000000, 8836380.000000
8.589757, 9.036651, 6.719326, 8.261189, 0.622073, 37.446657, 10.919784, 144557.000000, 627106.000000, 10918636.933333, 8218384.000000, 9037137.000000
3.635081, 3.798311, 4.750686, 5.858797, 0.602539, 45.234803, 11.146604, 151819.000000, 507996.000000, 5197678.916667, 8316869.000000, 9146969.000000
4.194977, 4.459401, 5.024967, 6.245754, 0.630520, 40.586742, 11.068404, 149413.000000, 525310.000000, 6019323.333333, 8433186.000000, 9279286.000000
6.007071, 6.544285, 6.353137, 8.186807, 0.667510, 43.245461, 12.726441, 152635.000000, 622627.000000, 9902701.500000, 8586116.000000, 9458783.000000
5.941350, 6.190965, 6.031485, 7.490990, 0.570672, 47.573580, 12.034148, 161358.000000, 607825.000000, 8417934.216667, 8745382.000000, 9633834.000000
7.075421, 7.452230, 6.546182, 8.177750, 0.637059, 38.044045, 12.173299, 161630.000000, 629881.000000, 9246156.100000, 8929255.000000, 9826290.000000
9.402425, 10.094141, 7.282599, 9.195321, 0.698495, 41.164351, 11.818524, 155475.000000, 732319.000000, 14316343.050000, 9178740.000000, 10115450.000000
5.348343, 5.418385, 5.794499, 7.083089, 0.606632, 44.936964, 12.372295, 155791.000000, 546325.000000, 6253994.583333, 9318005.000000, 10249372.000000
4.436107, 4.705649, 5.229261, 6.553810, 0.613911, 37.731319, 11.378497, 160415.000000, 552264.000000, 6015481.616667, 9438580.000000, 10377901.000000
4.125207, 4.218817, 4.947385, 5.965721, 0.629456, 52.466360, 11.069320, 158439.000000, 549032.000000, 6054791.316667, 9552884.000000, 10508535.000000
4.936928, 5.242189, 5.796482, 7.341335, 0.587942, 46.764768, 12.517598, 154573.000000, 562083.000000, 7141612.000000, 9678263.000000, 10644799.000000
4.065309, 4.290745, 5.153379, 6.458989, 0.630864, 51.089362, 11.836613, 157412.000000, 545132.000000, 6102465.433333, 9785660.000000, 10770589.000000
6.449331, 6.807463, 6.047687, 7.549902, 0.593752, 42.646766, 11.253833, 150572.000000, 614353.000000, 9766563.833333, 9972305.000000, 10979257.000000
4.684337, 4.944344, 5.689077, 7.186941, 0.605092, 42.471185, 12.752465, 155422.000000, 537892.000000, 5899693.616667, 10088469.000000, 11096430.000000
6.358619, 6.849921, 5.972720, 7.528371, 0.622006, 41.006147, 11.013568, 150921.000000, 609752.000000, 9512644.950000, 10275534.000000, 11309549.000000
6.447837, 6.758317, 6.766122, 8.563831, 0.615116, 51.396894, 13.690799, 148460.000000, 593706.000000, 9124371.183333, 10428790.000000, 11470300.000000
3.942568, 4.288480, 4.897362, 6.257846, 0.555096, 41.059838, 11.158707, 152120.000000, 535245.000000, 6187428.950000, 10536624.000000, 11594497.000000
5.281874, 5.538809, 6.149234, 7.807827, 0.601001, 42.581293, 13.594559, 145302.000000, 564088.000000, 8130115.966667, 10661268.000000, 11738431.000000
5.517329, 5.780522, 5.577187, 6.862508, 0.589455, 51.312868, 11.092706, 152691.000000, 589981.000000, 8426464.250000, 10815641.000000, 11922338.000000
4.707781, 4.969811, 5.362150, 6.675615, 0.617817, 38.788651, 11.489618, 154908.000000, 543254.000000, 6370689.366667, 10943931.000000, 12059899.000000
6.898440, 7.224170, 6.303402, 7.837361, 0.608871, 38.625645, 11.584838, 147945.000000, 614713.000000, 10115316.233333, 11122490.000000, 12256383.000000
7.537775, 8.195957, 7.506369, 9.657581, 0.589895, 41.154967, 14.484524, 150764.000000, 637982.000000, 10790121.733333, 11292223.000000, 12437137.000000
5.416549, 5.639395, 5.841760, 7.289645, 0.617720, 40.891077, 11.899062, 158644.000000, 574780.000000, 7296658.283333, 11437096.000000, 12587954.000000
3.258754, 3.368655, 4.459494, 5.408060, 0.614864, 44.021340, 10.910152, 153259.000000, 515691.000000, 5129253.083333, 11526785.000000, 12695010.000000
5.504737, 6.197559, 5.692289, 7.379711, 0.643199, 41.267450, 11.123745, 156999.000000, 604457.000000, 8643435.133333, 11686046.000000, 12880388.000000
7.026585, 7.159082, 6.989326, 8.702224, 0.563507, 41.085762, 13.813156, 152983.000000, 622231.000000, 9751221.883333, 11839487.000000, 13047116.000000
5.085536, 5.380670, 5.387474, 6.700781, 0.607789, 39.178038, 11.037242, 146177.000000, 515179.000000, 6234815.983333, 11984672.000000, 13189488.000000
4.613507, 4.897552, 5.261249, 6.605934, 0.588657, 39.951713, 11.348169, 147379.000000, 543472.000000, 7091388.683333, 12110652.000000, 13333723.000000
5.168903, 5.422430, 5.809973, 7.304817, 0.646840, 45.023155, 12.404597, 154528.000000, 562437.000000, 7243243.233333, 12241805.000000, 13475370.000000
4.541840, 4.764820, 5.397999, 6.704489, 0.601203, 37.466282, 11.871259, 153345.000000, 530828.000000, 5965754.416667, 12360763.000000, 13600333.000000
6.044257, 6.541540, 6.601065, 8.552569, 0.609959, 46.660962, 13.608589, 157755.000000, 631032.000000, 9682018.266667, 12502270.000000, 13761961.000000
5.392790, 5.625549, 5.612757, 6.973383, 0.580166, 42.780847, 11.553834, 154309.000000, 575440.000000, 7712060.700000, 12650765.000000, 13928594.000000
5.131607, 5.308914, 5.529222, 6.823041, 0.594492, 41.242360, 11.588657, 158105.000000, 565953.000000, 6924505.133333, 12791567.000000, 14080790.000000
3.235425, 3.373211, 4.474587, 5.478161, 0.554025, 37.383870, 11.035213, 151186.000000, 498847.000000, 4778742.366667, 12879652.000000, 14181907.000000
4.557996, 4.740218, 5.281789, 6.506498, 0.630675, 40.134827, 11.371189, 163433.000000, 556565.000000, 6025701.566667, 13003726.000000, 14312826.000000
5.105506, 5.394659, 5.580868, 6.978481, 0.639321, 39.868800, 11.614838, 156293.000000, 584914.000000, 8018209.600000, 13141901.000000, 14482932.000000
5.038871, 5.340165, 5.578260, 7.006961, 0.608996, 48.452380, 11.617774, 149698.000000, 534938.000000, 6539874.583333, 13278463.000000, 14616708.000000
6.939581, 7.387328, 6.923161, 8.816377, 0.628836, 42.611161, 13.468154, 151740.000000, 626099.000000, 10155251.866667, 13441499.000000, 14796276.000000
4.235919, 4.515597, 5.264409, 6.596491, 0.540733, 44.402240, 11.947953, 152714.000000, 544586.000000, 6613544.600000, 13553416.000000, 14926867.000000
6.010205, 6.273597, 6.044631, 7.499952, 0.576578, 47.689758, 11.729542, 153994.000000, 571657.000000, 7734164.450000, 13714585.000000, 15093922.000000
5.330260, 5.620169, 5.841375, 7.320267, 0.589988, 395.377009, 12.199112, 153001.000000, 568432.000000, 7570444.050000, 13854547.000000, 15246056.000000
5.966306, 6.423098, 6.449018, 8.254133, 0.617408, 46.194201, 13.113645, 153495.000000, 612467.000000, 9358301.716667, 14001183.000000, 15413604.000000
9.897465, 10.538214, 7.786785, 9.788092, 0.656094, 38.581921, 12.692873, 156131.000000, 723546.000000, 13862204.316667, 14237366.000000, 15672611.000000
7.147462, 7.651237, 7.232969, 9.229650, 0.613711, 41.261046, 14.144253, 155935.000000, 654737.000000, 10834624.216667, 14398204.000000, 15848745.000000
5.538561, 5.882172, 6.156215, 7.748661, 0.628447, 40.345843, 12.785267, 150758.000000, 614370.000000, 9725077.883333, 14533249.000000, 16017475.000000
5.535212, 5.954596, 6.013064, 7.637368, 0.663654, 37.551531, 12.423732, 147657.000000, 556642.000000, 7733016.666667, 14675895.000000, 16168912.000000
8.154559, 9.027493, 7.344760, 9.579417, 0.631793, 47.029758, 13.287062, 144862.000000, 710706.000000, 14476617.366667, 14872896.000000, 16408272.000000
6.098697, 6.217190, 6.361782, 7.795711, 0.623985, 51.501203, 13.455652, 144283.000000, 521927.000000, 6498205.900000, 15015133.000000, 16541949.000000
5.486188, 5.830918, 5.751672, 7.213227, 0.608296, 40.590491, 11.468379, 149484.000000, 556644.000000, 7501101.716667, 15162886.000000, 16701755.000000
5.238415, 5.462086, 5.673720, 7.016870, 0.560076, 48.685167, 11.948858, 152954.000000, 560466.000000, 7321416.916667, 15302533.000000, 16856944.000000
5.025512, 5.215261, 5.345962, 6.533104, 0.565717, 39.363051, 10.954280, 147789.000000, 526733.000000, 6463753.683333, 15446125.000000, 17007795.000000
4.125230, 4.353703, 5.087448, 6.317137, 0.607976, 41.045677, 11.393719, 152675.000000, 526586.000000, 5802531.400000, 15558672.000000, 17128704.000000
4.322820, 4.536922, 5.394795, 6.745705, 0.557279, 43.152836, 12.236171, 151708.000000, 556656.000000, 7309678.333333, 15668437.000000, 17265391.000000
5.110397, 5.448383, 5.905439, 7.456326, 0.646454, 40.811529, 12.598920, 155445.000000, 562116.000000, 7155573.466667, 15797563.000000, 17405895.000000
5.050165, 5.338583, 5.612785, 6.990695, 0.616064, 40.914763, 11.714062, 155824.000000, 559072.000000, 6933206.733333, 15933847.000000, 17553473.000000
6.326613, 6.684055, 6.542653, 8.268846, 0.602892, 39.713581, 12.982312, 152404.000000, 604029.000000, 9073817.566667, 16091402.000000, 17723433.000000
4.523827, 4.857719, 5.324623, 6.757570, 0.628295, 40.382863, 11.603032, 152876.000000, 565114.000000, 7442697.400000, 16212418.000000, 17870399.000000
5.463909, 6.009190, 5.892073, 7.573936, 0.618924, 46.939126, 12.285525, 152114.000000, 571224.000000, 7694366.600000, 16358830.000000, 18025222.000000
4.575106, 4.543143, 5.369490, 6.596983, 0.559682, 40.856267, 12.216600, 140922.000000, 500907.000000, 5909023.566667, 16471644.000000, 18140262.000000
6.871689, 7.363388, 6.806010, 8.654608, 0.672886, 43.115791, 13.024606, 155123.000000, 640047.000000, 10487345.333333, 16642356.000000, 18332448.000000
3.917965, 4.085691, 5.020679, 6.215380, 0.585150, 44.778064, 11.807158, 154143.000000, 529070.000000, 5824057.983333, 16745125.000000, 18449267.000000
6.996803, 7.418059, 6.450710, 8.078480, 0.565582, 42.101661, 11.821038, 154391.000000, 632358.000000, 10125197.200000, 16935007.000000, 18669062.000000
4.823219, 5.086891, 5.411216, 6.761022, 0.601373, 45.257233, 11.336596, 150303.000000, 530931.000000, 6260083.683333, 17066959.000000, 18798705.000000
4.451025, 4.678243, 5.596900, 7.045441, 0.642261, 41.076951, 12.840291, 155203.000000, 565035.000000, 7263293.083333, 17173919.000000, 18927958.000000
7.601870, 8.023242, 6.647017, 8.256851, 0.669538, 41.926176, 11.645303, 165320.000000, 652305.000000, 9989131.300000, 17386550.000000, 19153548.000000
8.678320, 9.408915, 7.232941, 9.315271, 0.637168, 46.992844, 12.201744, 173494.000000, 735149.000000, 12543170.933333, 17610759.000000, 19400083.000000
5.885665, 6.009174, 5.957642, 7.253659, 0.626334, 43.002321, 12.023817, 163536.000000, 585532.000000, 7284939.483333, 17769436.000000, 19564665.000000
7.360111, 7.766971, 6.502751, 8.106425, 0.625789, 45.561515, 11.643277, 154318.000000, 638063.000000, 10485785.050000, 17954233.000000, 19773618.000000
4.960363, 5.178827, 5.522789, 6.842544, 0.575445, 46.573500, 11.529900, 152656.000000, 538749.000000, 6457824.733333, 18088058.000000, 19909270.000000
6.762877, 7.206462, 6.364744, 8.028023, 0.626786, 44.174186, 11.907819, 158271.000000, 629279.000000, 9722489.450000, 18272077.000000, 20112682.000000
4.464191, 4.746057, 5.414667, 6.822530, 0.590537, 45.696977, 12.188570, 152719.000000, 554417.000000, 7003530.066667, 18387607.000000, 20250331.000000
4.403545, 4.633220, 5.235965, 6.537153, 0.594054, 39.402956, 11.608828, 150502.000000, 547823.000000, 7039547.100000, 18504891.000000, 20388792.000000
4.720172, 5.003926, 5.453717, 6.926921, 0.600526, 40.245973, 11.858596, 154412.000000, 541684.000000, 6303754.916667, 18628805.000000, 20515260.000000
5.961798, 6.280843, 5.969119, 7.484997, 0.627865, 41.207393, 11.785395, 152679.000000, 604296.000000, 9242249.433333, 18791489.000000, 20708114.000000
5.471384, 5.825046, 6.070791, 7.720637, 0.594843, 46.272463, 12.859425, 150997.000000, 555000.000000, 7365279.366667, 18929235.000000, 20848632.000000
5.186394, 5.392568, 5.571644, 6.833544, 0.585130, 46.058920, 11.408637, 154548.000000, 553387.000000, 6723708.300000, 19070996.000000, 20997065.000000
4.348357, 4.601717, 5.518542, 7.023701, 0.562893, 50.664966, 12.757737, 153863.000000, 552894.000000, 6880591.483333, 19177574.000000, 21120322.000000
6.266714, 6.634513, 6.022825, 7.487424, 0.600373, 39.642884, 11.516495, 154550.000000, 617998.000000, 9557097.316667, 19346442.000000, 21313645.000000
5.495993, 5.787918, 6.046613, 7.637752, 0.639817, 41.827310, 12.494611, 151382.000000, 547734.000000, 6887375.400000, 19485344.000000, 21453943.000000
4.846541, 5.764298, 5.439098, 7.388007, 0.558166, 47.115094, 11.177849, 151239.000000, 685647.000000, 12779342.966667, 19617689.000000, 21660338.000000
9.114848, 9.228488, 8.002005, 9.863278, 0.575495, 42.739996, 14.918490, 152634.000000, 592915.000000, 8774743.716667, 19812160.000000, 21825943.000000
4.497533, 4.731987, 5.345786, 6.646712, 0.585472, 43.280711, 11.619646, 148813.000000, 522127.000000, 6001913.333333, 19932458.000000, 21951016.000000
4.609762, 4.848611, 5.551330, 6.973815, 0.621150, 39.958850, 12.398197, 148991.000000, 539156.000000, 6887853.750000, 20048439.000000, 22080321.000000
9.937483, 12.317517, 8.360995, 12.104896, 0.638870, 41.192910, 13.925542, 147580.000000, 857985.000000, 20552510.950000, 20263377.000000, 22346019.000000
8.481927, 7.830733, 7.584541, 9.006587, 0.660016, 42.762254, 16.451847, 147798.000000, 636644.000000, 11072891.816667, 20437385.000000, 22538094.000000
5.235869, 5.523372, 5.897392, 7.454758, 0.597379, 47.657717, 12.652624, 148514.000000, 531539.000000, 6599855.933333, 20569944.000000, 22674052.000000
4.589820, 4.839776, 5.364846, 6.696041, 0.603872, 48.034079, 11.810182, 151593.000000, 528854.000000, 6346980.700000, 20692851.000000, 22808994.000000
4.191347, 4.383864, 5.048008, 6.259407, 0.632743, 46.106461, 11.369469, 153776.000000, 529046.000000, 5893558.566667, 20805187.000000, 22933394.000000
6.563934, 7.053495, 6.248679, 7.893990, 0.640369, 41.740601, 11.700749, 149741.000000, 605129.000000, 9700126.200000, 20989604.000000, 23141586.000000
5.124791, 5.346950, 5.765557, 7.237490, 0.565105, 43.672591, 12.460584, 151291.000000, 553760.000000, 7220270.833333, 21116178.000000, 23279620.000000
4.282474, 4.458958, 5.058104, 6.221071, 0.576148, 39.367690, 11.282611, 148986.000000, 536376.000000, 6787369.016667, 21235467.000000, 23429918.000000
6.456471, 6.821348, 6.313740, 7.920125, 0.591587, 49.658458, 12.132208, 146608.000000, 571764.000000, 8459227.816667, 21405673.000000, 23601933.000000
4.746385, 5.191842, 5.446171, 7.042144, 0.594898, 43.980032, 11.714735, 146378.000000, 531308.000000, 6746763.583333, 21532516.000000, 23734524.000000
6.707060, 6.821808, 6.179957, 7.542490, 0.631273, 43.885767, 11.832596, 150177.000000, 583219.000000, 8480606.783333, 21704049.000000, 23910723.000000
6.586584, 7.041583, 6.279778, 7.901638, 0.610504, 43.459175, 11.649604, 152846.000000, 606908.000000, 9435691.033333, 21887970.000000, 24115034.000000
6.272680, 7.333316, 5.814958, 7.690310, 0.631157, 41.326069, 10.831080, 151446.000000, 645904.000000, 11287451.050000, 22079189.000000, 24355401.000000
6.239675, 5.781956, 5.819670, 6.820326, 0.647710, 44.831994, 11.623932, 152440.000000, 542086.000000, 6711602.283333, 22230145.000000, 24498891.000000
8.062211, 8.671323, 7.394871, 9.431754, 0.577180, 38.775336, 13.381530, 150074.000000, 659722.000000, 11815078.033333, 22429523.000000, 24717555.000000
9.189989, 9.744739, 7.311309, 9.160673, 0.625611, 44.259690, 12.218508, 145175.000000, 658563.000000, 12284005.266667, 22656298.000000, 24956364.000000
5.738145, 6.064650, 6.004094, 7.540457, 0.640800, 474.529298, 12.593130, 145414.000000, 551274.000000, 7739457.833333, 22807898.000000, 25117027.000000
4.305865, 4.488416, 5.160250, 6.380991, 0.585510, 39.652914, 11.403433, 150998.000000, 536663.000000, 6517244.350000, 22920834.000000, 25254569.000000
6.251804, 6.677720, 6.572266, 8.355139, 0.579053, 47.765401, 13.232600, 149209.000000, 595569.000000, 9330436.266667, 23074878.000000, 25423900.000000
8.393116, 8.919574, 6.828643, 8.512267, 0.629470, 49.658343, 11.539696, 143684.000000, 626949.000000, 11154233.683333, 23283284.000000, 25641740.000000
5.021469, 5.294619, 5.647607, 7.125252, 0.559853, 54.895347, 11.923297, 146363.000000, 538622.000000, 7136938.083333, 23416108.000000, 25786486.000000
4.814042, 5.107644, 5.899799, 7.538752, 0.599684, 44.359838, 13.264803, 147610.000000, 579714.000000, 8765559.966667, 23532983.000000, 25942403.000000
4.830833, 5.082118, 5.517237, 6.869628, 0.608205, 40.072024, 11.782960, 146039.000000, 499300.000000, 5569457.816667, 23660036.000000, 26059298.000000
4.930543, 5.302692, 5.704572, 7.231489, 0.579507, 36.380370, 12.193564, 151220.000000, 558533.000000, 7516676.400000, 23788338.000000, 26205612.000000
3.857256, 3.975811, 4.899271, 6.045662, 0.603989, 469.001381, 11.638957, 144833.000000, 491106.000000, 5217388.316667, 23890898.000000, 26314720.000000
5.990148, 6.500044, 6.352319, 8.189325, 0.580682, 39.820861, 12.716623, 146543.000000, 603953.000000, 9931755.350000, 24041688.000000, 26492567.000000
16.431397, 18.299381, 10.143416, 13.102620, 0.691138, 42.437228, 14.501929, 145343.000000, 1061236.000000, 29580191.600000, 24439594.000000, 27002160.000000
9.261592, 9.310077, 7.584178, 9.447002, 0.608941, 41.144517, 13.319784, 142877.000000, 555385.000000, 8286193.083333, 24641552.000000, 27170018.000000
5.719981, 5.963814, 5.983163, 7.471405, 0.622594, 44.775697, 12.168828, 142655.000000, 523971.000000, 6894128.216667, 24791662.000000, 27309118.000000
4.144721, 4.347940, 5.072277, 6.324842, 0.604951, 48.367288, 11.510095, 139656.000000, 489271.000000, 5753812.883333, 24903480.000000, 27430363.000000
3.668242, 3.780615, 4.721027, 5.748121, 0.576048, 40.626659, 11.248507, 141884.000000, 477545.000000, 5014112.550000, 25004066.000000, 27537782.000000
6.007223, 6.416443, 6.049818, 7.630942, 0.587163, 44.671442, 11.664564, 147033.000000, 571063.000000, 8521415.616667, 25165266.000000, 27717040.000000
4.349771, 4.612082, 5.298842, 6.684411, 0.630090, 44.056508, 11.950584, 143830.000000, 532174.000000, 7252596.600000, 25278215.000000, 27851751.000000
5.624630, 6.166678, 6.148936, 8.061067, 0.577521, 44.355823, 12.805848, 140601.000000, 550826.000000, 8276906.200000, 25420225.000000, 28004806.000000
4.059595, 4.106188, 5.259583, 6.486804, 0.593927, 41.798387, 13.209341, 135037.000000, 479777.000000, 5830579.366667, 25517373.000000, 28113152.000000
5.557341, 6.021521, 6.319012, 8.139514, 0.613906, 51.093639, 13.563943, 141266.000000, 576902.000000, 9283683.500000, 25643305.000000, 28261442.000000
5.472272, 5.799384, 5.998239, 7.559843, 0.603754, 50.778782, 12.688562, 135691.000000, 521203.000000, 7535972.566667, 25784385.000000, 28410834.000000
4.675996, 4.898194, 5.267951, 6.545417, 0.634954, 52.949028, 11.271066, 139544.000000, 505958.000000, 6533412.950000, 25914290.000000, 28553644.000000
6.206159, 6.634400, 6.542900, 8.337718, 0.585075, 45.908783, 13.168642, 140111.000000, 566414.000000, 9014385.650000, 26064631.000000, 28716806.000000
3.216582, 3.331852, 4.455101, 5.500277, 0.569589, 44.001067, 11.152266, 134860.000000, 455809.000000, 4863580.766667, 26151463.000000, 28819087.000000
7.342265, 7.902728, 6.596635, 8.348232, 0.624386, 44.799217, 11.788392, 139877.000000, 609377.000000, 10816624.900000, 26342477.000000, 29032525.000000
6.727213, 7.159262, 6.675191, 8.518124, 0.641748, 54.246621, 12.882820, 151710.000000, 612845.000000, 9786815.550000, 26514506.000000, 29223675.000000
5.129529, 5.366187, 5.515442, 6.852394, 0.595127, 48.729215, 11.587283, 142963.000000, 517984.000000, 6605983.150000, 26655719.000000, 29366624.000000
5.776658, 6.051051, 6.020049, 7.520645, 0.625557, 37.419593, 12.128629, 143076.000000, 558863.000000, 8430245.983333, 26808220.000000, 29539823.000000
6.064427, 6.644736, 6.187220, 7.942423, 0.580157, 41.565217, 12.109793, 143883.000000, 618519.000000, 10954497.483333, 26976709.000000, 29764549.000000
9.944463, 10.693502, 8.191375, 10.516965, 0.641871, 40.829827, 13.827935, 141740.000000, 682735.000000, 13917603.516667, 27207504.000000, 30000098.000000
4.355974, 4.500891, 5.123544, 6.247676, 0.613972, 44.663966, 11.539309, 132650.000000, 455331.000000, 5031052.000000, 27326611.000000, 30111801.000000
8.762337, 9.368643, 7.381005, 9.333180, 0.611312, 38.279082, 12.587227, 136582.000000, 711376.000000, 15669820.650000, 27536200.000000, 30376401.000000
6.668009, 7.114783, 6.912252, 8.850727, 0.576012, 43.387926, 13.862637, 138714.000000, 514308.000000, 6967745.466667, 27691943.000000, 30514106.000000
4.469254, 4.745920, 5.343798, 6.730367, 0.601531, 41.951766, 11.954053, 134520.000000, 510199.000000, 7169245.750000, 27809412.000000, 30660397.000000
5.243963, 5.434742, 5.500131, 6.761524, 0.599590, 43.327101, 11.317770, 141010.000000, 516299.000000, 6703916.966667, 27958728.000000, 30809800.000000
5.492267, 5.840491, 5.750096, 7.232550, 0.604131, 40.357911, 11.532408, 135613.000000, 514338.000000, 7406790.916667, 28109396.000000, 30971552.000000
4.059627, 4.194001, 4.971692, 6.121530, 0.603987, 38.744831, 11.403287, 134599.000000, 473251.000000, 5770449.050000, 28220068.000000, 31091107.000000
5.426465, 5.812465, 5.755340, 7.270075, 0.600763, 44.550002, 11.552121, 135434.000000, 527466.000000, 7823599.616667, 28371378.000000, 31260821.000000
6.066055, 6.447206, 6.357674, 8.092207, 0.591989, 419.965412, 12.862005, 138873.000000, 555037.000000, 8797796.333333, 28523071.000000, 31425400.000000
5.268491, 5.778460, 6.022946, 7.819145, 0.648338, 38.722999, 12.986309, 136266.000000, 543284.000000, 8465726.616667, 28652133.000000, 31574446.000000
3.863796, 3.914806, 4.950592, 6.073562, 0.531194, 45.240516, 12.141731, 134585.000000, 462443.000000, 5218131.866667, 28752150.000000, 31684976.000000
7.153918, 7.556755, 6.463044, 8.068902, 0.582818, 43.134164, 11.704094, 137791.000000, 588205.000000, 10395409.833333, 28934118.000000, 31887731.000000
4.499294, 4.770562, 5.381487, 6.753691, 0.596407, 37.971320, 11.929970, 133885.000000, 483501.000000, 6245230.583333, 29052543.000000, 32017902.000000
4.923161, 5.365030, 5.641143, 7.295162, 0.633539, 43.547719, 11.919841, 129911.000000, 506640.000000, 7569738.816667, 29182841.000000, 32160644.000000
4.633328, 4.771178, 5.438911, 6.676329, 0.608042, 47.735251, 12.219268, 134719.000000, 495799.000000, 6623489.933333, 29304361.000000, 32298970.000000
5.691023, 6.061501, 5.949437, 7.484322, 0.629070, 46.801824, 11.828041, 133946.000000, 519728.000000, 7884893.850000, 29460234.000000, 32466935.000000
3.768862, 3.878380, 4.768325, 5.833599, 0.564512, 42.171242, 11.253594, 130030.000000, 439056.000000, 4770304.233333, 29563038.000000, 32572590.000000
6.252145, 6.843342, 6.469310, 8.406115, 0.602878, 45.165328, 12.706684, 130079.000000, 570847.000000, 10375888.700000, 29724590.000000, 32768659.000000
5.414241, 5.697955, 6.057427, 7.649452, 0.631615, 47.839083, 13.138108, 125225.000000, 495574.000000, 7605120.333333, 29856252.000000, 32907023.000000
4.844843, 5.148053, 5.397542, 6.788317, 0.608833, 40.412199, 11.467147, 133972.000000, 499626.000000, 7000083.116667, 29991012.000000, 33060544.000000
4.456451, 4.667624, 5.225568, 6.518581, 0.658944, 38.398756, 11.606198, 131623.000000, 478399.000000, 6287833.816667, 30111921.000000, 33190309.000000
4.723745, 5.006651, 5.466659, 6.878591, 0.602119, 41.667444, 11.927866, 130212.000000, 500482.000000, 7369720.766667, 30237160.000000, 33334924.000000
6.860891, 7.551582, 7.075650, 9.262723, 0.542251, 38.631607, 14.194965, 137175.000000, 596826.000000, 10655592.483333, 30393581.000000, 33508885.000000
4.417166, 4.565230, 5.406266, 6.648605, 0.599622, 39.048852, 12.559313, 134527.000000, 482018.000000, 6098740.650000, 30505549.000000, 33632642.000000
6.069352, 6.565953, 6.123750, 7.855642, 0.612524, 40.423424, 11.977181, 130837.000000, 596296.000000, 11369235.433333, 30667831.000000, 33835545.000000
6.714250, 7.129519, 6.615514, 8.373377, 0.623729, 42.324621, 13.002639, 133882.000000, 509358.000000, 7414087.933333, 30841515.000000, 34002816.000000
4.377279, 4.549482, 5.284720, 6.569430, 0.599375, 39.503070, 11.903708, 134123.000000, 475369.000000, 6045730.300000, 30955082.000000, 34125475.000000
6.144958, 6.534673, 6.111230, 7.693155, 0.623718, 44.104381, 11.913131, 131186.000000, 570222.000000, 10311332.533333, 31117849.000000, 34321079.000000
7.970689, 8.491018, 7.110806, 9.005464, 0.595555, 42.152695, 12.683847, 135319.000000, 582276.000000, 10356979.866667, 31316901.000000, 34530097.000000
4.643744, 4.878696, 5.437682, 6.754986, 0.634165, 44.500317, 11.948486, 133591.000000, 469108.000000, 5699105.733333, 31439518.000000, 34651415.000000
4.443812, 4.920592, 4.968560, 6.359189, 0.593461, 40.728159, 10.463980, 131629.000000, 490918.000000, 6762278.883333, 31573875.000000, 34806774.000000
6.011430, 6.168759, 5.792442, 7.196964, 0.574879, 40.604907, 11.301285, 132432.000000, 535386.000000, 8661018.783333, 31736566.000000, 34998659.000000
7.232647, 7.850722, 7.136343, 9.266109, 0.599922, 38.513795, 14.187409, 131638.000000, 588489.000000, 10847033.733333, 31905481.000000, 35174484.000000
5.533215, 5.743133, 5.921694, 7.382829, 0.607670, 46.524851, 12.390995, 130107.000000, 506640.000000, 7599168.266667, 32047683.000000, 35328153.000000
6.528177, 7.165247, 6.767844, 8.788006, 0.651595, 51.384182, 13.385959, 132040.000000, 565325.000000, 10013592.116667, 32206899.000000, 35501584.000000
7.825443, 8.562607, 7.757898, 10.196234, 0.620943, 53.157227, 15.252486, 127916.000000, 635096.000000, 13375656.016667, 32374731.000000, 35700206.000000
7.394490, 8.552174, 7.014773, 9.500225, 0.626544, 39.035421, 13.263970, 130023.000000, 745607.000000, 17854066.900000, 32555175.000000, 35959127.000000
7.778293, 7.771321, 7.442112, 9.057034, 0.618397, 51.272792, 15.204483, 129000.000000, 465588.000000, 5888430.833333, 32720389.000000, 36089792.000000
5.308893, 5.635059, 5.688832, 7.157530, 0.579428, 43.510726, 11.553481, 132883.000000, 500443.000000, 7162819.116667, 32864848.000000, 36242912.000000
3.621388, 3.804658, 4.696578, 5.876808, 0.648192, 51.273092, 11.375778, 130734.000000, 454204.000000, 5392103.366667, 32961198.000000, 36349620.000000
5.688631, 6.167968, 6.582576, 8.541399, 0.573526, 42.160099, 14.359068, 125807.000000, 531254.000000, 9151782.650000, 33087381.000000, 36493581.000000
4.514699, 4.736146, 5.230173, 6.506326, 0.578815, 40.273759, 11.575027, 130580.000000, 487029.000000, 6846748.733333, 33211621.000000, 36639303.000000
4.839727, 5.190586, 5.678622, 7.302958, 0.541231, 42.696199, 12.514857, 128639.000000, 499753.000000, 7405060.566667, 33334677.000000, 36771268.000000
4.420380, 4.622052, 5.464985, 6.878963, 0.601585, 44.765154, 12.733364, 128177.000000, 477255.000000, 6480369.250000, 33445676.000000, 36895417.000000
5.090811, 5.462840, 6.013401, 7.676212, 0.600840, 43.791721, 13.190483, 128487.000000, 498600.000000, 7481411.066667, 33568876.000000, 37031473.000000
3.841584, 4.060231, 4.924597, 6.158907, 0.671475, 48.552583, 11.386290, 126539.000000, 448485.000000, 5459759.266667, 33671888.000000, 37144073.000000
5.461033, 5.792928, 6.085962, 7.677875, 0.572971, 40.213115, 12.634032, 130428.000000, 523496.000000, 8288954.816667, 33809101.000000, 37302108.000000
4.778176, 5.096756, 5.519647, 6.973338, 0.629953, 43.562027, 11.960311, 124207.000000, 465917.000000, 6520956.983333, 33936510.000000, 37436583.000000
5.258523, 5.975425, 5.857764, 7.804131, 0.566732, 42.816866, 12.405917, 131829.000000, 626759.000000, 12549068.783333, 34069858.000000, 37631347.000000
8.290491, 8.707245, 7.426379, 9.382378, 0.662350, 46.813800, 13.986121, 122567.000000, 505226.000000, 8311644.600000, 34264090.000000, 37803282.000000
5.386885, 5.801993, 5.559607, 7.156361, 0.608436, 41.577346, 11.388184, 125849.000000, 523786.000000, 8857424.966667, 34414527.000000, 37985167.000000
5.925216, 6.191876, 6.406496, 8.022721, 0.570397, 41.845825, 13.602051, 132316.000000, 509179.000000, 7533560.816667, 34558016.000000, 38128785.000000
