6.049583, 6.465062, 5.855504, 7.324625, 0.655403, 38.347656, 11.133322, 101720.000000, 459471.000000, 8768492.433333, 169790.000000, 194120.000000
3.134086, 3.296647, 4.462045, 5.597232, 0.582795, 45.971460, 11.763736, 94496.000000, 348481.000000, 4706444.383333, 252358.000000, 290687.000000
2.685897, 2.812440, 3.992784, 4.921688, 0.607458, 35.282963, 10.816367, 89605.000000, 307285.000000, 3390080.416667, 327366.000000, 365879.000000
3.336567, 3.470526, 4.310252, 5.281245, 0.637490, 37.988233, 10.494806, 87752.000000, 321889.000000, 4290721.116667, 422090.000000, 466220.000000
3.332542, 3.573171, 4.822539, 6.133539, 0.653692, 39.168500, 12.538588, 85664.000000, 338304.000000, 5174026.950000, 503353.000000, 560498.000000
3.521553, 3.762204, 4.514949, 5.652558, 0.580685, 38.580244, 10.739254, 92147.000000, 353371.000000, 5091300.950000, 599186.000000, 666240.000000
4.031255, 4.269227, 5.387530, 6.822038, 0.601105, 45.454768, 13.300363, 91211.000000, 366249.000000, 5755266.950000, 692498.000000, 765675.000000
2.866997, 3.052286, 4.162913, 5.223024, 0.629324, 34.609508, 10.874109, 84815.000000, 316899.000000, 4440518.283333, 772200.000000, 857231.000000
2.499497, 2.593794, 4.028272, 4.989840, 0.586480, 44.753443, 11.513807, 86581.000000, 332460.000000, 4770952.100000, 837478.000000, 945334.000000
3.276840, 3.518285, 4.643810, 5.893431, 0.645934, 36.660986, 11.890185, 85856.000000, 297563.000000, 3453016.583333, 921936.000000, 1022188.000000
5.101631, 5.459773, 5.503690, 6.983220, 0.601472, 37.736726, 11.413923, 90077.000000, 393834.000000, 7233096.600000, 1058885.000000, 1172707.000000
3.465675, 3.586725, 4.605061, 5.660565, 0.606830, 42.822586, 11.584362, 86628.000000, 324558.000000, 4495268.650000, 1151424.000000, 1269727.000000
2.319973, 2.468233, 3.891665, 4.893825, 0.632559, 40.438880, 11.276669, 87568.000000, 322531.000000, 4281485.350000, 1212119.000000, 1348725.000000
2.949527, 3.098018, 4.301600, 5.372028, 0.639391, 37.210027, 11.356439, 88156.000000, 318552.000000, 4039741.266667, 1290497.000000, 1432219.000000
2.848217, 2.997817, 4.357479, 5.485280, 0.581113, 42.555242, 11.896305, 84589.000000, 295860.000000, 3439543.033333, 1363957.000000, 1504785.000000
4.106800, 4.475558, 5.501024, 7.096059, 0.597337, 37.294972, 13.590509, 87603.000000, 379693.000000, 6755777.450000, 1457193.000000, 1615772.000000
4.415306, 5.578379, 5.416859, 7.883031, 0.627142, 45.533584, 12.035297, 83506.000000, 423265.000000, 9036957.400000, 1562751.000000, 1749053.000000
8.075028, 7.914210, 7.374427, 9.048787, 0.665506, 39.641564, 14.837963, 82341.000000, 439992.000000, 9899856.816667, 1729743.000000, 1915398.000000
2.027010, 2.094170, 3.505988, 4.269060, 0.557608, 38.245600, 10.680849, 82056.000000, 270126.000000, 2631453.266667, 1785359.000000, 1973822.000000
2.504996, 2.639670, 3.817025, 4.717696, 0.553682, 35.451368, 10.388313, 81364.000000, 286408.000000, 3453324.200000, 1857167.000000, 2052072.000000
2.228014, 2.336810, 3.685008, 4.553943, 0.624113, 39.707107, 10.802507, 85943.000000, 298345.000000, 3445269.066667, 1917840.000000, 2127168.000000
2.797235, 2.889882, 3.949510, 4.809473, 0.592712, 37.793316, 10.337003, 86242.000000, 299888.000000, 3432078.583333, 1999871.000000, 2208419.000000
2.066471, 2.156519, 3.545924, 4.358405, 0.594611, 42.361168, 10.642043, 83186.000000, 279567.000000, 2938011.183333, 2057362.000000, 2273401.000000
2.360635, 2.481710, 3.896472, 4.869541, 0.624843, 41.158757, 11.197971, 82442.000000, 289406.000000, 3383611.350000, 2120314.000000, 2340371.000000
2.639516, 2.766215, 4.001980, 4.931471, 0.562105, 52.254928, 10.978095, 82356.000000, 296525.000000, 3662335.116667, 2192403.000000, 2420232.000000
2.210239, 2.288958, 3.589669, 4.397872, 0.612043, 37.890089, 10.611818, 80217.000000, 273065.000000, 2965783.566667, 2254686.000000, 2487605.000000
1.765793, 1.823840, 3.285448, 3.993642, 0.604996, 34.729985, 10.454757, 82163.000000, 265670.000000, 2408002.833333, 2303469.000000, 2541286.000000
2.596905, 2.764541, 3.871825, 4.805375, 0.582359, 43.771773, 10.310415, 83168.000000, 318618.000000, 4487480.983333, 2377616.000000, 2632503.000000
2.712634, 2.827976, 4.268763, 5.309313, 0.594528, 40.978265, 11.929912, 82083.000000, 279711.000000, 3074053.700000, 2446105.000000, 2698067.000000
4.281909, 4.821099, 5.171221, 6.868801, 0.624401, 35.902705, 11.568929, 83204.000000, 509047.000000, 12687085.500000, 2558603.000000, 2937953.000000
7.817763, 8.098253, 6.603823, 8.184998, 0.607229, 46.858890, 12.076267, 82704.000000, 314090.000000, 4536712.800000, 2749292.000000, 3033193.000000
2.756421, 2.873001, 3.987442, 4.898189, 0.629694, 42.904474, 10.586998, 82944.000000, 288363.000000, 3342899.583333, 2827579.000000, 3109549.000000
1.766415, 1.804588, 3.315634, 4.001212, 0.593784, 37.899647, 10.772249, 82311.000000, 265764.000000, 2431112.116667, 2875200.000000, 3162342.000000
1.771057, 1.826202, 3.233445, 3.910388, 0.552017, 36.051336, 10.306171, 81000.000000, 263327.000000, 2423245.316667, 2925591.000000, 3217662.000000
2.387023, 2.510064, 3.700861, 4.535240, 0.630700, 38.119112, 10.296425, 81390.000000, 285934.000000, 3375653.433333, 2994539.000000, 3296096.000000
2.044886, 2.140825, 3.518936, 4.336626, 0.591870, 37.970949, 10.526378, 85018.000000, 287724.000000, 3073966.733333, 3051246.000000, 3359835.000000
3.550892, 3.882094, 4.838432, 6.247184, 0.646811, 36.996262, 11.873949, 82267.000000, 336125.000000, 5433513.150000, 3143290.000000, 3464772.000000
2.282720, 2.265873, 3.720968, 4.439612, 0.599407, 38.919391, 11.461541, 80999.000000, 267381.000000, 2646570.183333, 3203863.000000, 3523801.000000
2.505447, 2.646367, 3.838990, 4.758209, 0.577532, 36.670918, 10.615486, 81248.000000, 290414.000000, 3684025.700000, 3273833.000000, 3604389.000000
4.899221, 5.243761, 5.775492, 7.354759, 0.632701, 44.284817, 13.030670, 80272.000000, 390175.000000, 7956662.466667, 3391738.000000, 3754138.000000
2.955976, 3.129086, 4.177123, 5.195545, 0.636959, 32.587708, 10.805731, 81927.000000, 294287.000000, 3618585.633333, 3474398.000000, 3833484.000000
3.134042, 3.291988, 4.298001, 5.353750, 0.583775, 37.122340, 10.846838, 80208.000000, 292620.000000, 3837143.716667, 3561696.000000, 3916706.000000
2.498093, 2.602039, 4.052076, 5.028057, 0.590572, 44.464894, 11.628612, 79593.000000, 279046.000000, 3327458.716667, 3626045.000000, 3985684.000000
1.600223, 1.661607, 3.220558, 3.954385, 0.656299, 36.277404, 10.890153, 74021.000000, 241473.000000, 2277978.816667, 3667965.000000, 4032396.000000
2.521144, 2.744345, 4.072285, 5.208113, 0.566388, 40.534308, 11.327323, 80996.000000, 311870.000000, 4540975.216667, 3735550.000000, 4123579.000000
6.015786, 6.286760, 5.701205, 7.027478, 0.587621, 37.947933, 10.834278, 81617.000000, 376997.000000, 7346663.900000, 3891889.000000, 4278688.000000
1.720245, 1.791595, 3.242623, 3.953415, 0.601627, 33.781614, 10.472944, 77210.000000, 254300.000000, 2485237.116667, 3939323.000000, 4333222.000000
2.783072, 2.971410, 4.164103, 5.282520, 0.645141, 37.600193, 11.237062, 78914.000000, 296760.000000, 4132470.233333, 4014694.000000, 4416650.000000
2.824050, 3.099968, 4.295197, 5.492242, 0.571824, 35.246757, 11.766296, 79458.000000, 301557.000000, 4283698.316667, 4088953.000000, 4502952.000000
3.223604, 3.266362, 4.219758, 5.142269, 0.637955, 41.518525, 10.638418, 76997.000000, 317062.000000, 5234432.300000, 4178392.000000, 4625338.000000
4.017657, 4.339621, 4.772904, 6.070950, 0.640632, 37.318977, 10.748686, 79087.000000, 305081.000000, 4647185.633333, 4292381.000000, 4724196.000000
6.777026, 7.316509, 7.219064, 9.370061, 0.607318, 41.217503, 15.087276, 77435.000000, 448947.000000, 10750883.866667, 4428206.000000, 4872568.000000
2.001208, 2.075254, 3.495646, 4.289600, 0.583231, 44.053779, 10.730588, 77795.000000, 256834.000000, 2570183.683333, 4483044.000000, 4929458.000000
4.724571, 5.738980, 4.888929, 6.663197, 0.585359, 41.669955, 9.750697, 72766.000000, 372262.000000, 8056267.400000, 4625948.000000, 5095646.000000
3.589956, 3.288635, 4.241528, 5.175392, 0.600936, 36.597027, 11.028449, 79358.000000, 364479.000000, 7041591.900000, 4701665.000000, 5206423.000000
5.672673, 5.865960, 6.168791, 7.636611, 0.563966, 49.036171, 13.434488, 76050.000000, 306865.000000, 4900996.683333, 4831145.000000, 5311507.000000
2.313572, 2.440951, 3.758664, 4.668766, 0.641888, 39.356724, 10.980611, 74895.000000, 262947.000000, 3202488.533333, 4894386.000000, 5382261.000000
3.387756, 4.539776, 4.256191, 6.112972, 0.607579, 33.630377, 9.238774, 75329.000000, 621885.000000, 18407905.950000, 4995642.000000, 5573494.000000
11.176651, 11.225045, 8.724805, 10.757524, 0.553412, 36.330817, 14.965235, 74695.000000, 264668.000000, 3292965.400000, 5133570.000000, 5634562.000000
4.996333, 5.509033, 6.148295, 8.068455, 0.565796, 42.840109, 14.189146, 77003.000000, 400311.000000, 8858647.883333, 5236240.000000, 5768264.000000
2.922149, 3.036510, 4.042622, 4.954504, 0.573297, 40.295987, 10.610574, 86610.000000, 305584.000000, 3800285.966667, 5321385.000000, 5852925.000000
2.508587, 2.614440, 4.026388, 4.991766, 0.641835, 40.129812, 11.464519, 82982.000000, 278592.000000, 2947594.316667, 5385730.000000, 5914505.000000
2.937026, 3.075524, 4.098663, 5.036132, 0.598411, 51.181643, 10.544689, 81727.000000, 301526.000000, 4166402.900000, 5469600.000000, 6009003.000000
2.324083, 2.434948, 3.823947, 4.758970, 0.644424, 55.652952, 11.192221, 75545.000000, 271168.000000, 3485597.200000, 5531376.000000, 6078036.000000
2.801355, 2.990524, 4.344284, 5.532261, 0.612871, 41.753717, 12.168483, 74188.000000, 278808.000000, 3837659.516667, 5602008.000000, 6152497.000000
2.548247, 2.710779, 4.125659, 5.210506, 0.585782, 41.202438, 11.861044, 78326.000000, 287660.000000, 3892696.333333, 5667317.000000, 6229252.000000
2.061774, 2.121922, 3.594769, 4.393089, 0.588727, 39.360133, 11.032774, 78947.000000, 258235.000000, 2519270.450000, 5722744.000000, 6284459.000000
2.559263, 2.714366, 3.847408, 4.760882, 0.589778, 37.432423, 10.361605, 76843.000000, 282392.000000, 3736251.333333, 5796147.000000, 6370777.000000
2.785826, 2.935523, 4.373582, 5.508000, 0.584356, 41.332093, 12.151734, 76246.000000, 287135.000000, 3985980.116667, 5863838.000000, 6444835.000000
2.430174, 2.556018, 3.964285, 4.957357, 0.614686, 37.985906, 11.442138, 74858.000000, 263956.000000, 3230681.633333, 5927497.000000, 6508733.000000
5.035755, 5.519158, 5.714778, 7.421944, 0.638562, 43.296102, 12.194616, 77254.000000, 383727.000000, 8131477.350000, 6057551.000000, 6660662.000000
4.220030, 4.407787, 5.250024, 6.583008, 0.573322, 43.697491, 12.495378, 73525.000000, 323011.000000, 5879286.083333, 6163290.000000, 6774858.000000
1.936907, 2.033328, 3.514776, 4.406956, 0.508663, 48.083017, 11.024678, 73066.000000, 246882.000000, 2669078.066667, 6215479.000000, 6830416.000000
2.020694, 2.130648, 3.569150, 4.431317, 0.650768, 38.454086, 10.934603, 73024.000000, 251697.000000, 2891897.516667, 6270035.000000, 6894269.000000
3.926770, 4.147739, 4.832723, 6.026783, 0.675227, 38.903382, 11.278400, 72640.000000, 405930.000000, 9461641.316667, 6375885.000000, 7078179.000000
5.996970, 6.363621, 5.814906, 7.263444, 0.609330, 38.200816, 11.210409, 75147.000000, 279512.000000, 3846915.200000, 6522010.000000, 7165306.000000
2.983915, 3.123148, 4.123139, 5.091413, 0.658890, 40.892658, 10.711016, 71877.000000, 267996.000000, 3658003.466667, 6605359.000000, 7248177.000000
1.990407, 2.132762, 3.505195, 4.429547, 0.638782, 39.172848, 10.858281, 72824.000000, 260757.000000, 3290192.800000, 6659790.000000, 7315019.000000
1.912576, 1.953987, 3.455602, 4.211180, 0.617291, 32.339817, 11.113509, 73515.000000, 236226.000000, 2220458.166667, 6710329.000000, 7361672.000000
2.759412, 2.988981, 4.430673, 5.722097, 0.613329, 46.920686, 12.699725, 69280.000000, 290920.000000, 4973463.350000, 6776643.000000, 7448289.000000
2.710741, 2.825987, 4.004275, 4.930556, 0.660857, 40.108732, 10.943741, 72930.000000, 259216.000000, 3184793.183333, 6851953.000000, 7521299.000000
4.031603, 4.335485, 5.148236, 6.546933, 0.653837, 36.921324, 12.159489, 75041.000000, 333717.000000, 6091218.066667, 6955268.000000, 7637895.000000
2.149014, 2.223621, 3.622991, 4.458537, 0.614864, 40.242512, 11.017533, 72628.000000, 256067.000000, 3124914.683333, 7013663.000000, 7701866.000000
2.616482, 2.789449, 4.018682, 5.067523, 0.592417, 43.931513, 10.937657, 73162.000000, 267574.000000, 3566931.933333, 7084390.000000, 7779191.000000
2.095090, 2.166614, 3.624379, 4.434343, 0.535243, 41.151893, 11.067778, 74741.000000, 270406.000000, 3464915.833333, 7140539.000000, 7854329.000000
2.850652, 2.992909, 4.105808, 5.088770, 0.602870, 38.467987, 10.922567, 73183.000000, 258442.000000, 3164590.400000, 7219283.000000, 7923666.000000
1.940615, 2.046370, 3.493195, 4.381186, 0.624330, 40.684865, 10.826316, 71486.000000, 248274.000000, 2866196.150000, 7272164.000000, 7985633.000000
1.941940, 2.072178, 3.484767, 4.381479, 0.587612, 34.328483, 11.043397, 74429.000000, 270358.000000, 3513197.783333, 7324315.000000, 8050847.000000
2.914138, 3.098530, 4.468056, 5.693698, 0.549270, 41.548212, 12.784408, 71209.000000, 270755.000000, 3812848.566667, 7394936.000000, 8121286.000000
4.381914, 5.399058, 5.492379, 7.864706, 0.583722, 37.242967, 12.493370, 73115.000000, 388342.000000, 8749467.133333, 7494702.000000, 8248074.000000
3.486405, 3.083555, 4.742642, 5.523250, 0.613888, 37.042082, 14.736508, 73740.000000, 269530.000000, 3524845.366667, 7565558.000000, 8314157.000000
2.181651, 2.307158, 3.533762, 4.389572, 0.593215, 36.831829, 10.250313, 72888.000000, 270780.000000, 3725318.766667, 7628686.000000, 8395666.000000
3.955006, 4.251746, 5.152476, 6.600135, 0.596019, 41.160732, 12.590077, 71123.000000, 304923.000000, 5408766.283333, 7725321.000000, 8492490.000000
2.132911, 2.268941, 3.670152, 4.664751, 0.613749, 45.645174, 11.405572, 71207.000000, 249510.000000, 3035066.350000, 7781415.000000, 8553718.000000
2.450881, 2.583770, 3.837228, 4.788478, 0.554272, 44.621488, 11.122667, 69660.000000, 262596.000000, 3750495.733333, 7848740.000000, 8633358.000000
2.879950, 3.046572, 4.190686, 5.252537, 0.638672, 34.729899, 11.321785, 71101.000000, 277427.000000, 4222114.383333, 7926787.000000, 8728022.000000
9.735639, 10.282245, 7.168262, 8.916835, 0.653713, 36.345435, 11.336037, 68920.000000, 452365.000000, 11918085.016667, 8124115.000000, 8917390.000000
2.622774, 2.952605, 4.063091, 5.296365, 0.599244, 43.028214, 11.067627, 74181.000000, 325530.000000, 5931350.133333, 8196535.000000, 9025428.000000
3.200588, 3.251946, 4.620687, 5.762436, 0.615238, 34.985556, 12.409950, 68148.000000, 233825.000000, 2649529.900000, 8271776.000000, 9082511.000000
1.656421, 1.727039, 3.152869, 3.884880, 0.566563, 48.917544, 10.605416, 68472.000000, 231805.000000, 2492492.383333, 8316926.000000, 9136582.000000
2.460266, 2.613448, 4.020891, 5.103051, 0.577902, 41.777760, 11.776788, 69949.000000, 259861.000000, 3572325.250000, 8380442.000000, 9202445.000000
1.642753, 1.711811, 3.196412, 3.939549, 0.560652, 42.689595, 10.913291, 69256.000000, 229249.000000, 2291175.400000, 8424603.000000, 9251029.000000
1.948006, 2.062654, 3.480509, 4.333227, 0.596299, 31.229166, 10.852045, 71792.000000, 262003.000000, 3439130.566667, 8476466.000000, 9316804.000000
6.182567, 6.576869, 6.144165, 7.749109, 0.562933, 37.782456, 12.084425, 73061.000000, 372669.000000, 8017211.283333, 8625893.000000, 9470924.000000
4.040207, 4.399303, 5.292583, 6.820875, 0.613737, 37.756088, 12.782277, 71955.000000, 332787.000000, 6476822.666667, 8722695.000000, 9581629.000000
4.110408, 4.507788, 5.342544, 7.024177, 0.637719, 41.989972, 12.985904, 66710.000000, 323740.000000, 6673360.683333, 8817890.000000, 9692859.000000
2.787987, 2.870703, 4.200119, 5.192492, 0.582988, 42.270391, 11.965722, 68983.000000, 264928.000000, 3835846.133333, 8890368.000000, 9773959.000000
1.962739, 2.060674, 3.554371, 4.415673, 0.654574, 37.741927, 11.058227, 68483.000000, 231563.000000, 2529734.783333, 8941991.000000, 9826236.000000
2.088103, 2.197777, 3.605757, 4.471644, 0.583195, 37.088548, 10.968553, 71403.000000, 264859.000000, 3748654.816667, 8998136.000000, 9906534.000000
2.415599, 2.519027, 3.887047, 4.834136, 0.606404, 44.841371, 11.144374, 71861.000000, 240638.000000, 2554866.166667, 9063112.000000, 9957403.000000
1.410085, 1.526277, 3.008971, 3.857905, 0.566083, 45.510633, 10.812887, 69561.000000, 228377.000000, 2188270.966667, 9100099.000000, 9998930.000000
2.461500, 2.932651, 3.971248, 5.499598, 0.639541, 39.294312, 11.611109, 69811.000000, 292825.000000, 4969851.566667, 9163774.000000, 10086094.000000
3.654475, 3.586369, 4.974357, 6.070287, 0.621549, 46.736167, 13.515492, 67391.000000, 268152.000000, 4234536.700000, 9246748.000000, 10164554.000000
2.584100, 2.706490, 3.854461, 4.757833, 0.603957, 36.437819, 10.705536, 72244.000000, 262469.000000, 3444981.633333, 9320964.000000, 10243067.000000
1.673851, 1.769013, 3.173455, 3.942924, 0.586384, 38.638416, 10.530301, 65493.000000, 312849.000000, 6238427.100000, 9366614.000000, 10345361.000000
4.121822, 4.466054, 5.432895, 6.975012, 0.572829, 36.690439, 13.375290, 69875.000000, 252020.000000, 3284250.583333, 9463392.000000, 10416448.000000
2.741829, 2.861560, 4.213429, 5.269479, 0.617695, 42.809305, 11.927013, 67386.000000, 254799.000000, 3567871.033333, 9533356.000000, 10485113.000000
1.733952, 1.832482, 3.246072, 4.017505, 0.574194, 38.671758, 10.650726, 67773.000000, 226046.000000, 2390615.833333, 9581681.000000, 10538952.000000
2.790791, 2.908989, 4.048057, 4.991886, 0.642401, 38.821915, 10.754231, 69158.000000, 261300.000000, 3698478.983333, 9659448.000000, 10621757.000000
1.955778, 2.106732, 3.548291, 4.494521, 0.585184, 39.981047, 10.985780, 68464.000000, 249647.000000, 3223452.483333, 9711732.000000, 10689718.000000
