(0, [1, 2, 3, 4, 5, 6, 7, 8, 9, 10, 11, 12, 13, 14, 15, 16, 17, 18, 19, 20, 21, 22, 23, 24, 25, 26, 27, 28, 29, 30, 31, 32, 33, 34, 35, 36, 37, 38, 39, 40, 41, 42, 43, 44, 45, 46, 47, 48, 49, 50, 51, 52, 53, 54, 55, 56, 57, 58, 59, 60, 61, 62, 63, 64, 65, 66, 67, 68, 69, 70, 71, 72, 73, 74, 75, 76, 77, 78, 79, 80, 81, 82, 83, 84, 85, 86, 87, 88, 89, 90, 91, 92, 93, 94, 95, 96, 97, 98, 99, 100, 101, 102, 103, 104, 105, 106, 107, 108, 109, 110, 111, 112, 113, 114, 115, 116, 117, 118, 119, 120, 121, 122, 123, 124, 125, 126, 127, 128, 129, 130, 131, 132, 133, 134, 135, 136, 137, 138, 139, 140, 141, 142, 143, 144, 145, 146, 147, 148, 149, 150, 151, 152, 153, 154, 155, 156, 157, 158, 159, 160, 161, 162, 163, 164, 165, 166, 167, 168, 169, 170, 171, 172, 173, 174, 175, 176, 177, 178, 179, 180, 181, 182, 183, 184, 185, 186, 187, 188, 189, 190, 191, 192, 193, 194, 195, 196, 197, 198, 199])
('see tree size:', 199, 7, 63)
(0.81470084869217285, 0.009837579578739597, 0.78539816339744828, 28, 63, 7, 28, 199)
(54, [127, 195, 173, 108, 191, 70, 87, 156, 92, 56, 114, 119, 33, 94, 45, 47, 10, 166, 1, 76, 81, 57, 133, 122, 71, 115, 53, 22])
('see tree size:', 28, 6, 31)
(5.0755571254603691, 0.0054902071552676889, 1.0471975511965976, 21, 31, 6, 21, 28)
(108, [70, 119, 56, 114, 92, 33, 94, 45, 47, 166, 1, 76, 81, 57, 133, 53, 115, 122, 71, 22, 87])
('see tree size:', 21, 5, 15)
(0.94801459975071278, 0.15955126748378773, 1.0471975511965976, 15, 15, 5, 15, 21)
(119, [87, 92, 56, 114, 33, 94, 70, 45, 47, 76, 81, 133, 57, 1, 53])
('see tree size:', 15, 4, 7)
(0.90528534078867262, 0.10092047198626364, 1.0471975511965976, 7, 7, 4, 7, 15)
(56, [92, 114, 33, 94, 45, 47, 76])
('see tree size:', 7, 3, 3)
(0.80556395494669919, 0.24884517490755367, 1.0471975511965976, 3, 3, 3, 3, 7)
(114, [33, 94, 92])
('see tree size:', 3, 2, 1)
(0.60805844693465672, 0.16952346149408629, 1.0471975511965976, 1, 1, 2, 1, 3)
(33, [92])
('see tree size:', 1, 1, 0)
33(5.995792, 8.931464) connects 92(5.737780, 9.620613), at distance 0.000000(0.169523), angle
(0.65005059183451575, 0.65005059183451575, 1.0471975511965976, 1, 1, 2, 2, 3)
Traceback (most recent call last):
  File "DHTree.py", line 223, in <module>
    main()
  File "DHTree.py", line 217, in main
    tree.get_tree(math.pi / 3, math.pi / 4, 2, 7)
  File "DHTree.py", line 46, in get_tree
    self.build_tree(index, self.V[0], self.h) 
  File "DHTree.py", line 115, in build_tree
    self.build_tree(curIndex[1:], self.V[curIndex[0]], curH - 1)         
  File "DHTree.py", line 115, in build_tree
    self.build_tree(curIndex[1:], self.V[curIndex[0]], curH - 1)         
  File "DHTree.py", line 115, in build_tree
    self.build_tree(curIndex[1:], self.V[curIndex[0]], curH - 1)         
  File "DHTree.py", line 115, in build_tree
    self.build_tree(curIndex[1:], self.V[curIndex[0]], curH - 1)         
  File "DHTree.py", line 115, in build_tree
    self.build_tree(curIndex[1:], self.V[curIndex[0]], curH - 1)         
  File "DHTree.py", line 109, in build_tree
    tmp = curIndex[cvi]
IndexError: list index out of range
