('ladygaga', 14230524, 1, 0, 1406407222494153181L)
('ladygaga', 14230524, 2, -1406407220252339040L, 1406401448798867649L)
('ladygaga', 14230524, 3, -1406401447803430688L, 1406395258546028494L)
('ladygaga', 14230524, 4, -1406395258390577361L, 1406390044602374091L)
('ladygaga', 14230524, 5, -1406390042116399743L, 1406383473995236952L)
('ladygaga', 14230524, 6, -1406383472052993278L, 1406375149178988751L)
('ladygaga', 14230524, 7, -1406375145230198223L, 1406365853809419985L)
('ladygaga', 14230524, 8, -1406365853184322474L, 1406356619938492504L)
('ladygaga', 14230524, 9, -1406356618268006975L, 1406348590736945252L)
('ladygaga', 14230524, 10, -1406348590206784871L, 1406341068048828666L)
('ladygaga', 14230524, 11, -1406341067511447327L, 1406332698297024724L)
('ladygaga', 14230524, 12, -1406332696802605991L, 1406325291172686243L)
('ladygaga', 14230524, 13, -1406325289491493087L, 1406318902623658320L)
('ladygaga', 14230524, 14, -1406318901303535614L, 1406311679700102360L)
('ladygaga', 14230524, 15, -1406311677492580045L, 1406304997304886427L)
('ladygaga', 14230524, 16, -1406304997076899032L, 1406298264482953700L)
('ladygaga', 14230524, 17, -1406298260622377232L, 1406290951406805732L)
('ladygaga', 14230524, 18, -1406290949793561767L, 1406281879955252405L)
('ladygaga', 14230524, 19, -1406281870057638017L, 1406271916740933387L)
('ladygaga', 14230524, 20, -1406271914810719075L, 1406262843204519721L)
('ladygaga', 14230524, 21, -1406262840285213468L, 1406254452785929716L)
('ladygaga', 14230524, 22, -1406254451051683896L, 1406245296539781143L)
('ladygaga', 14230524, 23, -1406245295829216362L, 1406236812321901399L)
('ladygaga', 14230524, 24, -1406236811159318895L, 1406228986232537075L)
('ladygaga', 14230524, 25, -1406228983606432387L, 1406221622972416133L)
('ladygaga', 14230524, 26, -1406221622076917893L, 1406213928575332110L)
('ladygaga', 14230524, 27, -1406213928339392987L, 1406206651391855274L)
('ladygaga', 14230524, 28, -1406206650133513247L, 1406197928909345465L)
('ladygaga', 14230524, 29, -1406197927336902964L, 1406188094570944845L)
('ladygaga', 14230524, 30, -1406188094395311011L, 1406178635921339446L)
('ladygaga', 14230524, 31, -1406178635133396197L, 1406170401032187947L)
('ladygaga', 14230524, 32, -1406170400961519512L, 1406162502111403885L)
('ladygaga', 14230524, 33, -1406162501841557098L, 1406154221853833674L)
('ladygaga', 14230524, 34, -1406154221109412954L, 1406146368957004984L)
('ladygaga', 14230524, 35, -1406146366685573719L, 1406139644318511630L)
('ladygaga', 14230524, 36, -1406139641534200816L, 1406133416405781165L)
('ladygaga', 14230524, 37, -1406133415775185159L, 1406126526922008405L)
('ladygaga', 14230524, 38, -1406126524682222579L, 1406119455788412491L)
('ladygaga', 14230524, 39, -1406119455677996413L, 1406112561986509968L)
('ladygaga', 14230524, 40, -1406112561817738760L, 1406103691132568414L)
('ladygaga', 14230524, 41, -1406103689903678795L, 1406093846095888875L)
('ladygaga', 14230524, 42, -1406093844615403988L, 1406084201651207670L)
('ladygaga', 14230524, 43, -1406084199835752920L, 1406075202322131216L)
('ladygaga', 14230524, 44, -1406075202260788464L, 1406066925656025272L)
('ladygaga', 14230524, 45, -1406066925065997654L, 1406057698791446944L)
('ladygaga', 14230524, 46, -1406057695844260715L, 1406050533002996689L)
('ladygaga', 14230524, 47, -1406050530941118581L, 1406043753695782343L)
('ladygaga', 14230524, 48, -1406043752956045072L, 1406037251251788135L)
('ladygaga', 14230524, 49, -1406037250452831487L, 1406030518186391672L)
('ladygaga', 14230524, 50, -1406030516979274769L, 1406023289064023067L)
('ladygaga', 14230524, 51, -1406023284987793023L, 1406014751585484254L)
('ladygaga', 14230524, 52, -1406014750878342769L, 1406005809345677334L)
('ladygaga', 14230524, 53, -1406005808477431253L, 1405996400478586444L)
('ladygaga', 14230524, 54, -1405996400338080338L, 1405987952150813557L)
('ladygaga', 14230524, 55, -1405987950016528275L, 1405980017142866452L)
('ladygaga', 14230524, 56, -1405980016373598150L, 1405971859317936567L)
('ladygaga', 14230524, 57, -1405971857576181979L, 1405964335343739075L)
('ladygaga', 14230524, 58, -1405964335183015675L, 1405957832898401412L)
('ladygaga', 14230524, 59, -1405957832578044147L, 1405951346859059313L)
('ladygaga', 14230524, 60, -1405951345649058656L, 1405944323196436911L)
('ladygaga', 14230524, 61, -1405944317613664571L, 1405937460657517013L)
('ladygaga', 14230524, 62, -1405937457822234772L, 1405929855735053499L)
('ladygaga', 14230524, 63, -1405929854259279960L, 1405920542643162468L)
('ladygaga', 14230524, 64, -1405920541188831901L, 1405910499048238135L)
('ladygaga', 14230524, 65, -1405910497671530150L, 1405900911215857769L)
('ladygaga', 14230524, 66, -1405900906705510649L, 1405892646385409886L)
('ladygaga', 14230524, 67, -1405892644440889114L, 1405884220033324564L)
('ladygaga', 14230524, 68, -1405884220006334240L, 1405876449463355167L)
('ladygaga', 14230524, 69, -1405876448603987386L, 1405869572451765327L)
('ladygaga', 14230524, 70, -1405869571380563303L, 1405863081997230653L)
('ladygaga', 14230524, 71, -1405863079898897947L, 1405856468909275696L)
('ladygaga', 14230524, 72, -1405856465201797271L, 1405849826400472262L)
('ladygaga', 14230524, 73, -1405849824340462375L, 1405842891973914815L)
('ladygaga', 14230524, 74, -1405842891399460907L, 1405835189960104784L)
('ladygaga', 14230524, 75, -1405835189945474834L, 1405825768651464863L)
('ladygaga', 14230524, 76, -1405825764652351498L, 1405815641387097815L)
('ladygaga', 14230524, 77, -1405815640880942107L, 1405806935155496197L)
('ladygaga', 14230524, 78, -1405806931105460467L, 1405798826536340295L)
('ladygaga', 14230524, 79, -1405798825750849864L, 1405790661190446867L)
('ladygaga', 14230524, 80, -1405790660654016207L, 1405783164167658355L)
('ladygaga', 14230524, 81, -1405783164167165605L, 1405776511589683042L)
('ladygaga', 14230524, 82, -1405776508548786961L, 1405769999214961093L)
('ladygaga', 14230524, 83, -1405769998924368418L, 1405763381561216451L)
('ladygaga', 14230524, 84, -1405763380483889089L, 1405756647275174813L)
('ladygaga', 14230524, 85, -1405756647251704904L, 1405749277728114751L)
('ladygaga', 14230524, 86, -1405749277332370301L, 1405740333076366639L)
('ladygaga', 14230524, 87, -1405740329622402153L, 1405730051104131874L)
('ladygaga', 14230524, 88, -1405730049155808649L, 1405719935092133105L)
('ladygaga', 14230524, 89, -1405719934988218894L, 1405711296834886922L)
('ladygaga', 14230524, 90, -1405711293656291226L, 1405703036485223384L)
('ladygaga', 14230524, 91, -1405703032163907270L, 1405694665977976505L)
('ladygaga', 14230524, 92, -1405694665042092176L, 1405687497760717793L)
('ladygaga', 14230524, 93, -1405687497199711704L, 1405680699086285974L)
('ladygaga', 14230524, 94, -1405680698692527075L, 1405673910715159922L)
('ladygaga', 14230524, 95, -1405673909328616552L, 1405666900393845709L)
('ladygaga', 14230524, 96, -1405666899604747776L, 1405659405495767005L)
('ladygaga', 14230524, 97, -1405659403442451682L, 1405650372374683065L)
('ladygaga', 14230524, 98, -1405650372098301891L, 1405640883054441361L)
('ladygaga', 14230524, 99, -1405640870823636154L, 1405631157824521823L)
('ladygaga', 14230524, 100, -1405631155019953584L, 1405622317771033795L)
('ladygaga', 14230524, 101, -1405622317335872959L, 1405613633526495555L)
('ladygaga', 14230524, 102, -1405613629677254724L, 1405605032820745190L)
('ladygaga', 14230524, 103, -1405605032266446532L, 1405597720031195645L)
('ladygaga', 14230524, 104, -1405597718679598435L, 1405590795379308112L)
('ladygaga', 14230524, 105, -1405590794680913289L, 1405583720652621410L)
('ladygaga', 14230524, 106, -1405583718118301397L, 1405576509567956665L)
('ladygaga', 14230524, 107, -1405576508885347320L, 1405569330579404264L)
('ladygaga', 14230524, 108, -1405569330079852835L, 1405560024005173902L)
('ladygaga', 14230524, 109, -1405560022629509964L, 1405550606854910567L)
('ladygaga', 14230524, 110, -1405550606410604616L, 1405540792347677574L)
('ladygaga', 14230524, 111, -1405540791710775088L, 1405532290686914000L)
('ladygaga', 14230524, 112, -1405532286782499414L, 1405523910396472170L)
('ladygaga', 14230524, 113, -1405523906458516465L, 1405516085744396029L)
('ladygaga', 14230524, 114, -1405516082983625137L, 1405508888613268535L)
('ladygaga', 14230524, 115, -1405508888604748004L, 1405502260029416329L)
('ladygaga', 14230524, 116, -1405502258635052370L, 1405495646868371943L)
('ladygaga', 14230524, 117, -1405495645723955243L, 1405489147941487823L)
('ladygaga', 14230524, 118, -1405489145620877842L, 1405482607160047640L)
('ladygaga', 14230524, 119, -1405482606256265680L, 1405475393296771252L)
('ladygaga', 14230524, 120, -1405475392567012591L, 1405466396853437552L)
('ladygaga', 14230524, 121, -1405466396234394184L, 1405457204310952454L)
('ladygaga', 14230524, 122, -1405457204250081874L, 1405448387421899476L)
('ladygaga', 14230524, 123, -1405448386825452471L, 1405440495299315096L)
('ladygaga', 14230524, 124, -1405440495020937903L, 1405432687871414297L)
('ladygaga', 14230524, 125, -1405432684137808633L, 1405425097600000954L)
('ladygaga', 14230524, 126, -1405425096226521673L, 1405418028475064099L)
('ladygaga', 14230524, 127, -1405418028354182175L, 1405410038908777383L)
('ladygaga', 14230524, 128, -1405410038301811198L, 1405397149620246904L)
('ladygaga', 14230524, 129, -1405397145109653509L, 1405390216368886465L)
('ladygaga', 14230524, 130, -1405390215844855506L, 1405382151674797536L)
('ladygaga', 14230524, 131, -1405382149588195407L, 1405372411862528061L)
('ladygaga', 14230524, 132, -1405372411254026115L, 1405362339921161840L)
('ladygaga', 14230524, 133, -1405362338873334427L, 1405353468060233127L)
('ladygaga', 14230524, 134, -1405353467412089714L, 1405345329322525264L)
('ladygaga', 14230524, 135, -1405345327504209947L, 1405336985298215905L)
('ladygaga', 14230524, 136, -1405336984701271147L, 1405329947408202073L)
('ladygaga', 14230524, 137, -1405329947340995059L, 1405323296467687707L)
('ladygaga', 14230524, 138, -1405323296291826158L, 1405316764077533334L)
('ladygaga', 14230524, 139, -1405316763323104745L, 1405310102928107360L)
('ladygaga', 14230524, 140, -1405310102887611874L, 1405303660613390375L)
('ladygaga', 14230524, 141, -1405303659505026228L, 1405296989262786870L)
('ladygaga', 14230524, 142, -1405296988851659036L, 1405289242553516996L)
('ladygaga', 14230524, 143, -1405289242019982791L, 1405281245138584030L)
('ladygaga', 14230524, 144, -1405281244758907311L, 1405271609584156187L)
('ladygaga', 14230524, 145, -1405271608258745536L, 1405265520048749675L)
('ladygaga', 14230524, 146, -1405265519346809201L, 1405257348192881472L)
('ladygaga', 14230524, 147, -1405257347963276331L, 1405249112707373128L)
('ladygaga', 14230524, 148, -1405249112288942681L, 1405241399349712798L)
('ladygaga', 14230524, 149, -1405241396126370070L, 1405234836083170686L)
('ladygaga', 14230524, 150, -1405234835791310063L, 1405228621801585789L)
('ladygaga', 14230524, 151, -1405228621781663120L, 1405222096041778467L)
('ladygaga', 14230524, 152, -1405222094927649823L, 1405215338555123883L)
('ladygaga', 14230524, 153, -1405215338095581559L, 1405208271749799477L)
('ladygaga', 14230524, 154, -1405208271058624661L, 1405200464581221270L)
('ladygaga', 14230524, 155, -1405200462368297602L, 1405190968010285861L)
('ladygaga', 14230524, 156, -1405190966719965434L, 1405181680055432661L)
('ladygaga', 14230524, 157, -1405181679528728080L, 1405172930627649455L)
('ladygaga', 14230524, 158, -1405172930193940364L, 1405164926432006485L)
('ladygaga', 14230524, 159, -1405164924041365321L, 1405156533196319948L)
('ladygaga', 14230524, 160, -1405156532298300153L, 1405149521665913948L)
('ladygaga', 14230524, 161, -1405149520715085481L, 1405143203831208720L)
('ladygaga', 14230524, 162, -1405143203462252801L, 1405137079787911220L)
('ladygaga', 14230524, 163, -1405137077938561673L, 1405130785824217163L)
('ladygaga', 14230524, 164, -1405130783363590936L, 1405124285437179005L)
('ladygaga', 14230524, 165, -1405124285429350588L, 1405117584124723952L)
('ladygaga', 14230524, 166, -1405117583996485981L, 1405110410654830752L)
('ladygaga', 14230524, 167, -1405110408063744830L, 1405101373667091765L)
('ladygaga', 14230524, 168, -1405101365354451928L, 1405091848705435930L)
('ladygaga', 14230524, 169, -1405091847744582757L, 1405082915441611693L)
('ladygaga', 14230524, 170, -1405082909381594215L, 1405074790890498971L)
('ladygaga', 14230524, 171, -1405074784070085546L, 1405066758657504611L)
('ladygaga', 14230524, 172, -1405066758076142952L, 1405059037008633985L)
('ladygaga', 14230524, 173, -1405059035319973657L, 1405052353141721097L)
('ladygaga', 14230524, 174, -1405052347349058104L, 1405045504046600435L)
('ladygaga', 14230524, 175, -1405045503314640280L, 1405038795641977949L)
('ladygaga', 14230524, 176, -1405038793687898335L, 1405031744747558606L)
('ladygaga', 14230524, 177, -1405031742668637247L, 1405024453017519886L)
('ladygaga', 14230524, 178, -1405024452810802842L, 1405015716108809741L)
('ladygaga', 14230524, 179, -1405015712610451411L, 1405006157903425379L)
('ladygaga', 14230524, 180, -1405006156848226106L, 1404996217791974679L)
('ladygaga', 14230524, 181, -1404996214930791834L, 1404987764190911690L)
('ladygaga', 14230524, 182, -1404987763838217666L, 1404979198328762417L)
('ladygaga', 14230524, 183, -1404979194857030339L, 1404970826973736983L)
('ladygaga', 14230524, 184, -1404970825968422855L, 1404963522411719008L)
('ladygaga', 14230524, 185, -1404963521946502704L, 1404956522398923365L)
('ladygaga', 14230524, 186, -1404956521645289477L, 1404949864657838823L)
('ladygaga', 14230524, 187, -1404949863190931416L, 1404943298965784464L)
('ladygaga', 14230524, 188, -1404943298908751542L, 1404936751219644761L)
('ladygaga', 14230524, 189, -1404936751161775849L, 1404928816570197714L)
('ladygaga', 14230524, 190, -1404928816453958396L, 1404919766391742036L)
('ladygaga', 14230524, 191, -1404919764822836160L, 1404910300427240329L)
('ladygaga', 14230524, 192, -1404910299749876112L, 1404901545692457177L)
('ladygaga', 14230524, 193, -1404901544515644777L, 1404893349001706546L)
('ladygaga', 14230524, 194, -1404893346833482556L, 1404884285443046516L)
('ladygaga', 14230524, 195, -1404884283615316662L, 1404876350930292013L)
('ladygaga', 14230524, 196, -1404876347990294750L, 1404869472442361365L)
('ladygaga', 14230524, 197, -1404869471829645636L, 1404862544484585020L)
('ladygaga', 14230524, 198, -1404862542377866413L, 1404855797862420537L)
('ladygaga', 14230524, 199, -1404855794984832174L, 1404849029058099373L)
('ladygaga', 14230524, 200, -1404849027759084767L, 1404841912899972143L)
('ladygaga', 14230524, 201, -1404841911795430916L, 1404832662597821065L)
('ladygaga', 14230524, 202, -1404832660905083365L, 1404822755912822808L)
('ladygaga', 14230524, 203, -1404822754991126774L, 1404812980853072846L)
('ladygaga', 14230524, 204, -1404812977416584129L, 1404804436587393151L)
('ladygaga', 14230524, 205, -1404804436354563259L, 1404796078980717746L)
('ladygaga', 14230524, 206, -1404796077340811822L, 1404788375568761771L)
('ladygaga', 14230524, 207, -1404788375422164857L, 1404781065073821183L)
('ladygaga', 14230524, 208, -1404781064141965493L, 1404774131778591102L)
('ladygaga', 14230524, 209, -1404774131366774000L, 1404766989560250468L)
('ladygaga', 14230524, 210, -1404766987598779511L, 1404759155029300283L)
('ladygaga', 14230524, 211, -1404759153688890572L, 1404751545897989601L)
('ladygaga', 14230524, 212, -1404751545315929585L, 1404742373127297170L)
('ladygaga', 14230524, 213, -1404742372964243445L, 1404732732306879642L)
('ladygaga', 14230524, 214, -1404732732226286050L, 1404723084232529315L)
('ladygaga', 14230524, 215, -1404723080807846427L, 1404714547253650656L)
('ladygaga', 14230524, 216, -1404714546668553618L, 1404706086608521176L)
('ladygaga', 14230524, 217, -1404706084359629552L, 1404698435867979042L)
('ladygaga', 14230524, 218, -1404698434878843784L, 1404691878922216533L)
('ladygaga', 14230524, 219, -1404691878112890767L, 1404686716311704584L)
('ladygaga', 14230524, 220, -1404686715239428659L, 1404681346740708420L)
Traceback (most recent call last):
  File "TwitterCrawler.py", line 157, in <module>
    main()
  File "TwitterCrawler.py", line 152, in main
    crawler.get_all_follower_id('sample.txt')
  File "TwitterCrawler.py", line 139, in get_all_follower_id
    self.get_follower_id(screenName, userID, offset, cursor) 
  File "TwitterCrawler.py", line 105, in get_follower_id
    (pCursor,nCursor,ids) = self.get_one_page_id(screenName,cursor)
  File "TwitterCrawler.py", line 116, in get_one_page_id
    res = self.open_url_followerID(url,screenName) 
  File "TwitterCrawler.py", line 40, in open_url_followerID
    self.logFile.write(e.strerror)
TypeError: argument 1 must be string or read-only character buffer, not None
