before while
In while
*******************removed 2901 duplicate users
('++++++++++++++', 'ladygaga', 388, 5295, 2099)
('get_user_info: ', 'user_id')
('get_user_info: ', 'user_id', 'user_id')
Crawling 100 users
https://api.twitter.com/1/users/lookup.json?user_id=595412688,139699785,595399848,589041523,588887298,202644255,595397724,131926632,515754535,595314968,595399998,595315826,595312885,595245137,110193127,595396740,580851267,595315673,595260284,160665873,595320865,595399083,130094833,595389117,549325831,595316840,594968069,594851266,406263727,404624535,595398510,375316397,232049537,587276819,577137140,595397955,595313357,595391001,595315810,138767650,595319620,115553053,235107754,595314064,589750623,571854683,585315155,595314580,595318969,595309318,593712002,595318639,595397100,595397511,594628431,594040754,595318318,595315100,595397697,595315388,595005624,595315229,477978229,595374876,333161163,582554028,595313846,595397550,595318507,336614647,595300201,595314661,595314152,595316887,595314485,595396011,508630333,595395945,595397151,592482462,509008360,205238549,422243902,595396779,595314386,322532786,595318042,377905948,595395549,595312120,141554041,400607685,394961115,595389678,595396863,595316320,499990913,595314029,595302422,595317904
('https://api.twitter.com/1/users/lookup.json?user_id=595412688,139699785,595399848,589041523,588887298,202644255,595397724,131926632,515754535,595314968,595399998,595315826,595312885,595245137,110193127,595396740,580851267,595315673,595260284,160665873,595320865,595399083,130094833,595389117,549325831,595316840,594968069,594851266,406263727,404624535,595398510,375316397,232049537,587276819,577137140,595397955,595313357,595391001,595315810,138767650,595319620,115553053,235107754,595314064,589750623,571854683,585315155,595314580,595318969,595309318,593712002,595318639,595397100,595397511,594628431,594040754,595318318,595315100,595397697,595315388,595005624,595315229,477978229,595374876,333161163,582554028,595313846,595397550,595318507,336614647,595300201,595314661,595314152,595316887,595314485,595396011,508630333,595395945,595397151,592482462,509008360,205238549,422243902,595396779,595314386,322532786,595318042,377905948,595395549,595312120,141554041,400607685,394961115,595389678,595396863,595316320,499990913,595314029,595302422,595317904', 1)
Traceback (most recent call last):
  File "TwitterFollowerCrawler.py", line 71, in <module>
    main()
  File "TwitterFollowerCrawler.py", line 68, in main
    crawler.handle_all_followee(names)
  File "TwitterFollowerCrawler.py", line 58, in handle_all_followee
    self.handle_one_followee(screenName)
  File "TwitterFollowerCrawler.py", line 53, in handle_one_followee
    self.userCrawler.get_user_info(listFollowers, parameter = 'user_id')
  File "/home/tarek/shenli3/project/Centaur/src/crawler/TwitterUserCrawler.py", line 31, in get_user_info
    self.store_users(res)
  File "/home/tarek/shenli3/project/Centaur/src/crawler/TwitterUserCrawler.py", line 45, in store_users
    self.dataStore.store_user(id, screenName, folNum, loc)
  File "/home/tarek/shenli3/project/Centaur/src/crawler/MySQLDataStore.py", line 249, in store_user
    c.execute(cmd)
  File "/usr/lib/python2.6/site-packages/MySQLdb/cursors.py", line 174, in execute
    self.errorhandler(self, exc, value)
  File "/usr/lib/python2.6/site-packages/MySQLdb/connections.py", line 36, in defaulterrorhandler
    raise errorclass, errorvalue
_mysql_exceptions.ProgrammingError: (1064, "You have an error in your SQL syntax; check the manual that corresponds to your MySQL server version for the right syntax to use near 'ka', 2, 'Little Rock ')' at line 1")
